#
# There is insufficient memory for the Java Runtime Environment to continue.
# Native memory allocation (malloc) failed to allocate 239599616 bytes for committing reserved memory.
# Possible reasons:
#   The system is out of physical RAM or swap space
#   In 32 bit mode, the process size limit was hit
# Possible solutions:
#   Reduce memory load on the system
#   Increase physical memory or swap space
#   Check if swap backing store is full
#   Use 64 bit Java on a 64 bit OS
#   Decrease Java heap size (-Xmx/-Xms)
#   Decrease number of Java threads
#   Decrease Java thread stack sizes (-Xss)
#   Set larger code cache with -XX:ReservedCodeCacheSize=
# This output file may be truncated or incomplete.
#
#  Out of Memory Error (os_linux.cpp:2747), pid=14523, tid=140349054879488
#
# JRE version: Java(TM) SE Runtime Environment (7.0_60-b19) (build 1.7.0_60-b19)
# Java VM: Java HotSpot(TM) 64-Bit Server VM (24.60-b09 mixed mode linux-amd64 compressed oops)
# Failed to write core dump. Core dumps have been disabled. To enable core dumping, try "ulimit -c unlimited" before starting Java again
#

---------------  T H R E A D  ---------------

Current thread (0x00007fa5a4075000):  VMThread [stack: 0x00007fa58f7f8000,0x00007fa58f8f9000] [id=14533]

Stack: [0x00007fa58f7f8000,0x00007fa58f8f9000],  sp=0x00007fa58f8f7200,  free space=1020k
Native frames: (J=compiled Java code, j=interpreted, Vv=VM code, C=native code)
V  [libjvm.so+0x99e7ca]  JVM_handle_linux_signal+0x17b14a
V  [libjvm.so+0x496fbb]  sem_destroy+0x496fbb
V  [libjvm.so+0x81d81e]  fork1+0x19ee
V  [libjvm.so+0x81dd69]  fork1+0x1f39
V  [libjvm.so+0x817b0a]  JVM_RaiseSignal+0x18904a
V  [libjvm.so+0x88a613]  JVM_handle_linux_signal+0x66f93
V  [libjvm.so+0x88b9e8]  JVM_handle_linux_signal+0x68368
V  [libjvm.so+0x88ab52]  JVM_handle_linux_signal+0x674d2
V  [libjvm.so+0x887fa3]  JVM_handle_linux_signal+0x64923
V  [libjvm.so+0x888751]  JVM_handle_linux_signal+0x650d1
V  [libjvm.so+0x83f370]  JVM_handle_linux_signal+0x1bcf0
V  [libjvm.so+0x9a0067]  JVM_handle_linux_signal+0x17c9e7
V  [libjvm.so+0x9a7505]  JVM_handle_linux_signal+0x183e85
V  [libjvm.so+0x9a58ca]  JVM_handle_linux_signal+0x18224a
V  [libjvm.so+0x9a5c4e]  JVM_handle_linux_signal+0x1825ce
V  [libjvm.so+0x9a60c0]  JVM_handle_linux_signal+0x182a40
V  [libjvm.so+0x81f7f8]  fork1+0x39c8

VM_Operation (0x00007fa58c8fa260): ParallelGCFailedAllocation, mode: safepoint, requested by thread 0x00007fa538006800


---------------  P R O C E S S  ---------------

Java Threads: ( => current thread )
  0x00007fa538008000 JavaThread "http-nio-8080-exec-10" daemon [_thread_blocked, id=14594, stack(0x00007fa58c6fd000,0x00007fa58c7fe000)]
  0x00007fa538006800 JavaThread "http-nio-8080-exec-9" daemon [_thread_blocked, id=14593, stack(0x00007fa58c7fe000,0x00007fa58c8ff000)]
  0x00007fa52c006000 JavaThread "http-nio-8080-exec-8" daemon [_thread_blocked, id=14592, stack(0x00007fa58c8ff000,0x00007fa58ca00000)]
  0x00007fa52c004000 JavaThread "http-nio-8080-exec-7" daemon [_thread_blocked, id=14591, stack(0x00007fa58ca00000,0x00007fa58cb01000)]
  0x00007fa538004800 JavaThread "http-nio-8080-exec-6" daemon [_thread_blocked, id=14571, stack(0x00007fa58cb01000,0x00007fa58cc02000)]
  0x00007fa520020800 JavaThread "Java2D Disposer" daemon [_thread_blocked, id=14566, stack(0x00007fa58d094000,0x00007fa58d195000)]
  0x00007fa538003800 JavaThread "http-nio-8080-exec-5" daemon [_thread_blocked, id=14565, stack(0x00007fa58d66e000,0x00007fa58d76f000)]
  0x00007fa52c002800 JavaThread "http-nio-8080-exec-4" daemon [_thread_blocked, id=14564, stack(0x00007fa58d76f000,0x00007fa58d870000)]
  0x00007fa52c001000 JavaThread "http-nio-8080-exec-3" daemon [_thread_blocked, id=14563, stack(0x00007fa58d870000,0x00007fa58d971000)]
  0x00007fa538002800 JavaThread "http-nio-8080-exec-2" daemon [_thread_blocked, id=14561, stack(0x00007fa58e078000,0x00007fa58e179000)]
  0x00007fa538001800 JavaThread "http-nio-8080-exec-1" daemon [_thread_blocked, id=14560, stack(0x00007fa58e179000,0x00007fa58e27a000)]
  0x00007fa5a400c800 JavaThread "DestroyJavaVM" [_thread_blocked, id=14524, stack(0x00007fa5ac290000,0x00007fa5ac391000)]
  0x00007fa5a4bf6800 JavaThread "http-nio-8080-Acceptor-0" daemon [_thread_in_native, id=14555, stack(0x00007fa58d971000,0x00007fa58da72000)]
  0x00007fa5a4bf5800 JavaThread "http-nio-8080-ClientPoller-1" daemon [_thread_in_native, id=14554, stack(0x00007fa58dc74000,0x00007fa58dd75000)]
  0x00007fa5a4bf4800 JavaThread "http-nio-8080-ClientPoller-0" daemon [_thread_in_native, id=14553, stack(0x00007fa58db73000,0x00007fa58dc74000)]
  0x00007fa5a4bf3800 JavaThread "NioBlockingSelector.BlockPoller-2" daemon [_thread_in_native, id=14552, stack(0x00007fa58da72000,0x00007fa58db73000)]
  0x00007fa5a47b6800 JavaThread "container-0" [_thread_blocked, id=14551, stack(0x00007fa58dd75000,0x00007fa58de76000)]
  0x00007fa5486bf000 JavaThread "ContainerBackgroundProcessor[StandardEngine[Tomcat].StandardHost[localhost].StandardContext[]]" daemon [_thread_blocked, id=14546, stack(0x00007fa58de76000,0x00007fa58df77000)]
  0x00007fa54815a000 JavaThread "Abandoned connection cleanup thread" daemon [_thread_blocked, id=14543, stack(0x00007fa58df77000,0x00007fa58e078000)]
  0x00007fa5a40a9800 JavaThread "Service Thread" daemon [_thread_blocked, id=14539, stack(0x00007fa58f069000,0x00007fa58f16a000)]
  0x00007fa5a40a7800 JavaThread "C2 CompilerThread1" daemon [_thread_blocked, id=14538, stack(0x00007fa58f16a000,0x00007fa58f26b000)]
  0x00007fa5a40a4800 JavaThread "C2 CompilerThread0" daemon [_thread_blocked, id=14537, stack(0x00007fa58f26b000,0x00007fa58f36c000)]
  0x00007fa5a40a2800 JavaThread "Signal Dispatcher" daemon [_thread_blocked, id=14536, stack(0x00007fa58f36c000,0x00007fa58f46d000)]
  0x00007fa5a407b000 JavaThread "Finalizer" daemon [_thread_blocked, id=14535, stack(0x00007fa58f5f6000,0x00007fa58f6f7000)]
  0x00007fa5a4079000 JavaThread "Reference Handler" daemon [_thread_blocked, id=14534, stack(0x00007fa58f6f7000,0x00007fa58f7f8000)]

Other Threads:
=>0x00007fa5a4075000 VMThread [stack: 0x00007fa58f7f8000,0x00007fa58f8f9000] [id=14533]
  0x00007fa5a40c4800 WatcherThread [stack: 0x00007fa58ef68000,0x00007fa58f069000] [id=14540]

VM state:at safepoint (normal execution)

VM Mutex/Monitor currently owned by a thread:  ([mutex/lock_event])
[0x00007fa5a400a240] Threads_lock - owner thread: 0x00007fa5a4075000
[0x00007fa5a400a740] Heap_lock - owner thread: 0x00007fa538006800

Heap
 PSYoungGen      total 422912K, used 13820K [0x00000007d6d00000, 0x00000007f1b80000, 0x0000000800000000)
  eden space 409088K, 0% used [0x00000007d6d00000,0x00000007d6d00000,0x00000007efc80000)
  from space 13824K, 99% used [0x00000007efc80000,0x00000007f09ff0f8,0x00000007f0a00000)
  to   space 9728K, 0% used [0x00000007f0a00000,0x00000007f0a00000,0x00000007f1380000)
 ParOldGen       total 83968K, used 32954K [0x0000000784800000, 0x0000000789a00000, 0x00000007d6d00000)
  object space 83968K, 39% used [0x0000000784800000,0x000000078682ea40,0x0000000789a00000)
 PSPermGen       total 48128K, used 47647K [0x000000077f600000, 0x0000000782500000, 0x0000000784800000)
  object space 48128K, 99% used [0x000000077f600000,0x0000000782487d90,0x0000000782500000)

Card table byte_map: [0x00007fa5a97e1000,0x00007fa5a9be7000] byte_map_base: 0x00007fa5a5be6000

Polling page: 0x00007fa5ac3cd000

Code Cache  [0x00007fa5a1000000, 0x00007fa5a1370000, 0x00007fa5a4000000)
 total_blobs=1389 nmethods=915 adapters=425 free_code_cache=45790Kb largest_free_block=46776640

Compilation events (10 events):
Event: 67,510 Thread 0x00007fa5a40a7800 nmethod 1038 0x00007fa5a11f3790 code [0x00007fa5a11f38c0, 0x00007fa5a11f3958]
Event: 67,519 Thread 0x00007fa5a40a7800 1039             com.fasterxml.jackson.core.json.UTF8JsonGenerator::_writeBinary (239 bytes)
Event: 67,528 Thread 0x00007fa5a40a7800 nmethod 1039 0x00007fa5a116c4d0 code [0x00007fa5a116c660, 0x00007fa5a116ccc8]
Event: 67,542 Thread 0x00007fa5a40a4800 nmethod 1035 0x00007fa5a1289510 code [0x00007fa5a12896e0, 0x00007fa5a128b078]
Event: 300,355 Thread 0x00007fa5a40a7800 1040             java.lang.String$CaseInsensitiveComparator::compare (111 bytes)
Event: 300,359 Thread 0x00007fa5a40a7800 nmethod 1040 0x00007fa5a1347cd0 code [0x00007fa5a1347e80, 0x00007fa5a13484f8]
Event: 314,643 Thread 0x00007fa5a40a4800 1041             java.lang.ref.ReferenceQueue::reallyPoll (69 bytes)
Event: 314,645 Thread 0x00007fa5a40a4800 nmethod 1041 0x00007fa5a11f3490 code [0x00007fa5a11f35e0, 0x00007fa5a11f3718]
Event: 336,635 Thread 0x00007fa5a40a7800 1042             sun.reflect.ByteVectorImpl::getLength (7 bytes)
Event: 336,635 Thread 0x00007fa5a40a7800 nmethod 1042 0x00007fa5a116c2d0 code [0x00007fa5a116c400, 0x00007fa5a116c458]

GC Heap History (10 events):
Event: 2,991 GC heap after
Heap after GC invocations=6 (full 0):
 PSYoungGen      total 136704K, used 5433K [0x00000007d6d00000, 0x00000007dfa00000, 0x0000000800000000)
  eden space 129024K, 0% used [0x00000007d6d00000,0x00000007d6d00000,0x00000007deb00000)
  from space 7680K, 70% used [0x00000007df280000,0x00000007df7ce4a0,0x00000007dfa00000)
  to   space 7680K, 0% used [0x00000007deb00000,0x00000007deb00000,0x00000007df280000)
 ParOldGen       total 83968K, used 3039K [0x0000000784800000, 0x0000000789a00000, 0x00000007d6d00000)
  object space 83968K, 3% used [0x0000000784800000,0x0000000784af7f28,0x0000000789a00000)
 PSPermGen       total 21504K, used 13363K [0x000000077f600000, 0x0000000780b00000, 0x0000000784800000)
  object space 21504K, 62% used [0x000000077f600000,0x000000078030cd08,0x0000000780b00000)
}
Event: 3,336 GC heap before
{Heap before GC invocations=7 (full 0):
 PSYoungGen      total 136704K, used 134457K [0x00000007d6d00000, 0x00000007dfa00000, 0x0000000800000000)
  eden space 129024K, 100% used [0x00000007d6d00000,0x00000007deb00000,0x00000007deb00000)
  from space 7680K, 70% used [0x00000007df280000,0x00000007df7ce4a0,0x00000007dfa00000)
  to   space 7680K, 0% used [0x00000007deb00000,0x00000007deb00000,0x00000007df280000)
 ParOldGen       total 83968K, used 3039K [0x0000000784800000, 0x0000000789a00000, 0x00000007d6d00000)
  object space 83968K, 3% used [0x0000000784800000,0x0000000784af7f28,0x0000000789a00000)
 PSPermGen       total 21504K, used 13516K [0x000000077f600000, 0x0000000780b00000, 0x0000000784800000)
  object space 21504K, 62% used [0x000000077f600000,0x0000000780333000,0x0000000780b00000)
Event: 3,343 GC heap after
Heap after GC invocations=7 (full 0):
 PSYoungGen      total 136704K, used 3303K [0x00000007d6d00000, 0x00000007e7800000, 0x0000000800000000)
  eden space 129024K, 0% used [0x00000007d6d00000,0x00000007d6d00000,0x00000007deb00000)
  from space 7680K, 43% used [0x00000007deb00000,0x00000007dee39da8,0x00000007df280000)
  to   space 7680K, 0% used [0x00000007e7080000,0x00000007e7080000,0x00000007e7800000)
 ParOldGen       total 83968K, used 5257K [0x0000000784800000, 0x0000000789a00000, 0x00000007d6d00000)
  object space 83968K, 6% used [0x0000000784800000,0x0000000784d22498,0x0000000789a00000)
 PSPermGen       total 21504K, used 13516K [0x000000077f600000, 0x0000000780b00000, 0x0000000784800000)
  object space 21504K, 62% used [0x000000077f600000,0x0000000780333000,0x0000000780b00000)
}
Event: 3,827 GC heap before
{Heap before GC invocations=8 (full 0):
 PSYoungGen      total 136704K, used 132327K [0x00000007d6d00000, 0x00000007e7800000, 0x0000000800000000)
  eden space 129024K, 100% used [0x00000007d6d00000,0x00000007deb00000,0x00000007deb00000)
  from space 7680K, 43% used [0x00000007deb00000,0x00000007dee39da8,0x00000007df280000)
  to   space 7680K, 0% used [0x00000007e7080000,0x00000007e7080000,0x00000007e7800000)
 ParOldGen       total 83968K, used 5257K [0x0000000784800000, 0x0000000789a00000, 0x00000007d6d00000)
  object space 83968K, 6% used [0x0000000784800000,0x0000000784d22498,0x0000000789a00000)
 PSPermGen       total 21504K, used 16148K [0x000000077f600000, 0x0000000780b00000, 0x0000000784800000)
  object space 21504K, 75% used [0x000000077f600000,0x00000007805c50e8,0x0000000780b00000)
Event: 3,835 GC heap after
Heap after GC invocations=8 (full 0):
 PSYoungGen      total 265728K, used 3709K [0x00000007d6d00000, 0x00000007e7800000, 0x0000000800000000)
  eden space 258048K, 0% used [0x00000007d6d00000,0x00000007d6d00000,0x00000007e6900000)
  from space 7680K, 48% used [0x00000007e7080000,0x00000007e741f420,0x00000007e7800000)
  to   space 7680K, 0% used [0x00000007e6900000,0x00000007e6900000,0x00000007e7080000)
 ParOldGen       total 83968K, used 7405K [0x0000000784800000, 0x0000000789a00000, 0x00000007d6d00000)
  object space 83968K, 8% used [0x0000000784800000,0x0000000784f3b628,0x0000000789a00000)
 PSPermGen       total 21504K, used 16148K [0x000000077f600000, 0x0000000780b00000, 0x0000000784800000)
  object space 21504K, 75% used [0x000000077f600000,0x00000007805c50e8,0x0000000780b00000)
}
Event: 5,027 GC heap before
{Heap before GC invocations=9 (full 0):
 PSYoungGen      total 265728K, used 261757K [0x00000007d6d00000, 0x00000007e7800000, 0x0000000800000000)
  eden space 258048K, 100% used [0x00000007d6d00000,0x00000007e6900000,0x00000007e6900000)
  from space 7680K, 48% used [0x00000007e7080000,0x00000007e741f420,0x00000007e7800000)
  to   space 7680K, 0% used [0x00000007e6900000,0x00000007e6900000,0x00000007e7080000)
 ParOldGen       total 83968K, used 7405K [0x0000000784800000, 0x0000000789a00000, 0x00000007d6d00000)
  object space 83968K, 8% used [0x0000000784800000,0x0000000784f3b628,0x0000000789a00000)
 PSPermGen       total 24576K, used 24350K [0x000000077f600000, 0x0000000780e00000, 0x0000000784800000)
  object space 24576K, 99% used [0x000000077f600000,0x0000000780dc7bd0,0x0000000780e00000)
Event: 5,037 GC heap after
Heap after GC invocations=9 (full 0):
 PSYoungGen      total 265728K, used 7655K [0x00000007d6d00000, 0x00000007f1380000, 0x0000000800000000)
  eden space 258048K, 0% used [0x00000007d6d00000,0x00000007d6d00000,0x00000007e6900000)
  from space 7680K, 99% used [0x00000007e6900000,0x00000007e7079d50,0x00000007e7080000)
  to   space 9728K, 0% used [0x00000007f0a00000,0x00000007f0a00000,0x00000007f1380000)
 ParOldGen       total 83968K, used 10717K [0x0000000784800000, 0x0000000789a00000, 0x00000007d6d00000)
  object space 83968K, 12% used [0x0000000784800000,0x00000007852775f8,0x0000000789a00000)
 PSPermGen       total 24576K, used 24350K [0x000000077f600000, 0x0000000780e00000, 0x0000000784800000)
  object space 24576K, 99% used [0x000000077f600000,0x0000000780dc7bd0,0x0000000780e00000)
}
Event: 6,684 GC heap before
{Heap before GC invocations=10 (full 0):
 PSYoungGen      total 265728K, used 265703K [0x00000007d6d00000, 0x00000007f1380000, 0x0000000800000000)
  eden space 258048K, 100% used [0x00000007d6d00000,0x00000007e6900000,0x00000007e6900000)
  from space 7680K, 99% used [0x00000007e6900000,0x00000007e7079d50,0x00000007e7080000)
  to   space 9728K, 0% used [0x00000007f0a00000,0x00000007f0a00000,0x00000007f1380000)
 ParOldGen       total 83968K, used 10717K [0x0000000784800000, 0x0000000789a00000, 0x00000007d6d00000)
  object space 83968K, 12% used [0x0000000784800000,0x00000007852775f8,0x0000000789a00000)
 PSPermGen       total 37376K, used 37329K [0x000000077f600000, 0x0000000781a80000, 0x0000000784800000)
  object space 37376K, 99% used [0x000000077f600000,0x0000000781a744c0,0x0000000781a80000)
Event: 6,699 GC heap after
Heap after GC invocations=10 (full 0):
 PSYoungGen      total 418816K, used 9717K [0x00000007d6d00000, 0x00000007f1b80000, 0x0000000800000000)
  eden space 409088K, 0% used [0x00000007d6d00000,0x00000007d6d00000,0x00000007efc80000)
  from space 9728K, 99% used [0x00000007f0a00000,0x00000007f137d560,0x00000007f1380000)
  to   space 13824K, 0% used [0x00000007efc80000,0x00000007efc80000,0x00000007f0a00000)
 ParOldGen       total 83968K, used 18821K [0x0000000784800000, 0x0000000789a00000, 0x00000007d6d00000)
  object space 83968K, 22% used [0x0000000784800000,0x0000000785a616f0,0x0000000789a00000)
 PSPermGen       total 37376K, used 37329K [0x000000077f600000, 0x0000000781a80000, 0x0000000784800000)
  object space 37376K, 99% used [0x000000077f600000,0x0000000781a744c0,0x0000000781a80000)
}
Event: 337,478 GC heap before
{Heap before GC invocations=11 (full 0):
 PSYoungGen      total 418816K, used 418805K [0x00000007d6d00000, 0x00000007f1b80000, 0x0000000800000000)
  eden space 409088K, 100% used [0x00000007d6d00000,0x00000007efc80000,0x00000007efc80000)
  from space 9728K, 99% used [0x00000007f0a00000,0x00000007f137d560,0x00000007f1380000)
  to   space 13824K, 0% used [0x00000007efc80000,0x00000007efc80000,0x00000007f0a00000)
 ParOldGen       total 83968K, used 18821K [0x0000000784800000, 0x0000000789a00000, 0x00000007d6d00000)
  object space 83968K, 22% used [0x0000000784800000,0x0000000785a616f0,0x0000000789a00000)
 PSPermGen       total 48128K, used 47647K [0x000000077f600000, 0x0000000782500000, 0x0000000784800000)
  object space 48128K, 99% used [0x000000077f600000,0x0000000782487d90,0x0000000782500000)

Deoptimization events (10 events):
Event: 32,253 Thread 0x00007fa538001800 Uncommon trap: reason=unreached action=reinterpret pc=0x00007fa5a10ce49c method=java.util.HashMap.getEntry(Ljava/lang/Object;)Ljava/util/HashMap$Entry; @ 10
Event: 32,254 Thread 0x00007fa538001800 Uncommon trap: reason=unreached action=reinterpret pc=0x00007fa5a1082650 method=java.util.HashMap.getEntry(Ljava/lang/Object;)Ljava/util/HashMap$Entry; @ 10
Event: 32,274 Thread 0x00007fa538001800 Uncommon trap: reason=bimorphic action=maybe_recompile pc=0x00007fa5a108d7b4 method=java.util.HashMap$KeySet.iterator()Ljava/util/Iterator; @ 4
Event: 33,207 Thread 0x00007fa52c001000 Uncommon trap: reason=class_check action=maybe_recompile pc=0x00007fa5a119a5e8 method=org.springframework.core.MethodParameter.equals(Ljava/lang/Object;)Z @ 19
Event: 33,207 Thread 0x00007fa52c001000 Uncommon trap: reason=class_check action=maybe_recompile pc=0x00007fa5a119a5e8 method=org.springframework.core.MethodParameter.equals(Ljava/lang/Object;)Z @ 19
Event: 33,207 Thread 0x00007fa52c001000 Uncommon trap: reason=class_check action=maybe_recompile pc=0x00007fa5a119a5e8 method=org.springframework.core.MethodParameter.equals(Ljava/lang/Object;)Z @ 19
Event: 33,207 Thread 0x00007fa52c001000 Uncommon trap: reason=class_check action=maybe_recompile pc=0x00007fa5a119a5e8 method=org.springframework.core.MethodParameter.equals(Ljava/lang/Object;)Z @ 19
Event: 33,218 Thread 0x00007fa52c001000 Uncommon trap: reason=bimorphic action=maybe_recompile pc=0x00007fa5a108d7b4 method=java.util.HashMap$KeySet.iterator()Ljava/util/Iterator; @ 4
Event: 34,020 Thread 0x00007fa538003800 Uncommon trap: reason=class_check action=maybe_recompile pc=0x00007fa5a1228158 method=java.util.AbstractList$Itr.hasNext()Z @ 8
Event: 34,333 Thread 0x00007fa538003800 Uncommon trap: reason=bimorphic action=maybe_recompile pc=0x00007fa5a108d7b4 method=java.util.HashMap$KeySet.iterator()Ljava/util/Iterator; @ 4

Internal exceptions (10 events):
Event: 34,299 Thread 0x00007fa538003800 Threw 0x00000007ecd33a30 at /HUDSON/workspace/7u-2-build-linux-amd64/jdk7u60/1081/hotspot/src/share/vm/prims/jvm.cpp:1244
Event: 34,300 Thread 0x00007fa538003800 Threw 0x00000007ecd46248 at /HUDSON/workspace/7u-2-build-linux-amd64/jdk7u60/1081/hotspot/src/share/vm/prims/jvm.cpp:1244
Event: 34,300 Thread 0x00007fa538003800 Threw 0x00000007ecd592b0 at /HUDSON/workspace/7u-2-build-linux-amd64/jdk7u60/1081/hotspot/src/share/vm/prims/jvm.cpp:1244
Event: 34,301 Thread 0x00007fa538003800 Threw 0x00000007ecd6ad48 at /HUDSON/workspace/7u-2-build-linux-amd64/jdk7u60/1081/hotspot/src/share/vm/prims/jvm.cpp:1244
Event: 34,301 Thread 0x00007fa538003800 Threw 0x00000007ecd7d288 at /HUDSON/workspace/7u-2-build-linux-amd64/jdk7u60/1081/hotspot/src/share/vm/prims/jvm.cpp:1244
Event: 34,302 Thread 0x00007fa538003800 Threw 0x00000007ecd8ffc8 at /HUDSON/workspace/7u-2-build-linux-amd64/jdk7u60/1081/hotspot/src/share/vm/prims/jvm.cpp:1244
Event: 34,303 Thread 0x00007fa538003800 Threw 0x00000007ecda3090 at /HUDSON/workspace/7u-2-build-linux-amd64/jdk7u60/1081/hotspot/src/share/vm/prims/jvm.cpp:1244
Event: 34,308 Thread 0x00007fa538003800 Threw 0x00000007ecde1240 at /HUDSON/workspace/7u-2-build-linux-amd64/jdk7u60/1081/hotspot/src/share/vm/prims/jvm.cpp:1244
Event: 34,320 Thread 0x00007fa538003800 Threw 0x00000007ecdf0288 at /HUDSON/workspace/7u-2-build-linux-amd64/jdk7u60/1081/hotspot/src/share/vm/prims/jvm.cpp:1244
Event: 37,353 Thread 0x00007fa5486bf000 Threw 0x00000007ed9a5b60 at /HUDSON/workspace/7u-2-build-linux-amd64/jdk7u60/1081/hotspot/src/share/vm/prims/jvm.cpp:1244

Events (10 events):
Event: 67,333 Executing VM operation: RevokeBias done
Event: 67,334 Executing VM operation: RevokeBias
Event: 67,334 Executing VM operation: RevokeBias done
Event: 67,334 Executing VM operation: RevokeBias
Event: 67,334 Executing VM operation: RevokeBias done
Event: 67,336 Executing VM operation: RevokeBias
Event: 67,336 Executing VM operation: RevokeBias done
Event: 67,336 Executing VM operation: RevokeBias
Event: 67,336 Executing VM operation: RevokeBias done
Event: 337,478 Executing VM operation: ParallelGCFailedAllocation


Dynamic libraries:
00400000-00401000 r-xp 00000000 08:12 1972173                            /opt/java/jre/bin/java
00600000-00601000 rw-p 00000000 08:12 1972173                            /opt/java/jre/bin/java
02370000-02391000 rw-p 00000000 00:00 0                                  [heap]
77f600000-782500000 rw-p 00000000 00:00 0 
782500000-784800000 rw-p 00000000 00:00 0 
784800000-789a00000 rw-p 00000000 00:00 0 
789a00000-7d6d00000 rw-p 00000000 00:00 0 
7d6d00000-7f1b80000 rw-p 00000000 00:00 0 
7fa504000000-7fa50419d000 rw-p 00000000 00:00 0 
7fa50419d000-7fa508000000 ---p 00000000 00:00 0 
7fa508000000-7fa508021000 rw-p 00000000 00:00 0 
7fa508021000-7fa50c000000 ---p 00000000 00:00 0 
7fa50c000000-7fa50c084000 rw-p 00000000 00:00 0 
7fa50c084000-7fa510000000 ---p 00000000 00:00 0 
7fa510000000-7fa510021000 rw-p 00000000 00:00 0 
7fa510021000-7fa514000000 ---p 00000000 00:00 0 
7fa514000000-7fa514021000 rw-p 00000000 00:00 0 
7fa514021000-7fa518000000 ---p 00000000 00:00 0 
7fa518000000-7fa518021000 rw-p 00000000 00:00 0 
7fa518021000-7fa51c000000 ---p 00000000 00:00 0 
7fa51c000000-7fa51c021000 rw-p 00000000 00:00 0 
7fa51c021000-7fa520000000 ---p 00000000 00:00 0 
7fa520000000-7fa5201c5000 rw-p 00000000 00:00 0 
7fa5201c5000-7fa524000000 ---p 00000000 00:00 0 
7fa524000000-7fa524021000 rw-p 00000000 00:00 0 
7fa524021000-7fa528000000 ---p 00000000 00:00 0 
7fa528000000-7fa528021000 rw-p 00000000 00:00 0 
7fa528021000-7fa52c000000 ---p 00000000 00:00 0 
7fa52c000000-7fa52c021000 rw-p 00000000 00:00 0 
7fa52c021000-7fa530000000 ---p 00000000 00:00 0 
7fa530000000-7fa530021000 rw-p 00000000 00:00 0 
7fa530021000-7fa534000000 ---p 00000000 00:00 0 
7fa534000000-7fa534021000 rw-p 00000000 00:00 0 
7fa534021000-7fa538000000 ---p 00000000 00:00 0 
7fa538000000-7fa538021000 rw-p 00000000 00:00 0 
7fa538021000-7fa53c000000 ---p 00000000 00:00 0 
7fa53c000000-7fa53c021000 rw-p 00000000 00:00 0 
7fa53c021000-7fa540000000 ---p 00000000 00:00 0 
7fa540000000-7fa540021000 rw-p 00000000 00:00 0 
7fa540021000-7fa544000000 ---p 00000000 00:00 0 
7fa544000000-7fa5442ab000 rw-p 00000000 00:00 0 
7fa5442ab000-7fa548000000 ---p 00000000 00:00 0 
7fa548000000-7fa5486c5000 rw-p 00000000 00:00 0 
7fa5486c5000-7fa54c000000 ---p 00000000 00:00 0 
7fa54c000000-7fa54c021000 rw-p 00000000 00:00 0 
7fa54c021000-7fa550000000 ---p 00000000 00:00 0 
7fa550000000-7fa550021000 rw-p 00000000 00:00 0 
7fa550021000-7fa554000000 ---p 00000000 00:00 0 
7fa554000000-7fa55592b000 rw-p 00000000 00:00 0 
7fa55592b000-7fa558000000 ---p 00000000 00:00 0 
7fa558000000-7fa5594cd000 rw-p 00000000 00:00 0 
7fa5594cd000-7fa55c000000 ---p 00000000 00:00 0 
7fa55c000000-7fa55c021000 rw-p 00000000 00:00 0 
7fa55c021000-7fa560000000 ---p 00000000 00:00 0 
7fa560000000-7fa560021000 rw-p 00000000 00:00 0 
7fa560021000-7fa564000000 ---p 00000000 00:00 0 
7fa564000000-7fa564021000 rw-p 00000000 00:00 0 
7fa564021000-7fa568000000 ---p 00000000 00:00 0 
7fa56bfb0000-7fa570000000 rw-p 00000000 00:00 0 
7fa570000000-7fa570021000 rw-p 00000000 00:00 0 
7fa570021000-7fa574000000 ---p 00000000 00:00 0 
7fa574000000-7fa574021000 rw-p 00000000 00:00 0 
7fa574021000-7fa578000000 ---p 00000000 00:00 0 
7fa578000000-7fa578021000 rw-p 00000000 00:00 0 
7fa578021000-7fa57c000000 ---p 00000000 00:00 0 
7fa580000000-7fa580021000 rw-p 00000000 00:00 0 
7fa580021000-7fa584000000 ---p 00000000 00:00 0 
7fa588000000-7fa588021000 rw-p 00000000 00:00 0 
7fa588021000-7fa58c000000 ---p 00000000 00:00 0 
7fa58c6fd000-7fa58c700000 ---p 00000000 00:00 0 
7fa58c700000-7fa58c7fe000 rw-p 00000000 00:00 0                          [stack:14594]
7fa58c7fe000-7fa58c801000 ---p 00000000 00:00 0 
7fa58c801000-7fa58c8ff000 rw-p 00000000 00:00 0                          [stack:14593]
7fa58c8ff000-7fa58c902000 ---p 00000000 00:00 0 
7fa58c902000-7fa58ca00000 rw-p 00000000 00:00 0                          [stack:14592]
7fa58ca00000-7fa58ca03000 ---p 00000000 00:00 0 
7fa58ca03000-7fa58cb01000 rw-p 00000000 00:00 0                          [stack:14591]
7fa58cb01000-7fa58cb04000 ---p 00000000 00:00 0 
7fa58cb04000-7fa58cc02000 rw-p 00000000 00:00 0                          [stack:14571]
7fa58cc02000-7fa58cc57000 r-xp 00000000 08:12 1972081                    /opt/java/jre/lib/amd64/libkcms.so
7fa58cc57000-7fa58ce57000 ---p 00055000 08:12 1972081                    /opt/java/jre/lib/amd64/libkcms.so
7fa58ce57000-7fa58ce59000 rw-p 00055000 08:12 1972081                    /opt/java/jre/lib/amd64/libkcms.so
7fa58ce59000-7fa58ce93000 r-xp 00000000 08:12 1972080                    /opt/java/jre/lib/amd64/libjpeg.so
7fa58ce93000-7fa58d093000 ---p 0003a000 08:12 1972080                    /opt/java/jre/lib/amd64/libjpeg.so
7fa58d093000-7fa58d094000 rw-p 0003a000 08:12 1972080                    /opt/java/jre/lib/amd64/libjpeg.so
7fa58d094000-7fa58d097000 ---p 00000000 00:00 0 
7fa58d097000-7fa58d195000 rw-p 00000000 00:00 0                          [stack:14566]
7fa58d195000-7fa58d19b000 r-xp 00000000 08:12 1972090                    /opt/java/jre/lib/amd64/headless/libmawt.so
7fa58d19b000-7fa58d39b000 ---p 00006000 08:12 1972090                    /opt/java/jre/lib/amd64/headless/libmawt.so
7fa58d39b000-7fa58d39c000 rw-p 00006000 08:12 1972090                    /opt/java/jre/lib/amd64/headless/libmawt.so
7fa58d39c000-7fa58d43e000 r-xp 00000000 08:12 1972039                    /opt/java/jre/lib/amd64/libawt.so
7fa58d43e000-7fa58d63e000 ---p 000a2000 08:12 1972039                    /opt/java/jre/lib/amd64/libawt.so
7fa58d63e000-7fa58d64a000 rw-p 000a2000 08:12 1972039                    /opt/java/jre/lib/amd64/libawt.so
7fa58d64a000-7fa58d66e000 rw-p 00000000 00:00 0 
7fa58d66e000-7fa58d671000 ---p 00000000 00:00 0 
7fa58d671000-7fa58d76f000 rw-p 00000000 00:00 0                          [stack:14565]
7fa58d76f000-7fa58d772000 ---p 00000000 00:00 0 
7fa58d772000-7fa58d870000 rw-p 00000000 00:00 0                          [stack:14564]
7fa58d870000-7fa58d873000 ---p 00000000 00:00 0 
7fa58d873000-7fa58d971000 rw-p 00000000 00:00 0                          [stack:14563]
7fa58d971000-7fa58d974000 ---p 00000000 00:00 0 
7fa58d974000-7fa58da72000 rw-p 00000000 00:00 0                          [stack:14555]
7fa58da72000-7fa58da75000 ---p 00000000 00:00 0 
7fa58da75000-7fa58db73000 rw-p 00000000 00:00 0                          [stack:14552]
7fa58db73000-7fa58db76000 ---p 00000000 00:00 0 
7fa58db76000-7fa58dc74000 rw-p 00000000 00:00 0                          [stack:14553]
7fa58dc74000-7fa58dc77000 ---p 00000000 00:00 0 
7fa58dc77000-7fa58dd75000 rw-p 00000000 00:00 0                          [stack:14554]
7fa58dd75000-7fa58dd78000 ---p 00000000 00:00 0 
7fa58dd78000-7fa58de76000 rw-p 00000000 00:00 0                          [stack:14551]
7fa58de76000-7fa58de79000 ---p 00000000 00:00 0 
7fa58de79000-7fa58df77000 rw-p 00000000 00:00 0                          [stack:14546]
7fa58df77000-7fa58df7a000 ---p 00000000 00:00 0 
7fa58df7a000-7fa58e078000 rw-p 00000000 00:00 0                          [stack:14543]
7fa58e078000-7fa58e07b000 ---p 00000000 00:00 0 
7fa58e07b000-7fa58e179000 rw-p 00000000 00:00 0                          [stack:14561]
7fa58e179000-7fa58e17c000 ---p 00000000 00:00 0 
7fa58e17c000-7fa58e27a000 rw-p 00000000 00:00 0                          [stack:14560]
7fa58e27a000-7fa58e2d7000 r-xp 00000000 08:12 666943                     /usr/lib/libnss_myhostname.so.2
7fa58e2d7000-7fa58e2d8000 ---p 0005d000 08:12 666943                     /usr/lib/libnss_myhostname.so.2
7fa58e2d8000-7fa58e2dc000 r--p 0005d000 08:12 666943                     /usr/lib/libnss_myhostname.so.2
7fa58e2dc000-7fa58e2dd000 rw-p 00061000 08:12 666943                     /usr/lib/libnss_myhostname.so.2
7fa58e2dd000-7fa58e2f1000 r-xp 00000000 08:12 658634                     /usr/lib/libresolv-2.19.so
7fa58e2f1000-7fa58e4f0000 ---p 00014000 08:12 658634                     /usr/lib/libresolv-2.19.so
7fa58e4f0000-7fa58e4f1000 r--p 00013000 08:12 658634                     /usr/lib/libresolv-2.19.so
7fa58e4f1000-7fa58e4f2000 rw-p 00014000 08:12 658634                     /usr/lib/libresolv-2.19.so
7fa58e4f2000-7fa58e4f4000 rw-p 00000000 00:00 0 
7fa58e4f4000-7fa58e4f9000 r-xp 00000000 08:12 658738                     /usr/lib/libnss_dns-2.19.so
7fa58e4f9000-7fa58e6f8000 ---p 00005000 08:12 658738                     /usr/lib/libnss_dns-2.19.so
7fa58e6f8000-7fa58e6f9000 r--p 00004000 08:12 658738                     /usr/lib/libnss_dns-2.19.so
7fa58e6f9000-7fa58e6fa000 rw-p 00005000 08:12 658738                     /usr/lib/libnss_dns-2.19.so
7fa58e715000-7fa58e716000 rw-p 00000000 00:00 0 
7fa58e716000-7fa58e71a000 r--s 000f7000 08:12 1971544                    /opt/java/jre/lib/ext/localedata.jar
7fa58e71a000-7fa58e725000 r--s 0037c000 08:12 1971006                    /opt/java/jre/lib/charsets.jar
7fa58e725000-7fa58e729000 r--s 0008a000 08:12 1968605                    /opt/java/jre/lib/jsse.jar
7fa58e729000-7fa58e732000 r--s 00251000 08:12 1968619                    /opt/java/jre/lib/resources.jar
7fa58e732000-7fa58e73a000 r-xp 00000000 08:12 1972078                    /opt/java/jre/lib/amd64/libmanagement.so
7fa58e73a000-7fa58e939000 ---p 00008000 08:12 1972078                    /opt/java/jre/lib/amd64/libmanagement.so
7fa58e939000-7fa58e93a000 rw-p 00007000 08:12 1972078                    /opt/java/jre/lib/amd64/libmanagement.so
7fa58e93a000-7fa58e94a000 r-xp 00000000 08:12 1972067                    /opt/java/jre/lib/amd64/libnio.so
7fa58e94a000-7fa58eb4a000 ---p 00010000 08:12 1972067                    /opt/java/jre/lib/amd64/libnio.so
7fa58eb4a000-7fa58eb4b000 rw-p 00010000 08:12 1972067                    /opt/java/jre/lib/amd64/libnio.so
7fa58eb4b000-7fa58eb70000 r--p 00000000 08:12 658588                     /usr/share/locale/es/LC_MESSAGES/libc.mo
7fa58eb70000-7fa58eba1000 rw-p 00000000 00:00 0 
7fa58eba1000-7fa58ebb7000 r-xp 00000000 08:12 1972035                    /opt/java/jre/lib/amd64/libnet.so
7fa58ebb7000-7fa58edb7000 ---p 00016000 08:12 1972035                    /opt/java/jre/lib/amd64/libnet.so
7fa58edb7000-7fa58edb8000 rw-p 00016000 08:12 1972035                    /opt/java/jre/lib/amd64/libnet.so
7fa58edb8000-7fa58edb9000 r--s 00004000 08:13 531582                     /home/adrian/.m2/repository/org/springframework/plugin/spring-plugin-core/0.8.0.RELEASE/spring-plugin-core-0.8.0.RELEASE.jar
7fa58edb9000-7fa58edc4000 r--s 00046000 08:13 531501                     /home/adrian/.m2/repository/org/springframework/boot/spring-boot-autoconfigure/1.1.1.RELEASE/spring-boot-autoconfigure-1.1.1.RELEASE.jar
7fa58edc4000-7fa58edc8000 r--s 0001e000 08:13 531622                     /home/adrian/.m2/repository/org/springframework/data/spring-data-rest-webmvc/2.1.0.RELEASE/spring-data-rest-webmvc-2.1.0.RELEASE.jar
7fa58edc8000-7fa58edd0000 r--s 00052000 08:13 532443                     /home/adrian/.m2/repository/org/springframework/spring-orm/4.0.2.RELEASE/spring-orm-4.0.2.RELEASE.jar
7fa58edd0000-7fa58edda000 r--s 0005f000 08:13 525508                     /home/adrian/.m2/repository/ch/qos/logback/logback-core/1.1.2/logback-core-1.1.2.jar
7fa58edda000-7fa58edee000 r--s 000d7000 08:13 532435                     /home/adrian/.m2/repository/org/springframework/spring-core/4.0.2.RELEASE/spring-core-4.0.2.RELEASE.jar
7fa58edee000-7fa58edff000 r--s 000cf000 08:13 531099                     /home/adrian/.m2/repository/com/fasterxml/jackson/core/jackson-databind/2.3.3/jackson-databind-2.3.3.jar
7fa58edff000-7fa58ee29000 r--s 001e9000 08:13 529941                     /home/adrian/.m2/repository/com/google/guava/guava/15.0/guava-15.0.jar
7fa58ee29000-7fa58ee33000 r--s 0005c000 08:13 532560                     /home/adrian/.m2/repository/javax/servlet/jstl/1.2/jstl-1.2.jar
7fa58ee33000-7fa58ee36000 r--s 00019000 08:13 529866                     /home/adrian/.m2/repository/commons-pool/commons-pool/1.6/commons-pool-1.6.jar
7fa58ee36000-7fa58ee3b000 r--s 00048000 08:13 527609                     /home/adrian/.m2/repository/dom4j/dom4j/1.6.1/dom4j-1.6.1.jar
7fa58ee3b000-7fa58ee3f000 r--s 00019000 08:13 532545                     /home/adrian/.m2/repository/org/aspectj/aspectjrt/1.6.10/aspectjrt-1.6.10.jar
7fa58ee3f000-7fa58ee40000 r--s 00000000 08:13 531493                     /home/adrian/.m2/repository/org/springframework/boot/spring-boot-starter/1.1.1.RELEASE/spring-boot-starter-1.1.1.RELEASE.jar
7fa58ee40000-7fa58ee41000 r--s 00002000 08:13 531626                     /home/adrian/.m2/repository/org/atteo/evo-inflector/1.1/evo-inflector-1.1.jar
7fa58ee41000-7fa58ee4b000 r--s 0004a000 08:13 933564                     /home/adrian/.m2/repository/org/springframework/security/spring-security-web/3.2.4.RELEASE/spring-security-web-3.2.4.RELEASE.jar
7fa58ee4b000-7fa58ee52000 r--s 0003a000 08:13 1059314                    /home/adrian/.m2/repository/commons-codec/commons-codec/1.9/commons-codec-1.9.jar
7fa58ee52000-7fa58ee59000 r--s 00036000 08:13 532442                     /home/adrian/.m2/repository/org/springframework/spring-tx/4.0.2.RELEASE/spring-tx-4.0.2.RELEASE.jar
7fa58ee59000-7fa58ee5e000 r--s 00017000 08:13 529698                     /home/adrian/.m2/repository/org/hibernate/javax/persistence/hibernate-jpa-2.1-api/1.0.0.Final/hibernate-jpa-2.1-api-1.0.0.Final.jar
7fa58ee5e000-7fa58ee61000 r--s 00015000 08:13 790259                     /home/adrian/.m2/repository/javax/servlet/javax.servlet-api/3.1.0/javax.servlet-api-3.1.0.jar
7fa58ee61000-7fa58ee62000 r--s 00005000 08:13 532544                     /home/adrian/.m2/repository/com/googlecode/json-simple/json-simple/1.1.1/json-simple-1.1.1.jar
7fa58ee62000-7fa58ee6f000 r--s 00095000 08:13 532334                     /home/adrian/.m2/repository/org/springframework/spring-webmvc/4.0.2.RELEASE/spring-webmvc-4.0.2.RELEASE.jar
7fa58ee6f000-7fa58ee73000 r--s 00016000 08:13 531620                     /home/adrian/.m2/repository/org/springframework/data/spring-data-rest-core/2.1.0.RELEASE/spring-data-rest-core-2.1.0.RELEASE.jar
7fa58ee73000-7fa58ee78000 r--s 00035000 08:13 531716                     /home/adrian/.m2/repository/commons-beanutils/commons-beanutils/1.9.2/commons-beanutils-1.9.2.jar
7fa58ee78000-7fa58ee86000 r--s 0007f000 08:13 527708                     /home/adrian/.m2/repository/commons-collections/commons-collections/3.2.1/commons-collections-3.2.1.jar
7fa58ee86000-7fa58ee8f000 r--s 0004e000 08:13 532436                     /home/adrian/.m2/repository/org/springframework/spring-aop/4.0.2.RELEASE/spring-aop-4.0.2.RELEASE.jar
7fa58ee8f000-7fa58ee91000 r--s 00011000 08:13 528860                     /home/adrian/.m2/repository/org/jboss/jandex/1.1.0.Final/jandex-1.1.0.Final.jar
7fa58ee91000-7fa58ee95000 r--s 0000c000 08:13 531517                     /home/adrian/.m2/repository/javax/validation/validation-api/1.1.0.Final/validation-api-1.1.0.Final.jar
7fa58ee95000-7fa58ee96000 r--s 00002000 08:13 528852                     /home/adrian/.m2/repository/org/jboss/logging/jboss-logging-annotations/1.2.0.Beta1/jboss-logging-annotations-1.2.0.Beta1.jar
7fa58ee96000-7fa58ee9e000 r--s 00059000 08:13 532543                     /home/adrian/.m2/repository/com/github/dandelion/datatables-core/0.9.3/datatables-core-0.9.3.jar
7fa58ee9e000-7fa58eea0000 r--s 0000c000 08:13 528844                     /home/adrian/.m2/repository/org/jboss/logging/jboss-logging/3.1.3.GA/jboss-logging-3.1.3.GA.jar
7fa58eea0000-7fa58eea8000 r--s 00044000 08:13 531500                     /home/adrian/.m2/repository/org/springframework/boot/spring-boot/1.1.1.RELEASE/spring-boot-1.1.1.RELEASE.jar
7fa58eea8000-7fa58eec0000 r--s 001aa000 08:13 531676                     /home/adrian/.m2/repository/org/aspectj/aspectjweaver/1.8.0/aspectjweaver-1.8.0.jar
7fa58eec0000-7fa58eec2000 r--s 00000000 08:13 525500                     /home/adrian/.m2/repository/org/slf4j/jul-to-slf4j/1.7.7/jul-to-slf4j-1.7.7.jar
7fa58eec2000-7fa58eec4000 r--s 00008000 08:13 531511                     /home/adrian/.m2/repository/org/apache/tomcat/embed/tomcat-embed-logging-juli/7.0.54/tomcat-embed-logging-juli-7.0.54.jar
7fa58eec4000-7fa58eec8000 r--s 00032000 08:13 532541                     /home/adrian/.m2/repository/org/thymeleaf/thymeleaf-spring3/2.1.0.RELEASE/thymeleaf-spring3-2.1.0.RELEASE.jar
7fa58eec8000-7fa58eec9000 r--s 00000000 08:13 531665                     /home/adrian/.m2/repository/org/springframework/boot/spring-boot-starter-jdbc/1.1.1.RELEASE/spring-boot-starter-jdbc-1.1.1.RELEASE.jar
7fa58eec9000-7fa58ef27000 r--s 0049c000 08:13 525523                     /home/adrian/.m2/repository/org/hibernate/hibernate-core/4.3.1.Final/hibernate-core-4.3.1.Final.jar
7fa58ef27000-7fa58ef36000 r--s 00094000 08:13 532339                     /home/adrian/.m2/repository/org/springframework/spring-web/4.0.2.RELEASE/spring-web-4.0.2.RELEASE.jar
7fa58ef36000-7fa58ef3a000 r--s 0002e000 08:13 532434                     /home/adrian/.m2/repository/org/springframework/spring-expression/4.0.2.RELEASE/spring-expression-4.0.2.RELEASE.jar
7fa58ef3a000-7fa58ef46000 r--s 00064000 08:13 531621                     /home/adrian/.m2/repository/org/springframework/data/spring-data-commons/1.8.0.RELEASE/spring-data-commons-1.8.0.RELEASE.jar
7fa58ef46000-7fa58ef5d000 r--s 000d7000 08:13 532437                     /home/adrian/.m2/repository/org/springframework/spring-context/4.0.2.RELEASE/spring-context-4.0.2.RELEASE.jar
7fa58ef5d000-7fa58ef68000 r--s 0004d000 08:13 933563                     /home/adrian/.m2/repository/org/springframework/security/spring-security-core/3.2.4.RELEASE/spring-security-core-3.2.4.RELEASE.jar
7fa58ef68000-7fa58ef69000 ---p 00000000 00:00 0 
7fa58ef69000-7fa58f069000 rw-p 00000000 00:00 0                          [stack:14540]
7fa58f069000-7fa58f06c000 ---p 00000000 00:00 0 
7fa58f06c000-7fa58f16a000 rw-p 00000000 00:00 0                          [stack:14539]
7fa58f16a000-7fa58f16d000 ---p 00000000 00:00 0 
7fa58f16d000-7fa58f26b000 rw-p 00000000 00:00 0                          [stack:14538]
7fa58f26b000-7fa58f26e000 ---p 00000000 00:00 0 
7fa58f26e000-7fa58f36c000 rw-p 00000000 00:00 0                          [stack:14537]
7fa58f36c000-7fa58f36f000 ---p 00000000 00:00 0 
7fa58f36f000-7fa58f46d000 rw-p 00000000 00:00 0                          [stack:14536]
7fa58f46d000-7fa58f5f6000 r--p 00000000 08:12 675145                     /usr/lib/locale/locale-archive
7fa58f5f6000-7fa58f5f9000 ---p 00000000 00:00 0 
7fa58f5f9000-7fa58f6f7000 rw-p 00000000 00:00 0                          [stack:14535]
7fa58f6f7000-7fa58f6fa000 ---p 00000000 00:00 0 
7fa58f6fa000-7fa58f7f8000 rw-p 00000000 00:00 0                          [stack:14534]
7fa58f7f8000-7fa58f7f9000 ---p 00000000 00:00 0 
7fa58f7f9000-7fa590000000 rw-p 00000000 00:00 0                          [stack:14533]
7fa590000000-7fa590021000 rw-p 00000000 00:00 0 
7fa590021000-7fa594000000 ---p 00000000 00:00 0 
7fa594000000-7fa594021000 rw-p 00000000 00:00 0 
7fa594021000-7fa598000000 ---p 00000000 00:00 0 
7fa598000000-7fa598021000 rw-p 00000000 00:00 0 
7fa598021000-7fa59c000000 ---p 00000000 00:00 0 
7fa59c000000-7fa59c021000 rw-p 00000000 00:00 0 
7fa59c021000-7fa5a0000000 ---p 00000000 00:00 0 
7fa5a0000000-7fa5a0002000 r--s 0000b000 08:13 532446                     /home/adrian/.m2/repository/org/springframework/spring-aspects/4.0.2.RELEASE/spring-aspects-4.0.2.RELEASE.jar
7fa5a0002000-7fa5a0006000 r--s 0001a000 08:13 532542                     /home/adrian/.m2/repository/com/github/dandelion/datatables-thymeleaf/0.9.3/datatables-thymeleaf-0.9.3.jar
7fa5a0006000-7fa5a0007000 r--s 00000000 08:13 531505                     /home/adrian/.m2/repository/org/springframework/boot/spring-boot-starter-tomcat/1.1.1.RELEASE/spring-boot-starter-tomcat-1.1.1.RELEASE.jar
7fa5a0007000-7fa5a0009000 r--s 00008000 08:13 531674                     /home/adrian/.m2/repository/org/apache/tomcat/tomcat-juli/7.0.54/tomcat-juli-7.0.54.jar
7fa5a0009000-7fa5a000c000 r--s 00010000 08:13 529703                     /home/adrian/.m2/repository/org/hibernate/common/hibernate-commons-annotations/4.0.4.Final/hibernate-commons-annotations-4.0.4.Final.jar
7fa5a000c000-7fa5a000e000 r--s 0001d000 08:13 531677                     /home/adrian/.m2/repository/org/apache/tomcat/tomcat-jdbc/7.0.54/tomcat-jdbc-7.0.54.jar
7fa5a000e000-7fa5a0010000 r--s 00000000 08:13 529859                     /home/adrian/.m2/repository/aopalliance/aopalliance/1.0/aopalliance-1.0.jar
7fa5a0010000-7fa5a0012000 r--s 00006000 08:13 532540                     /home/adrian/.m2/repository/org/thymeleaf/extras/thymeleaf-extras-springsecurity3/2.1.0.RELEASE/thymeleaf-extras-springsecurity3-2.1.0.RELEASE.jar
7fa5a0012000-7fa5a0014000 r--s 0000b000 08:13 532575                     /home/adrian/.m2/repository/javax/servlet/jsp/javax.servlet.jsp-api/2.2.1/javax.servlet.jsp-api-2.2.1.jar
7fa5a0014000-7fa5a0018000 r--s 00035000 08:13 532539                     /home/adrian/.m2/repository/org/thymeleaf/thymeleaf-spring4/2.1.2.RELEASE/thymeleaf-spring4-2.1.2.RELEASE.jar
7fa5a0018000-7fa5a001b000 r--s 0002e000 08:13 531100                     /home/adrian/.m2/repository/com/fasterxml/jackson/core/jackson-core/2.3.3/jackson-core-2.3.3.jar
7fa5a001b000-7fa5a0020000 r--s 00068000 08:13 529803                     /home/adrian/.m2/repository/antlr/antlr/2.7.7/antlr-2.7.7.jar
7fa5a0020000-7fa5a002d000 r--s 00097000 08:13 532433                     /home/adrian/.m2/repository/org/springframework/spring-beans/4.0.2.RELEASE/spring-beans-4.0.2.RELEASE.jar
7fa5a002d000-7fa5a0037000 r--s 0005d000 08:13 532439                     /home/adrian/.m2/repository/org/springframework/spring-jdbc/4.0.2.RELEASE/spring-jdbc-4.0.2.RELEASE.jar
7fa5a0037000-7fa5a0038000 r--s 00000000 08:13 531489                     /home/adrian/.m2/repository/org/springframework/boot/spring-boot-starter-web/1.1.1.RELEASE/spring-boot-starter-web-1.1.1.RELEASE.jar
7fa5a0038000-7fa5a003a000 r--s 00007000 08:13 531512                     /home/adrian/.m2/repository/com/fasterxml/jackson/core/jackson-annotations/2.3.3/jackson-annotations-2.3.3.jar
7fa5a003a000-7fa5a003b000 r--s 00006000 08:13 528824                     /home/adrian/.m2/repository/org/jboss/spec/javax/transaction/jboss-transaction-api_1.2_spec/1.0.0.Final/jboss-transaction-api_1.2_spec-1.0.0.Final.jar
7fa5a003b000-7fa5a0041000 r--s 0003d000 08:13 525505                     /home/adrian/.m2/repository/org/yaml/snakeyaml/1.13/snakeyaml-1.13.jar
7fa5a0041000-7fa5a0047000 r--s 0003d000 08:13 525506                     /home/adrian/.m2/repository/ch/qos/logback/logback-classic/1.1.2/logback-classic-1.1.2.jar
7fa5a0047000-7fa5a0055000 r--s 00090000 08:13 525522                     /home/adrian/.m2/repository/org/hibernate/hibernate-entitymanager/4.3.1.Final/hibernate-entitymanager-4.3.1.Final.jar
7fa5a0055000-7fa5a0058000 r--s 00035000 08:13 532287                     /home/adrian/.m2/repository/ognl/ognl/3.0.6/ognl-3.0.6.jar
7fa5a0058000-7fa5a005d000 r--s 00016000 08:13 524936                     /home/adrian/.m2/repository/xml-apis/xml-apis/1.0.b2/xml-apis-1.0.b2.jar
7fa5a005d000-7fa5a0060000 r--s 00019000 08:13 529898                     /home/adrian/.m2/repository/com/jolbox/bonecp/0.8.0.RELEASE/bonecp-0.8.0.RELEASE.jar
7fa5a0060000-7fa5a0063000 r--s 0000c000 08:13 1059951                    /home/adrian/.m2/repository/commons-fileupload/commons-fileupload/1.2.1/commons-fileupload-1.2.1.jar
7fa5a0063000-7fa5a006c000 r--s 0006f000 08:13 527669                     /home/adrian/.m2/repository/log4j/log4j/1.2.17/log4j-1.2.17.jar
7fa5a006c000-7fa5a006f000 r--s 00028000 08:13 531514                     /home/adrian/.m2/repository/org/apache/tomcat/embed/tomcat-embed-el/7.0.54/tomcat-embed-el-7.0.54.jar
7fa5a006f000-7fa5a0078000 r--s 000e0000 08:13 531693                     /home/adrian/.m2/repository/mysql/mysql-connector-java/5.1.30/mysql-connector-java-5.1.30.jar
7fa5a0078000-7fa5a007a000 r--s 00003000 08:13 525492                     /home/adrian/.m2/repository/org/slf4j/jcl-over-slf4j/1.7.7/jcl-over-slf4j-1.7.7.jar
7fa5a007a000-7fa5a007c000 r--s 00006000 08:13 525507                     /home/adrian/.m2/repository/org/slf4j/slf4j-api/1.7.7/slf4j-api-1.7.7.jar
7fa5a007c000-7fa5a0082000 r--s 0002d000 08:13 531680                     /home/adrian/.m2/repository/org/springframework/data/spring-data-jpa/1.6.0.RELEASE/spring-data-jpa-1.6.0.RELEASE.jar
7fa5a0082000-7fa5a0085000 r--s 00025000 08:13 527732                     /home/adrian/.m2/repository/commons-dbcp/commons-dbcp/1.4/commons-dbcp-1.4.jar
7fa5a0085000-7fa5a0092000 r--s 00080000 08:13 531516                     /home/adrian/.m2/repository/org/hibernate/hibernate-validator/5.0.3.Final/hibernate-validator-5.0.3.Final.jar
7fa5a0092000-7fa5a00b3000 r--s 00266000 08:13 531533                     /home/adrian/.m2/repository/org/apache/tomcat/embed/tomcat-embed-core/7.0.54/tomcat-embed-core-7.0.54.jar
7fa5a00b3000-7fa5a00b7000 r--s 0001e000 08:13 531525                     /home/adrian/.m2/repository/org/springframework/hateoas/spring-hateoas/0.12.0.RELEASE/spring-hateoas-0.12.0.RELEASE.jar
7fa5a00b7000-7fa5a00c1000 r--s 000a5000 08:13 529676                     /home/adrian/.m2/repository/org/javassist/javassist/3.18.1-GA/javassist-3.18.1-GA.jar
7fa5a00c1000-7fa5a00c9000 r--s 0005c000 08:13 933566                     /home/adrian/.m2/repository/org/springframework/security/spring-security-config/3.2.4.RELEASE/spring-security-config-3.2.4.RELEASE.jar
7fa5a00c9000-7fa5a1000000 rw-p 00000000 00:00 0 
7fa5a1000000-7fa5a1370000 rwxp 00000000 00:00 0 
7fa5a1370000-7fa5a4c27000 rw-p 00000000 00:00 0 
7fa5a4c27000-7fa5a8000000 ---p 00000000 00:00 0 
7fa5a8000000-7fa5a8002000 r--s 0000d000 08:13 531522                     /home/adrian/.m2/repository/com/fasterxml/classmate/1.0.0/classmate-1.0.0.jar
7fa5a8002000-7fa5a800f000 r--s 000b3000 08:13 532538                     /home/adrian/.m2/repository/org/thymeleaf/thymeleaf/2.1.2.RELEASE/thymeleaf-2.1.2.RELEASE.jar
7fa5a800f000-7fa5a8660000 rw-p 00000000 00:00 0 
7fa5a8660000-7fa5a881f000 r--s 039e2000 08:12 1968612                    /opt/java/jre/lib/rt.jar
7fa5a881f000-7fa5a8d46000 rw-p 00000000 00:00 0 
7fa5a8d46000-7fa5a8d47000 ---p 00000000 00:00 0 
7fa5a8d47000-7fa5a8e47000 rw-p 00000000 00:00 0                          [stack:14532]
7fa5a8e47000-7fa5a8e48000 ---p 00000000 00:00 0 
7fa5a8e48000-7fa5a8f48000 rw-p 00000000 00:00 0                          [stack:14531]
7fa5a8f48000-7fa5a8f49000 ---p 00000000 00:00 0 
7fa5a8f49000-7fa5a9049000 rw-p 00000000 00:00 0                          [stack:14530]
7fa5a9049000-7fa5a904a000 ---p 00000000 00:00 0 
7fa5a904a000-7fa5a914a000 rw-p 00000000 00:00 0                          [stack:14529]
7fa5a914a000-7fa5a914b000 ---p 00000000 00:00 0 
7fa5a914b000-7fa5a924b000 rw-p 00000000 00:00 0                          [stack:14528]
7fa5a924b000-7fa5a924c000 ---p 00000000 00:00 0 
7fa5a924c000-7fa5a934c000 rw-p 00000000 00:00 0                          [stack:14527]
7fa5a934c000-7fa5a934d000 ---p 00000000 00:00 0 
7fa5a934d000-7fa5a944d000 rw-p 00000000 00:00 0                          [stack:14526]
7fa5a944d000-7fa5a944e000 ---p 00000000 00:00 0 
7fa5a944e000-7fa5a9577000 rw-p 00000000 00:00 0                          [stack:14525]
7fa5a9577000-7fa5a97e1000 rw-p 00000000 00:00 0 
7fa5a97e1000-7fa5a97f9000 rw-p 00000000 00:00 0 
7fa5a97f9000-7fa5a980a000 rw-p 00000000 00:00 0 
7fa5a980a000-7fa5a9833000 rw-p 00000000 00:00 0 
7fa5a9833000-7fa5a9a9c000 rw-p 00000000 00:00 0 
7fa5a9a9c000-7fa5a9b74000 rw-p 00000000 00:00 0 
7fa5a9b74000-7fa5a9be6000 rw-p 00000000 00:00 0 
7fa5a9be6000-7fa5a9be7000 rw-p 00000000 00:00 0 
7fa5a9be7000-7fa5a9c01000 r-xp 00000000 08:12 1972079                    /opt/java/jre/lib/amd64/libzip.so
7fa5a9c01000-7fa5a9e01000 ---p 0001a000 08:12 1972079                    /opt/java/jre/lib/amd64/libzip.so
7fa5a9e01000-7fa5a9e02000 rw-p 0001a000 08:12 1972079                    /opt/java/jre/lib/amd64/libzip.so
7fa5a9e02000-7fa5a9e0d000 r-xp 00000000 08:12 658691                     /usr/lib/libnss_files-2.19.so
7fa5a9e0d000-7fa5aa00c000 ---p 0000b000 08:12 658691                     /usr/lib/libnss_files-2.19.so
7fa5aa00c000-7fa5aa00d000 r--p 0000a000 08:12 658691                     /usr/lib/libnss_files-2.19.so
7fa5aa00d000-7fa5aa00e000 rw-p 0000b000 08:12 658691                     /usr/lib/libnss_files-2.19.so
7fa5aa00e000-7fa5aa037000 r-xp 00000000 08:12 1972064                    /opt/java/jre/lib/amd64/libjava.so
7fa5aa037000-7fa5aa237000 ---p 00029000 08:12 1972064                    /opt/java/jre/lib/amd64/libjava.so
7fa5aa237000-7fa5aa239000 rw-p 00029000 08:12 1972064                    /opt/java/jre/lib/amd64/libjava.so
7fa5aa239000-7fa5aa246000 r-xp 00000000 08:12 1972034                    /opt/java/jre/lib/amd64/libverify.so
7fa5aa246000-7fa5aa445000 ---p 0000d000 08:12 1972034                    /opt/java/jre/lib/amd64/libverify.so
7fa5aa445000-7fa5aa447000 rw-p 0000c000 08:12 1972034                    /opt/java/jre/lib/amd64/libverify.so
7fa5aa447000-7fa5aa44e000 r-xp 00000000 08:12 658692                     /usr/lib/librt-2.19.so
7fa5aa44e000-7fa5aa64d000 ---p 00007000 08:12 658692                     /usr/lib/librt-2.19.so
7fa5aa64d000-7fa5aa64e000 r--p 00006000 08:12 658692                     /usr/lib/librt-2.19.so
7fa5aa64e000-7fa5aa64f000 rw-p 00007000 08:12 658692                     /usr/lib/librt-2.19.so
7fa5aa64f000-7fa5aa752000 r-xp 00000000 08:12 658627                     /usr/lib/libm-2.19.so
7fa5aa752000-7fa5aa951000 ---p 00103000 08:12 658627                     /usr/lib/libm-2.19.so
7fa5aa951000-7fa5aa952000 r--p 00102000 08:12 658627                     /usr/lib/libm-2.19.so
7fa5aa952000-7fa5aa953000 rw-p 00103000 08:12 658627                     /usr/lib/libm-2.19.so
7fa5aa953000-7fa5ab4c3000 r-xp 00000000 08:12 1972085                    /opt/java/jre/lib/amd64/server/libjvm.so
7fa5ab4c3000-7fa5ab6c2000 ---p 00b70000 08:12 1972085                    /opt/java/jre/lib/amd64/server/libjvm.so
7fa5ab6c2000-7fa5ab786000 rw-p 00b6f000 08:12 1972085                    /opt/java/jre/lib/amd64/server/libjvm.so
7fa5ab786000-7fa5ab7c7000 rw-p 00000000 00:00 0 
7fa5ab7c7000-7fa5ab96b000 r-xp 00000000 08:12 658700                     /usr/lib/libc-2.19.so
7fa5ab96b000-7fa5abb6b000 ---p 001a4000 08:12 658700                     /usr/lib/libc-2.19.so
7fa5abb6b000-7fa5abb6f000 r--p 001a4000 08:12 658700                     /usr/lib/libc-2.19.so
7fa5abb6f000-7fa5abb71000 rw-p 001a8000 08:12 658700                     /usr/lib/libc-2.19.so
7fa5abb71000-7fa5abb75000 rw-p 00000000 00:00 0 
7fa5abb75000-7fa5abb78000 r-xp 00000000 08:12 658644                     /usr/lib/libdl-2.19.so
7fa5abb78000-7fa5abd77000 ---p 00003000 08:12 658644                     /usr/lib/libdl-2.19.so
7fa5abd77000-7fa5abd78000 r--p 00002000 08:12 658644                     /usr/lib/libdl-2.19.so
7fa5abd78000-7fa5abd79000 rw-p 00003000 08:12 658644                     /usr/lib/libdl-2.19.so
7fa5abd79000-7fa5abd8f000 r-xp 00000000 08:12 1972089                    /opt/java/jre/lib/amd64/jli/libjli.so
7fa5abd8f000-7fa5abf8f000 ---p 00016000 08:12 1972089                    /opt/java/jre/lib/amd64/jli/libjli.so
7fa5abf8f000-7fa5abf90000 rw-p 00016000 08:12 1972089                    /opt/java/jre/lib/amd64/jli/libjli.so
7fa5abf90000-7fa5abfa8000 r-xp 00000000 08:12 658718                     /usr/lib/libpthread-2.19.so
7fa5abfa8000-7fa5ac1a8000 ---p 00018000 08:12 658718                     /usr/lib/libpthread-2.19.so
7fa5ac1a8000-7fa5ac1a9000 r--p 00018000 08:12 658718                     /usr/lib/libpthread-2.19.so
7fa5ac1a9000-7fa5ac1aa000 rw-p 00019000 08:12 658718                     /usr/lib/libpthread-2.19.so
7fa5ac1aa000-7fa5ac1ae000 rw-p 00000000 00:00 0 
7fa5ac1ae000-7fa5ac1cf000 r-xp 00000000 08:12 658673                     /usr/lib/ld-2.19.so
7fa5ac1cf000-7fa5ac1d0000 r--s 00000000 08:13 531503                     /home/adrian/.m2/repository/org/springframework/boot/spring-boot-starter-logging/1.1.1.RELEASE/spring-boot-starter-logging-1.1.1.RELEASE.jar
7fa5ac1d0000-7fa5ac1de000 rw-p 00000000 00:00 0 
7fa5ac1de000-7fa5ac290000 rw-p 00000000 00:00 0 
7fa5ac290000-7fa5ac293000 ---p 00000000 00:00 0 
7fa5ac293000-7fa5ac396000 rw-p 00000000 00:00 0                          [stack:14524]
7fa5ac396000-7fa5ac397000 r--s 00000000 08:13 531667                     /home/adrian/.m2/repository/org/springframework/boot/spring-boot-starter-aop/1.1.1.RELEASE/spring-boot-starter-aop-1.1.1.RELEASE.jar
7fa5ac397000-7fa5ac398000 r--s 00005000 08:13 525501                     /home/adrian/.m2/repository/org/slf4j/log4j-over-slf4j/1.7.7/log4j-over-slf4j-1.7.7.jar
7fa5ac398000-7fa5ac399000 r--s 00000000 08:13 531671                     /home/adrian/.m2/repository/org/springframework/boot/spring-boot-starter-data-jpa/1.1.1.RELEASE/spring-boot-starter-data-jpa-1.1.1.RELEASE.jar
7fa5ac399000-7fa5ac39b000 r--s 00009000 08:13 531529                     /home/adrian/.m2/repository/org/objenesis/objenesis/2.1/objenesis-2.1.jar
7fa5ac39b000-7fa5ac3b3000 rw-p 00000000 00:00 0 
7fa5ac3b3000-7fa5ac3c4000 rw-p 00000000 00:00 0 
7fa5ac3c4000-7fa5ac3cc000 rw-s 00000000 00:21 890617                     /tmp/hsperfdata_adrian/14523
7fa5ac3cc000-7fa5ac3cd000 rw-p 00000000 00:00 0 
7fa5ac3cd000-7fa5ac3ce000 ---p 00000000 00:00 0 
7fa5ac3ce000-7fa5ac3cf000 r--p 00020000 08:12 658673                     /usr/lib/ld-2.19.so
7fa5ac3cf000-7fa5ac3d0000 rw-p 00021000 08:12 658673                     /usr/lib/ld-2.19.so
7fa5ac3d0000-7fa5ac3d1000 rw-p 00000000 00:00 0 
7fff9b9da000-7fff9b9fd000 rw-p 00000000 00:00 0                          [stack]
7fff9b9fe000-7fff9ba00000 r-xp 00000000 00:00 0                          [vdso]
ffffffffff600000-ffffffffff601000 r-xp 00000000 00:00 0                  [vsyscall]

VM Arguments:
java_command: es.telocompro.TelocomproMain
Launcher Type: SUN_STANDARD

Environment Variables:
JAVA_HOME=/opt/java
PATH=/usr/local/sbin:/usr/local/bin:/usr/bin:/opt/android-sdk/tools:/usr/share/java/gradle/bin:/opt/java/bin:/opt/java/db/bin:/opt/java/jre/bin:/usr/bin/site_perl:/usr/bin/vendor_perl:/usr/bin/core_perl
SHELL=/usr/bin/zsh
DISPLAY=:0.0

Signal Handlers:
SIGSEGV: [libjvm.so+0x99f0f0], sa_mask[0]=0x7ffbfeff, sa_flags=0x10000004
SIGBUS: [libjvm.so+0x99f0f0], sa_mask[0]=0x7ffbfeff, sa_flags=0x10000004
SIGFPE: [libjvm.so+0x81a6d0], sa_mask[0]=0x7ffbfeff, sa_flags=0x10000004
SIGPIPE: [libjvm.so+0x81a6d0], sa_mask[0]=0x7ffbfeff, sa_flags=0x10000004
SIGXFSZ: [libjvm.so+0x81a6d0], sa_mask[0]=0x7ffbfeff, sa_flags=0x10000004
SIGILL: [libjvm.so+0x81a6d0], sa_mask[0]=0x7ffbfeff, sa_flags=0x10000004
SIGUSR1: SIG_DFL, sa_mask[0]=0x00000000, sa_flags=0x00000000
SIGUSR2: [libjvm.so+0x81bed0], sa_mask[0]=0x00000004, sa_flags=0x10000004
SIGHUP: [libjvm.so+0x81cfd0], sa_mask[0]=0x7ffbfeff, sa_flags=0x10000004
SIGINT: [libjvm.so+0x81cfd0], sa_mask[0]=0x7ffbfeff, sa_flags=0x10000004
SIGTERM: [libjvm.so+0x81cfd0], sa_mask[0]=0x7ffbfeff, sa_flags=0x10000004
SIGQUIT: [libjvm.so+0x81cfd0], sa_mask[0]=0x7ffbfeff, sa_flags=0x10000004


---------------  S Y S T E M  ---------------

OS:Linux
uname:Linux 3.15.1-1-ARCH #1 SMP PREEMPT Tue Jun 17 09:32:20 CEST 2014 x86_64
libc:glibc 2.19 NPTL 2.19 
rlimit: STACK 8192k, CORE 0k, NPROC 31300, NOFILE 4096, AS infinity
load average:2,87 1,46 0,94

/proc/meminfo:
MemTotal:        8091136 kB
MemFree:          134316 kB
MemAvailable:     146760 kB
Buffers:            4200 kB
Cached:          1153132 kB
SwapCached:            0 kB
Active:          6669224 kB
Inactive:         937512 kB
Active(anon):    6597140 kB
Inactive(anon):   875300 kB
Active(file):      72084 kB
Inactive(file):    62212 kB
Unevictable:        1180 kB
Mlocked:            1180 kB
SwapTotal:             0 kB
SwapFree:              0 kB
Dirty:               832 kB
Writeback:             0 kB
AnonPages:       6450864 kB
Mapped:           175760 kB
Shmem:           1022812 kB
Slab:             102796 kB
SReclaimable:      59528 kB
SUnreclaim:        43268 kB
KernelStack:       13472 kB
PageTables:        54056 kB
NFS_Unstable:          0 kB
Bounce:                0 kB
WritebackTmp:          0 kB
CommitLimit:     4045568 kB
Committed_AS:   13459144 kB
VmallocTotal:   34359738367 kB
VmallocUsed:      577544 kB
VmallocChunk:   34359108528 kB
HardwareCorrupted:     0 kB
AnonHugePages:   2605056 kB
HugePages_Total:       0
HugePages_Free:        0
HugePages_Rsvd:        0
HugePages_Surp:        0
Hugepagesize:       2048 kB
DirectMap4k:      180992 kB
DirectMap2M:     4972544 kB
DirectMap1G:     3145728 kB


CPU:total 8 (4 cores per cpu, 2 threads per core) family 6 model 60 stepping 3, cmov, cx8, fxsr, mmx, sse, sse2, sse3, ssse3, sse4.1, sse4.2, popcnt, avx, avx2, aes, erms, ht, tsc, tscinvbit

/proc/cpuinfo:
processor	: 0
vendor_id	: GenuineIntel
cpu family	: 6
model		: 60
model name	: Intel(R) Core(TM) i7-4702MQ CPU @ 2.20GHz
stepping	: 3
microcode	: 0x10
cpu MHz		: 3175.390
cache size	: 6144 KB
physical id	: 0
siblings	: 8
core id		: 0
cpu cores	: 4
apicid		: 0
initial apicid	: 0
fpu		: yes
fpu_exception	: yes
cpuid level	: 13
wp		: yes
flags		: fpu vme de pse tsc msr pae mce cx8 apic sep mtrr pge mca cmov pat pse36 clflush dts acpi mmx fxsr sse sse2 ss ht tm pbe syscall nx pdpe1gb rdtscp lm constant_tsc arch_perfmon pebs bts rep_good nopl xtopology nonstop_tsc aperfmperf eagerfpu pni pclmulqdq dtes64 monitor ds_cpl vmx est tm2 ssse3 fma cx16 xtpr pdcm pcid sse4_1 sse4_2 movbe popcnt tsc_deadline_timer aes xsave avx f16c rdrand lahf_lm abm ida arat epb xsaveopt pln pts dtherm tpr_shadow vnmi flexpriority ept vpid fsgsbase tsc_adjust bmi1 avx2 smep bmi2 erms invpcid
bogomips	: 4391.73
clflush size	: 64
cache_alignment	: 64
address sizes	: 39 bits physical, 48 bits virtual
power management:

processor	: 1
vendor_id	: GenuineIntel
cpu family	: 6
model		: 60
model name	: Intel(R) Core(TM) i7-4702MQ CPU @ 2.20GHz
stepping	: 3
microcode	: 0x10
cpu MHz		: 2925.828
cache size	: 6144 KB
physical id	: 0
siblings	: 8
core id		: 0
cpu cores	: 4
apicid		: 1
initial apicid	: 1
fpu		: yes
fpu_exception	: yes
cpuid level	: 13
wp		: yes
flags		: fpu vme de pse tsc msr pae mce cx8 apic sep mtrr pge mca cmov pat pse36 clflush dts acpi mmx fxsr sse sse2 ss ht tm pbe syscall nx pdpe1gb rdtscp lm constant_tsc arch_perfmon pebs bts rep_good nopl xtopology nonstop_tsc aperfmperf eagerfpu pni pclmulqdq dtes64 monitor ds_cpl vmx est tm2 ssse3 fma cx16 xtpr pdcm pcid sse4_1 sse4_2 movbe popcnt tsc_deadline_timer aes xsave avx f16c rdrand lahf_lm abm ida arat epb xsaveopt pln pts dtherm tpr_shadow vnmi flexpriority ept vpid fsgsbase tsc_adjust bmi1 avx2 smep bmi2 erms invpcid
bogomips	: 4391.73
clflush size	: 64
cache_alignment	: 64
address sizes	: 39 bits physical, 48 bits virtual
power management:

processor	: 2
vendor_id	: GenuineIntel
cpu family	: 6
model		: 60
model name	: Intel(R) Core(TM) i7-4702MQ CPU @ 2.20GHz
stepping	: 3
microcode	: 0x10
cpu MHz		: 2900.046
cache size	: 6144 KB
physical id	: 0
siblings	: 8
core id		: 1
cpu cores	: 4
apicid		: 2
initial apicid	: 2
fpu		: yes
fpu_exception	: yes
cpuid level	: 13
wp		: yes
flags		: fpu vme de pse tsc msr pae mce cx8 apic sep mtrr pge mca cmov pat pse36 clflush dts acpi mmx fxsr sse sse2 ss ht tm pbe syscall nx pdpe1gb rdtscp lm constant_tsc arch_perfmon pebs bts rep_good nopl xtopology nonstop_tsc aperfmperf eagerfpu pni pclmulqdq dtes64 monitor ds_cpl vmx est tm2 ssse3 fma cx16 xtpr pdcm pcid sse4_1 sse4_2 movbe popcnt tsc_deadline_timer aes xsave avx f16c rdrand lahf_lm abm ida arat epb xsaveopt pln pts dtherm tpr_shadow vnmi flexpriority ept vpid fsgsbase tsc_adjust bmi1 avx2 smep bmi2 erms invpcid
bogomips	: 4391.73
clflush size	: 64
cache_alignment	: 64
address sizes	: 39 bits physical, 48 bits virtual
power management:

processor	: 3
vendor_id	: GenuineIntel
cpu family	: 6
model		: 60
model name	: Intel(R) Core(TM) i7-4702MQ CPU @ 2.20GHz
stepping	: 3
microcode	: 0x10
cpu MHz		: 3015.375
cache size	: 6144 KB
physical id	: 0
siblings	: 8
core id		: 1
cpu cores	: 4
apicid		: 3
initial apicid	: 3
fpu		: yes
fpu_exception	: yes
cpuid level	: 13
wp		: yes
flags		: fpu vme de pse tsc msr pae mce cx8 apic sep mtrr pge mca cmov pat pse36 clflush dts acpi mmx fxsr sse sse2 ss ht tm pbe syscall nx pdpe1gb rdtscp lm constant_tsc arch_perfmon pebs bts rep_good nopl xtopology nonstop_tsc aperfmperf eagerfpu pni pclmulqdq dtes64 monitor ds_cpl vmx est tm2 ssse3 fma cx16 xtpr pdcm pcid sse4_1 sse4_2 movbe popcnt tsc_deadline_timer aes xsave avx f16c rdrand lahf_lm abm ida arat epb xsaveopt pln pts dtherm tpr_shadow vnmi flexpriority ept vpid fsgsbase tsc_adjust bmi1 avx2 smep bmi2 erms invpcid
bogomips	: 4391.73
clflush size	: 64
cache_alignment	: 64
address sizes	: 39 bits physical, 48 bits virtual
power management:

processor	: 4
vendor_id	: GenuineIntel
cpu family	: 6
model		: 60
model name	: Intel(R) Core(TM) i7-4702MQ CPU @ 2.20GHz
stepping	: 3
microcode	: 0x10
cpu MHz		: 2901.765
cache size	: 6144 KB
physical id	: 0
siblings	: 8
core id		: 2
cpu cores	: 4
apicid		: 4
initial apicid	: 4
fpu		: yes
fpu_exception	: yes
cpuid level	: 13
wp		: yes
flags		: fpu vme de pse tsc msr pae mce cx8 apic sep mtrr pge mca cmov pat pse36 clflush dts acpi mmx fxsr sse sse2 ss ht tm pbe syscall nx pdpe1gb rdtscp lm constant_tsc arch_perfmon pebs bts rep_good nopl xtopology nonstop_tsc aperfmperf eagerfpu pni pclmulqdq dtes64 monitor ds_cpl vmx est tm2 ssse3 fma cx16 xtpr pdcm pcid sse4_1 sse4_2 movbe popcnt tsc_deadline_timer aes xsave avx f16c rdrand lahf_lm abm ida arat epb xsaveopt pln pts dtherm tpr_shadow vnmi flexpriority ept vpid fsgsbase tsc_adjust bmi1 avx2 smep bmi2 erms invpcid
bogomips	: 4391.73
clflush size	: 64
cache_alignment	: 64
address sizes	: 39 bits physical, 48 bits virtual
power management:

processor	: 5
vendor_id	: GenuineIntel
cpu family	: 6
model		: 60
model name	: Intel(R) Core(TM) i7-4702MQ CPU @ 2.20GHz
stepping	: 3
microcode	: 0x10
cpu MHz		: 2899.960
cache size	: 6144 KB
physical id	: 0
siblings	: 8
core id		: 2
cpu cores	: 4
apicid		: 5
initial apicid	: 5
fpu		: yes
fpu_exception	: yes
cpuid level	: 13
wp		: yes
flags		: fpu vme de pse tsc msr pae mce cx8 apic sep mtrr pge mca cmov pat pse36 clflush dts acpi mmx fxsr sse sse2 ss ht tm pbe syscall nx pdpe1gb rdtscp lm constant_tsc arch_perfmon pebs bts rep_good nopl xtopology nonstop_tsc aperfmperf eagerfpu pni pclmulqdq dtes64 monitor ds_cpl vmx est tm2 ssse3 fma cx16 xtpr pdcm pcid sse4_1 sse4_2 movbe popcnt tsc_deadline_timer aes xsave avx f16c rdrand lahf_lm abm ida arat epb xsaveopt pln pts dtherm tpr_shadow vnmi flexpriority ept vpid fsgsbase tsc_adjust bmi1 avx2 smep bmi2 erms invpcid
bogomips	: 4391.73
clflush size	: 64
cache_alignment	: 64
address sizes	: 39 bits physical, 48 bits virtual
power management:

processor	: 6
vendor_id	: GenuineIntel
cpu family	: 6
model		: 60
model name	: Intel(R) Core(TM) i7-4702MQ CPU @ 2.20GHz
stepping	: 3
microcode	: 0x10
cpu MHz		: 2919.468
cache size	: 6144 KB
physical id	: 0
siblings	: 8
core id		: 3
cpu cores	: 4
apicid		: 6
initial apicid	: 6
fpu		: yes
fpu_exception	: yes
cpuid level	: 13
wp		: yes
flags		: fpu vme de pse tsc msr pae mce cx8 apic sep mtrr pge mca cmov pat pse36 clflush dts acpi mmx fxsr sse sse2 ss ht tm pbe syscall nx pdpe1gb rdtscp lm constant_tsc arch_perfmon pebs bts rep_good nopl xtopology nonstop_tsc aperfmperf eagerfpu pni pclmulqdq dtes64 monitor ds_cpl vmx est tm2 ssse3 fma cx16 xtpr pdcm pcid sse4_1 sse4_2 movbe popcnt tsc_deadline_timer aes xsave avx f16c rdrand lahf_lm abm ida arat epb xsaveopt pln pts dtherm tpr_shadow vnmi flexpriority ept vpid fsgsbase tsc_adjust bmi1 avx2 smep bmi2 erms invpcid
bogomips	: 4391.73
clflush size	: 64
cache_alignment	: 64
address sizes	: 39 bits physical, 48 bits virtual
power management:

processor	: 7
vendor_id	: GenuineIntel
cpu family	: 6
model		: 60
model name	: Intel(R) Core(TM) i7-4702MQ CPU @ 2.20GHz
stepping	: 3
microcode	: 0x10
cpu MHz		: 2899.960
cache size	: 6144 KB
physical id	: 0
siblings	: 8
core id		: 3
cpu cores	: 4
apicid		: 7
initial apicid	: 7
fpu		: yes
fpu_exception	: yes
cpuid level	: 13
wp		: yes
flags		: fpu vme de pse tsc msr pae mce cx8 apic sep mtrr pge mca cmov pat pse36 clflush dts acpi mmx fxsr sse sse2 ss ht tm pbe syscall nx pdpe1gb rdtscp lm constant_tsc arch_perfmon pebs bts rep_good nopl xtopology nonstop_tsc aperfmperf eagerfpu pni pclmulqdq dtes64 monitor ds_cpl vmx est tm2 ssse3 fma cx16 xtpr pdcm pcid sse4_1 sse4_2 movbe popcnt tsc_deadline_timer aes xsave avx f16c rdrand lahf_lm abm ida arat epb xsaveopt pln pts dtherm tpr_shadow vnmi flexpriority ept vpid fsgsbase tsc_adjust bmi1 avx2 smep bmi2 erms invpcid
bogomips	: 4391.73
clflush size	: 64
cache_alignment	: 64
address sizes	: 39 bits physical, 48 bits virtual
power management:



Memory: 4k page, physical 8091136k(134316k free), swap 0k(0k free)

vm_info: Java HotSpot(TM) 64-Bit Server VM (24.60-b09) for linux-amd64 JRE (1.7.0_60-b19), built on May  7 2014 13:18:30 by "java_re" with gcc 4.3.0 20080428 (Red Hat 4.3.0-8)

time: Fri Jun 27 00:57:39 2014
elapsed time: 337 seconds

