#
# There is insufficient memory for the Java Runtime Environment to continue.
# Native memory allocation (malloc) failed to allocate 239599616 bytes for committing reserved memory.
# Possible reasons:
#   The system is out of physical RAM or swap space
#   In 32 bit mode, the process size limit was hit
# Possible solutions:
#   Reduce memory load on the system
#   Increase physical memory or swap space
#   Check if swap backing store is full
#   Use 64 bit Java on a 64 bit OS
#   Decrease Java heap size (-Xmx/-Xms)
#   Decrease number of Java threads
#   Decrease Java thread stack sizes (-Xss)
#   Set larger code cache with -XX:ReservedCodeCacheSize=
# This output file may be truncated or incomplete.
#
#  Out of Memory Error (os_linux.cpp:2747), pid=3889, tid=140407934179072
#
# JRE version: Java(TM) SE Runtime Environment (7.0_60-b19) (build 1.7.0_60-b19)
# Java VM: Java HotSpot(TM) 64-Bit Server VM (24.60-b09 mixed mode linux-amd64 compressed oops)
# Failed to write core dump. Core dumps have been disabled. To enable core dumping, try "ulimit -c unlimited" before starting Java again
#

---------------  T H R E A D  ---------------

Current thread (0x00007fb348074800):  VMThread [stack: 0x00007fb344fa5000,0x00007fb3450a6000] [id=3899]

Stack: [0x00007fb344fa5000,0x00007fb3450a6000],  sp=0x00007fb3450a4300,  free space=1020k
Native frames: (J=compiled Java code, j=interpreted, Vv=VM code, C=native code)
V  [libjvm.so+0x99e7ca]  JVM_handle_linux_signal+0x17b14a
V  [libjvm.so+0x496fbb]  sem_destroy+0x496fbb
V  [libjvm.so+0x81d81e]  fork1+0x19ee
V  [libjvm.so+0x81dd69]  fork1+0x1f39
V  [libjvm.so+0x817b0a]  JVM_RaiseSignal+0x18904a
V  [libjvm.so+0x88a613]  JVM_handle_linux_signal+0x66f93
V  [libjvm.so+0x88b9e8]  JVM_handle_linux_signal+0x68368
V  [libjvm.so+0x88ab52]  JVM_handle_linux_signal+0x674d2
V  [libjvm.so+0x887fa3]  JVM_handle_linux_signal+0x64923
V  [libjvm.so+0x888751]  JVM_handle_linux_signal+0x650d1
V  [libjvm.so+0x83f370]  JVM_handle_linux_signal+0x1bcf0
V  [libjvm.so+0x9a0067]  JVM_handle_linux_signal+0x17c9e7
V  [libjvm.so+0x9a7505]  JVM_handle_linux_signal+0x183e85
V  [libjvm.so+0x9a58ca]  JVM_handle_linux_signal+0x18224a
V  [libjvm.so+0x9a5c4e]  JVM_handle_linux_signal+0x1825ce
V  [libjvm.so+0x9a60c0]  JVM_handle_linux_signal+0x182a40
V  [libjvm.so+0x81f7f8]  fork1+0x39c8

VM_Operation (0x00007fb33f93b2a0): ParallelGCFailedAllocation, mode: safepoint, requested by thread 0x00007fb2c4001800


---------------  P R O C E S S  ---------------

Java Threads: ( => current thread )
  0x00007fb2dc02d000 JavaThread "Java2D Disposer" daemon [_thread_blocked, id=4010, stack(0x00007fb33e255000,0x00007fb33e356000)]
  0x00007fb2c4008000 JavaThread "http-nio-8080-exec-10" daemon [_thread_blocked, id=4009, stack(0x00007fb33e82f000,0x00007fb33e930000)]
  0x00007fb2c4006800 JavaThread "http-nio-8080-exec-9" daemon [_thread_blocked, id=4008, stack(0x00007fb33e930000,0x00007fb33ea31000)]
  0x00007fb2d0006000 JavaThread "http-nio-8080-exec-8" daemon [_thread_blocked, id=4006, stack(0x00007fb33ea31000,0x00007fb33eb32000)]
  0x00007fb2d0004000 JavaThread "http-nio-8080-exec-7" daemon [_thread_blocked, id=4005, stack(0x00007fb33eb32000,0x00007fb33ec33000)]
  0x00007fb2c4005000 JavaThread "http-nio-8080-exec-6" daemon [_thread_blocked, id=4004, stack(0x00007fb33ec33000,0x00007fb33ed34000)]
  0x00007fb2c4003800 JavaThread "http-nio-8080-exec-5" daemon [_thread_blocked, id=4003, stack(0x00007fb33ed34000,0x00007fb33ee35000)]
  0x00007fb2d0002800 JavaThread "http-nio-8080-exec-4" daemon [_thread_blocked, id=4002, stack(0x00007fb33ee35000,0x00007fb33ef36000)]
  0x00007fb2d0001000 JavaThread "http-nio-8080-exec-3" daemon [_thread_blocked, id=4001, stack(0x00007fb33ef36000,0x00007fb33f037000)]
  0x00007fb2c4003000 JavaThread "http-nio-8080-exec-2" daemon [_thread_blocked, id=4000, stack(0x00007fb33f73e000,0x00007fb33f83f000)]
  0x00007fb2c4001800 JavaThread "http-nio-8080-exec-1" daemon [_thread_blocked, id=3999, stack(0x00007fb33f83f000,0x00007fb33f940000)]
  0x00007fb34800c800 JavaThread "DestroyJavaVM" [_thread_blocked, id=3890, stack(0x00007fb35197d000,0x00007fb351a7e000)]
  0x00007fb348b9e800 JavaThread "http-nio-8080-Acceptor-0" daemon [_thread_in_native, id=3923, stack(0x00007fb33f037000,0x00007fb33f138000)]
  0x00007fb348b9e000 JavaThread "http-nio-8080-ClientPoller-1" daemon [_thread_in_native, id=3922, stack(0x00007fb33f239000,0x00007fb33f33a000)]
  0x00007fb348b9d000 JavaThread "http-nio-8080-ClientPoller-0" daemon [_thread_in_native, id=3921, stack(0x00007fb33f33a000,0x00007fb33f43b000)]
  0x00007fb348ba1000 JavaThread "NioBlockingSelector.BlockPoller-2" daemon [_thread_in_native, id=3920, stack(0x00007fb33f138000,0x00007fb33f239000)]
  0x00007fb348b5c800 JavaThread "container-0" [_thread_blocked, id=3918, stack(0x00007fb33f43b000,0x00007fb33f53c000)]
  0x00007fb2e0887000 JavaThread "ContainerBackgroundProcessor[StandardEngine[Tomcat].StandardHost[localhost].StandardContext[]]" daemon [_thread_blocked, id=3913, stack(0x00007fb33f53c000,0x00007fb33f63d000)]
  0x00007fb2e008a800 JavaThread "Abandoned connection cleanup thread" daemon [_thread_blocked, id=3910, stack(0x00007fb33f63d000,0x00007fb33f73e000)]
  0x00007fb3480a1800 JavaThread "Service Thread" daemon [_thread_blocked, id=3905, stack(0x00007fb344816000,0x00007fb344917000)]
  0x00007fb34809f800 JavaThread "C2 CompilerThread1" daemon [_thread_blocked, id=3904, stack(0x00007fb344917000,0x00007fb344a18000)]
  0x00007fb34809c800 JavaThread "C2 CompilerThread0" daemon [_thread_blocked, id=3903, stack(0x00007fb344a18000,0x00007fb344b19000)]
  0x00007fb34809a800 JavaThread "Signal Dispatcher" daemon [_thread_blocked, id=3902, stack(0x00007fb344b19000,0x00007fb344c1a000)]
  0x00007fb34807b000 JavaThread "Finalizer" daemon [_thread_blocked, id=3901, stack(0x00007fb344da3000,0x00007fb344ea4000)]
  0x00007fb348079000 JavaThread "Reference Handler" daemon [_thread_blocked, id=3900, stack(0x00007fb344ea4000,0x00007fb344fa5000)]

Other Threads:
=>0x00007fb348074800 VMThread [stack: 0x00007fb344fa5000,0x00007fb3450a6000] [id=3899]
  0x00007fb3480bc800 WatcherThread [stack: 0x00007fb344715000,0x00007fb344816000] [id=3906]

VM state:at safepoint (normal execution)

VM Mutex/Monitor currently owned by a thread:  ([mutex/lock_event])
[0x00007fb34800a1a0] Threads_lock - owner thread: 0x00007fb348074800
[0x00007fb34800a6a0] Heap_lock - owner thread: 0x00007fb2c4001800

Heap
 PSYoungGen      total 422912K, used 13807K [0x00000007d6d00000, 0x00000007f1b80000, 0x0000000800000000)
  eden space 409088K, 0% used [0x00000007d6d00000,0x00000007d6d00000,0x00000007efc80000)
  from space 13824K, 99% used [0x00000007efc80000,0x00000007f09fbf28,0x00000007f0a00000)
  to   space 9728K, 0% used [0x00000007f0a00000,0x00000007f0a00000,0x00000007f1380000)
 ParOldGen       total 83968K, used 32475K [0x0000000784800000, 0x0000000789a00000, 0x00000007d6d00000)
  object space 83968K, 38% used [0x0000000784800000,0x00000007867b6c48,0x0000000789a00000)
 PSPermGen       total 48128K, used 48009K [0x000000077f600000, 0x0000000782500000, 0x0000000784800000)
  object space 48128K, 99% used [0x000000077f600000,0x00000007824e2460,0x0000000782500000)

Card table byte_map: [0x00007fb347bfa000,0x00007fb348000000] byte_map_base: 0x00007fb343fff000

Polling page: 0x00007fb351aba000

Code Cache  [0x00007fb34c2d4000, 0x00007fb34c654000, 0x00007fb34f2d4000)
 total_blobs=1389 nmethods=911 adapters=429 free_code_cache=45663Kb largest_free_block=46700864

Compilation events (10 events):
Event: 82,446 Thread 0x00007fb34809c800 nmethod 1024 0x00007fb34c521050 code [0x00007fb34c5211a0, 0x00007fb34c5212e8]
Event: 82,446 Thread 0x00007fb34809c800 1025             sun.awt.image.ByteInterleavedRaster::getByteData (851 bytes)
Event: 82,447 Thread 0x00007fb34809f800 nmethod 1023 0x00007fb34c414790 code [0x00007fb34c414980, 0x00007fb34c415200]
Event: 82,447 Thread 0x00007fb34809f800 1026             sun.awt.image.SunWritableRaster::markDirty (8 bytes)
Event: 82,447 Thread 0x00007fb34809f800 nmethod 1026 0x00007fb34c5222d0 code [0x00007fb34c522400, 0x00007fb34c522478]
Event: 82,447 Thread 0x00007fb34809f800 1027             sun.java2d.StateTrackableDelegate::markDirty (6 bytes)
Event: 82,447 Thread 0x00007fb34809f800 nmethod 1027 0x00007fb34c520e50 code [0x00007fb34c520f80, 0x00007fb34c520fd8]
Event: 82,447 Thread 0x00007fb34809f800 1028             javax.imageio.ImageReader::processImageUpdate (73 bytes)
Event: 82,448 Thread 0x00007fb34809f800 nmethod 1028 0x00007fb34c416550 code [0x00007fb34c416680, 0x00007fb34c416718]
Event: 82,474 Thread 0x00007fb34809c800 nmethod 1025 0x00007fb34c40f0d0 code [0x00007fb34c40f2a0, 0x00007fb34c410c38]

GC Heap History (10 events):
Event: 2,358 GC heap after
Heap after GC invocations=6 (full 0):
 PSYoungGen      total 136704K, used 5436K [0x00000007d6d00000, 0x00000007dfa00000, 0x0000000800000000)
  eden space 129024K, 0% used [0x00000007d6d00000,0x00000007d6d00000,0x00000007deb00000)
  from space 7680K, 70% used [0x00000007df280000,0x00000007df7cf248,0x00000007dfa00000)
  to   space 7680K, 0% used [0x00000007deb00000,0x00000007deb00000,0x00000007df280000)
 ParOldGen       total 83968K, used 3000K [0x0000000784800000, 0x0000000789a00000, 0x00000007d6d00000)
  object space 83968K, 3% used [0x0000000784800000,0x0000000784aee088,0x0000000789a00000)
 PSPermGen       total 21504K, used 13361K [0x000000077f600000, 0x0000000780b00000, 0x0000000784800000)
  object space 21504K, 62% used [0x000000077f600000,0x000000078030c5a0,0x0000000780b00000)
}
Event: 2,585 GC heap before
{Heap before GC invocations=7 (full 0):
 PSYoungGen      total 136704K, used 134460K [0x00000007d6d00000, 0x00000007dfa00000, 0x0000000800000000)
  eden space 129024K, 100% used [0x00000007d6d00000,0x00000007deb00000,0x00000007deb00000)
  from space 7680K, 70% used [0x00000007df280000,0x00000007df7cf248,0x00000007dfa00000)
  to   space 7680K, 0% used [0x00000007deb00000,0x00000007deb00000,0x00000007df280000)
 ParOldGen       total 83968K, used 3000K [0x0000000784800000, 0x0000000789a00000, 0x00000007d6d00000)
  object space 83968K, 3% used [0x0000000784800000,0x0000000784aee088,0x0000000789a00000)
 PSPermGen       total 21504K, used 13514K [0x000000077f600000, 0x0000000780b00000, 0x0000000784800000)
  object space 21504K, 62% used [0x000000077f600000,0x00000007803328d8,0x0000000780b00000)
Event: 2,592 GC heap after
Heap after GC invocations=7 (full 0):
 PSYoungGen      total 136704K, used 3303K [0x00000007d6d00000, 0x00000007e7800000, 0x0000000800000000)
  eden space 129024K, 0% used [0x00000007d6d00000,0x00000007d6d00000,0x00000007deb00000)
  from space 7680K, 43% used [0x00000007deb00000,0x00000007dee39da8,0x00000007df280000)
  to   space 7680K, 0% used [0x00000007e7080000,0x00000007e7080000,0x00000007e7800000)
 ParOldGen       total 83968K, used 5210K [0x0000000784800000, 0x0000000789a00000, 0x00000007d6d00000)
  object space 83968K, 6% used [0x0000000784800000,0x0000000784d16bf0,0x0000000789a00000)
 PSPermGen       total 21504K, used 13514K [0x000000077f600000, 0x0000000780b00000, 0x0000000784800000)
  object space 21504K, 62% used [0x000000077f600000,0x00000007803328d8,0x0000000780b00000)
}
Event: 3,138 GC heap before
{Heap before GC invocations=8 (full 0):
 PSYoungGen      total 136704K, used 132327K [0x00000007d6d00000, 0x00000007e7800000, 0x0000000800000000)
  eden space 129024K, 100% used [0x00000007d6d00000,0x00000007deb00000,0x00000007deb00000)
  from space 7680K, 43% used [0x00000007deb00000,0x00000007dee39da8,0x00000007df280000)
  to   space 7680K, 0% used [0x00000007e7080000,0x00000007e7080000,0x00000007e7800000)
 ParOldGen       total 83968K, used 5210K [0x0000000784800000, 0x0000000789a00000, 0x00000007d6d00000)
  object space 83968K, 6% used [0x0000000784800000,0x0000000784d16bf0,0x0000000789a00000)
 PSPermGen       total 21504K, used 16146K [0x000000077f600000, 0x0000000780b00000, 0x0000000784800000)
  object space 21504K, 75% used [0x000000077f600000,0x00000007805c4af0,0x0000000780b00000)
Event: 3,142 GC heap after
Heap after GC invocations=8 (full 0):
 PSYoungGen      total 265728K, used 3649K [0x00000007d6d00000, 0x00000007e7800000, 0x0000000800000000)
  eden space 258048K, 0% used [0x00000007d6d00000,0x00000007d6d00000,0x00000007e6900000)
  from space 7680K, 47% used [0x00000007e7080000,0x00000007e74105d0,0x00000007e7800000)
  to   space 7680K, 0% used [0x00000007e6900000,0x00000007e6900000,0x00000007e7080000)
 ParOldGen       total 83968K, used 6659K [0x0000000784800000, 0x0000000789a00000, 0x00000007d6d00000)
  object space 83968K, 7% used [0x0000000784800000,0x0000000784e80d70,0x0000000789a00000)
 PSPermGen       total 21504K, used 16146K [0x000000077f600000, 0x0000000780b00000, 0x0000000784800000)
  object space 21504K, 75% used [0x000000077f600000,0x00000007805c4af0,0x0000000780b00000)
}
Event: 4,405 GC heap before
{Heap before GC invocations=9 (full 0):
 PSYoungGen      total 265728K, used 261697K [0x00000007d6d00000, 0x00000007e7800000, 0x0000000800000000)
  eden space 258048K, 100% used [0x00000007d6d00000,0x00000007e6900000,0x00000007e6900000)
  from space 7680K, 47% used [0x00000007e7080000,0x00000007e74105d0,0x00000007e7800000)
  to   space 7680K, 0% used [0x00000007e6900000,0x00000007e6900000,0x00000007e7080000)
 ParOldGen       total 83968K, used 6659K [0x0000000784800000, 0x0000000789a00000, 0x00000007d6d00000)
  object space 83968K, 7% used [0x0000000784800000,0x0000000784e80d70,0x0000000789a00000)
 PSPermGen       total 24576K, used 24351K [0x000000077f600000, 0x0000000780e00000, 0x0000000784800000)
  object space 24576K, 99% used [0x000000077f600000,0x0000000780dc7d50,0x0000000780e00000)
Event: 4,414 GC heap after
Heap after GC invocations=9 (full 0):
 PSYoungGen      total 265728K, used 7664K [0x00000007d6d00000, 0x00000007f1380000, 0x0000000800000000)
  eden space 258048K, 0% used [0x00000007d6d00000,0x00000007d6d00000,0x00000007e6900000)
  from space 7680K, 99% used [0x00000007e6900000,0x00000007e707c1b8,0x00000007e7080000)
  to   space 9728K, 0% used [0x00000007f0a00000,0x00000007f0a00000,0x00000007f1380000)
 ParOldGen       total 83968K, used 9822K [0x0000000784800000, 0x0000000789a00000, 0x00000007d6d00000)
  object space 83968K, 11% used [0x0000000784800000,0x0000000785197bc8,0x0000000789a00000)
 PSPermGen       total 24576K, used 24351K [0x000000077f600000, 0x0000000780e00000, 0x0000000784800000)
  object space 24576K, 99% used [0x000000077f600000,0x0000000780dc7d50,0x0000000780e00000)
}
Event: 5,910 GC heap before
{Heap before GC invocations=10 (full 0):
 PSYoungGen      total 265728K, used 265712K [0x00000007d6d00000, 0x00000007f1380000, 0x0000000800000000)
  eden space 258048K, 100% used [0x00000007d6d00000,0x00000007e6900000,0x00000007e6900000)
  from space 7680K, 99% used [0x00000007e6900000,0x00000007e707c1b8,0x00000007e7080000)
  to   space 9728K, 0% used [0x00000007f0a00000,0x00000007f0a00000,0x00000007f1380000)
 ParOldGen       total 83968K, used 9822K [0x0000000784800000, 0x0000000789a00000, 0x00000007d6d00000)
  object space 83968K, 11% used [0x0000000784800000,0x0000000785197bc8,0x0000000789a00000)
 PSPermGen       total 37888K, used 37475K [0x000000077f600000, 0x0000000781b00000, 0x0000000784800000)
  object space 37888K, 98% used [0x000000077f600000,0x0000000781a98cc8,0x0000000781b00000)
Event: 6,122 GC heap after
Heap after GC invocations=10 (full 0):
 PSYoungGen      total 418816K, used 9716K [0x00000007d6d00000, 0x00000007f1b80000, 0x0000000800000000)
  eden space 409088K, 0% used [0x00000007d6d00000,0x00000007d6d00000,0x00000007efc80000)
  from space 9728K, 99% used [0x00000007f0a00000,0x00000007f137d2c0,0x00000007f1380000)
  to   space 13824K, 0% used [0x00000007efc80000,0x00000007efc80000,0x00000007f0a00000)
 ParOldGen       total 83968K, used 18241K [0x0000000784800000, 0x0000000789a00000, 0x00000007d6d00000)
  object space 83968K, 21% used [0x0000000784800000,0x00000007859d0620,0x0000000789a00000)
 PSPermGen       total 37888K, used 37475K [0x000000077f600000, 0x0000000781b00000, 0x0000000784800000)
  object space 37888K, 98% used [0x000000077f600000,0x0000000781a98cc8,0x0000000781b00000)
}
Event: 82,481 GC heap before
{Heap before GC invocations=11 (full 0):
 PSYoungGen      total 418816K, used 418804K [0x00000007d6d00000, 0x00000007f1b80000, 0x0000000800000000)
  eden space 409088K, 100% used [0x00000007d6d00000,0x00000007efc80000,0x00000007efc80000)
  from space 9728K, 99% used [0x00000007f0a00000,0x00000007f137d2c0,0x00000007f1380000)
  to   space 13824K, 0% used [0x00000007efc80000,0x00000007efc80000,0x00000007f0a00000)
 ParOldGen       total 83968K, used 18241K [0x0000000784800000, 0x0000000789a00000, 0x00000007d6d00000)
  object space 83968K, 21% used [0x0000000784800000,0x00000007859d0620,0x0000000789a00000)
 PSPermGen       total 48128K, used 48009K [0x000000077f600000, 0x0000000782500000, 0x0000000784800000)
  object space 48128K, 99% used [0x000000077f600000,0x00000007824e2460,0x0000000782500000)

Deoptimization events (10 events):
Event: 38,488 Thread 0x00007fb2c4001800 Uncommon trap: reason=unreached action=reinterpret pc=0x00007fb34c3a3e9c method=java.util.HashMap.getEntry(Ljava/lang/Object;)Ljava/util/HashMap$Entry; @ 10
Event: 38,488 Thread 0x00007fb2c4001800 Uncommon trap: reason=unreached action=reinterpret pc=0x00007fb34c351790 method=java.util.HashMap.getEntry(Ljava/lang/Object;)Ljava/util/HashMap$Entry; @ 10
Event: 38,524 Thread 0x00007fb2c4001800 Uncommon trap: reason=bimorphic action=maybe_recompile pc=0x00007fb34c3f8f34 method=java.util.HashMap$KeySet.iterator()Ljava/util/Iterator; @ 4
Event: 40,035 Thread 0x00007fb2d0001000 Uncommon trap: reason=class_check action=maybe_recompile pc=0x00007fb34c369aa8 method=org.springframework.core.MethodParameter.equals(Ljava/lang/Object;)Z @ 19
Event: 40,035 Thread 0x00007fb2d0001000 Uncommon trap: reason=class_check action=maybe_recompile pc=0x00007fb34c369aa8 method=org.springframework.core.MethodParameter.equals(Ljava/lang/Object;)Z @ 19
Event: 40,035 Thread 0x00007fb2d0001000 Uncommon trap: reason=class_check action=maybe_recompile pc=0x00007fb34c369aa8 method=org.springframework.core.MethodParameter.equals(Ljava/lang/Object;)Z @ 19
Event: 40,035 Thread 0x00007fb2d0001000 Uncommon trap: reason=class_check action=maybe_recompile pc=0x00007fb34c369aa8 method=org.springframework.core.MethodParameter.equals(Ljava/lang/Object;)Z @ 19
Event: 40,055 Thread 0x00007fb2d0001000 Uncommon trap: reason=bimorphic action=maybe_recompile pc=0x00007fb34c3f8f34 method=java.util.HashMap$KeySet.iterator()Ljava/util/Iterator; @ 4
Event: 41,347 Thread 0x00007fb2c4003800 Uncommon trap: reason=bimorphic action=maybe_recompile pc=0x00007fb34c3f8f34 method=java.util.HashMap$KeySet.iterator()Ljava/util/Iterator; @ 4
Event: 81,811 Thread 0x00007fb2c4001800 Uncommon trap: reason=class_check action=maybe_recompile pc=0x00007fb34c40a1d8 method=java.util.AbstractList$Itr.hasNext()Z @ 8

Internal exceptions (10 events):
Event: 81,773 Thread 0x00007fb2c4001800 Threw 0x00000007eb37a400 at /HUDSON/workspace/7u-2-build-linux-amd64/jdk7u60/1081/hotspot/src/share/vm/prims/jvm.cpp:1244
Event: 81,773 Thread 0x00007fb2c4001800 Threw 0x00000007eb382170 at /HUDSON/workspace/7u-2-build-linux-amd64/jdk7u60/1081/hotspot/src/share/vm/prims/jvm.cpp:1244
Event: 81,784 Thread 0x00007fb2c4001800 Threw 0x00000007eb3d6230 at /HUDSON/workspace/7u-2-build-linux-amd64/jdk7u60/1081/hotspot/src/share/vm/prims/jvm.cpp:1244
Event: 81,784 Thread 0x00007fb2c4001800 Threw 0x00000007eb3df660 at /HUDSON/workspace/7u-2-build-linux-amd64/jdk7u60/1081/hotspot/src/share/vm/prims/jvm.cpp:1244
Event: 81,796 Thread 0x00007fb2c4001800 Threw 0x00000007eb3ed600 at /HUDSON/workspace/7u-2-build-linux-amd64/jdk7u60/1081/hotspot/src/share/vm/prims/jni.cpp:717
Event: 81,796 Thread 0x00007fb2c4001800 Threw 0x00000007eb3ee140 at /HUDSON/workspace/7u-2-build-linux-amd64/jdk7u60/1081/hotspot/src/share/vm/prims/jni.cpp:717
Event: 82,277 Thread 0x00007fb2c4001800 Threw 0x00000007eed079b8 at /HUDSON/workspace/7u-2-build-linux-amd64/jdk7u60/1081/hotspot/src/share/vm/prims/jvm.cpp:1244
Event: 82,278 Thread 0x00007fb2c4001800 Threw 0x00000007eed157a8 at /HUDSON/workspace/7u-2-build-linux-amd64/jdk7u60/1081/hotspot/src/share/vm/prims/jvm.cpp:1244
Event: 82,279 Thread 0x00007fb2c4001800 Threw 0x00000007eed21c00 at /HUDSON/workspace/7u-2-build-linux-amd64/jdk7u60/1081/hotspot/src/share/vm/prims/jvm.cpp:1244
Event: 82,280 Thread 0x00007fb2c4001800 Threw 0x00000007eed2e588 at /HUDSON/workspace/7u-2-build-linux-amd64/jdk7u60/1081/hotspot/src/share/vm/prims/jvm.cpp:1244

Events (10 events):
Event: 82,204 Thread 0x00007fb34809f800 flushing nmethod 0x00007fb34c520cd0
Event: 82,277 loading class 0x00007fb2e0088020
Event: 82,277 loading class 0x00007fb2e0088020 done
Event: 82,278 loading class 0x00007fb3482e5ef0
Event: 82,278 loading class 0x00007fb3482e5ef0 done
Event: 82,279 loading class 0x00007fb2dc0dd770
Event: 82,279 loading class 0x00007fb2dc0dd770 done
Event: 82,280 loading class 0x00007fb2dc02ed00
Event: 82,280 loading class 0x00007fb2dc02ed00 done
Event: 82,481 Executing VM operation: ParallelGCFailedAllocation


Dynamic libraries:
00400000-00401000 r-xp 00000000 08:12 1972173                            /opt/java/jre/bin/java
00600000-00601000 rw-p 00000000 08:12 1972173                            /opt/java/jre/bin/java
01df2000-01e13000 rw-p 00000000 00:00 0                                  [heap]
77f600000-782500000 rw-p 00000000 00:00 0 
782500000-784800000 rw-p 00000000 00:00 0 
784800000-789a00000 rw-p 00000000 00:00 0 
789a00000-7d6d00000 rw-p 00000000 00:00 0 
7d6d00000-7f1b80000 rw-p 00000000 00:00 0 
7fb29c000000-7fb29c021000 rw-p 00000000 00:00 0 
7fb29c021000-7fb2a0000000 ---p 00000000 00:00 0 
7fb2a0000000-7fb2a0021000 rw-p 00000000 00:00 0 
7fb2a0021000-7fb2a4000000 ---p 00000000 00:00 0 
7fb2a4000000-7fb2a4021000 rw-p 00000000 00:00 0 
7fb2a4021000-7fb2a8000000 ---p 00000000 00:00 0 
7fb2a8000000-7fb2a8037000 rw-p 00000000 00:00 0 
7fb2a8037000-7fb2ac000000 ---p 00000000 00:00 0 
7fb2ac000000-7fb2ac021000 rw-p 00000000 00:00 0 
7fb2ac021000-7fb2b0000000 ---p 00000000 00:00 0 
7fb2b0000000-7fb2b0021000 rw-p 00000000 00:00 0 
7fb2b0021000-7fb2b4000000 ---p 00000000 00:00 0 
7fb2b4000000-7fb2b4021000 rw-p 00000000 00:00 0 
7fb2b4021000-7fb2b8000000 ---p 00000000 00:00 0 
7fb2b8000000-7fb2b80e4000 rw-p 00000000 00:00 0 
7fb2b80e4000-7fb2bc000000 ---p 00000000 00:00 0 
7fb2bc000000-7fb2bc021000 rw-p 00000000 00:00 0 
7fb2bc021000-7fb2c0000000 ---p 00000000 00:00 0 
7fb2c0000000-7fb2c0021000 rw-p 00000000 00:00 0 
7fb2c0021000-7fb2c4000000 ---p 00000000 00:00 0 
7fb2c4000000-7fb2c4021000 rw-p 00000000 00:00 0 
7fb2c4021000-7fb2c8000000 ---p 00000000 00:00 0 
7fb2c8000000-7fb2c8021000 rw-p 00000000 00:00 0 
7fb2c8021000-7fb2cc000000 ---p 00000000 00:00 0 
7fb2cc000000-7fb2cc021000 rw-p 00000000 00:00 0 
7fb2cc021000-7fb2d0000000 ---p 00000000 00:00 0 
7fb2d0000000-7fb2d0021000 rw-p 00000000 00:00 0 
7fb2d0021000-7fb2d4000000 ---p 00000000 00:00 0 
7fb2d4000000-7fb2d4021000 rw-p 00000000 00:00 0 
7fb2d4021000-7fb2d8000000 ---p 00000000 00:00 0 
7fb2d8000000-7fb2d8021000 rw-p 00000000 00:00 0 
7fb2d8021000-7fb2dc000000 ---p 00000000 00:00 0 
7fb2dc000000-7fb2dc2cc000 rw-p 00000000 00:00 0 
7fb2dc2cc000-7fb2e0000000 ---p 00000000 00:00 0 
7fb2e0000000-7fb2e089e000 rw-p 00000000 00:00 0 
7fb2e089e000-7fb2e4000000 ---p 00000000 00:00 0 
7fb2e4000000-7fb2e4021000 rw-p 00000000 00:00 0 
7fb2e4021000-7fb2e8000000 ---p 00000000 00:00 0 
7fb2e8000000-7fb2e8021000 rw-p 00000000 00:00 0 
7fb2e8021000-7fb2ec000000 ---p 00000000 00:00 0 
7fb2ec000000-7fb2ed50c000 rw-p 00000000 00:00 0 
7fb2ed50c000-7fb2f0000000 ---p 00000000 00:00 0 
7fb2f0000000-7fb2f17eb000 rw-p 00000000 00:00 0 
7fb2f17eb000-7fb2f4000000 ---p 00000000 00:00 0 
7fb2f4000000-7fb2f4021000 rw-p 00000000 00:00 0 
7fb2f4021000-7fb2f8000000 ---p 00000000 00:00 0 
7fb2f8000000-7fb2f8021000 rw-p 00000000 00:00 0 
7fb2f8021000-7fb2fc000000 ---p 00000000 00:00 0 
7fb2fc000000-7fb2fc021000 rw-p 00000000 00:00 0 
7fb2fc021000-7fb300000000 ---p 00000000 00:00 0 
7fb303fb0000-7fb308000000 rw-p 00000000 00:00 0 
7fb308000000-7fb308021000 rw-p 00000000 00:00 0 
7fb308021000-7fb30c000000 ---p 00000000 00:00 0 
7fb30c000000-7fb30c049000 rw-p 00000000 00:00 0 
7fb30c049000-7fb310000000 ---p 00000000 00:00 0 
7fb310000000-7fb310021000 rw-p 00000000 00:00 0 
7fb310021000-7fb314000000 ---p 00000000 00:00 0 
7fb318000000-7fb318021000 rw-p 00000000 00:00 0 
7fb318021000-7fb31c000000 ---p 00000000 00:00 0 
7fb320000000-7fb320021000 rw-p 00000000 00:00 0 
7fb320021000-7fb324000000 ---p 00000000 00:00 0 
7fb328000000-7fb328021000 rw-p 00000000 00:00 0 
7fb328021000-7fb32c000000 ---p 00000000 00:00 0 
7fb330000000-7fb330021000 rw-p 00000000 00:00 0 
7fb330021000-7fb334000000 ---p 00000000 00:00 0 
7fb338000000-7fb338021000 rw-p 00000000 00:00 0 
7fb338021000-7fb33c000000 ---p 00000000 00:00 0 
7fb33ddc3000-7fb33de18000 r-xp 00000000 08:12 1972081                    /opt/java/jre/lib/amd64/libkcms.so
7fb33de18000-7fb33e018000 ---p 00055000 08:12 1972081                    /opt/java/jre/lib/amd64/libkcms.so
7fb33e018000-7fb33e01a000 rw-p 00055000 08:12 1972081                    /opt/java/jre/lib/amd64/libkcms.so
7fb33e01a000-7fb33e054000 r-xp 00000000 08:12 1972080                    /opt/java/jre/lib/amd64/libjpeg.so
7fb33e054000-7fb33e254000 ---p 0003a000 08:12 1972080                    /opt/java/jre/lib/amd64/libjpeg.so
7fb33e254000-7fb33e255000 rw-p 0003a000 08:12 1972080                    /opt/java/jre/lib/amd64/libjpeg.so
7fb33e255000-7fb33e258000 ---p 00000000 00:00 0 
7fb33e258000-7fb33e356000 rw-p 00000000 00:00 0                          [stack:4010]
7fb33e356000-7fb33e35c000 r-xp 00000000 08:12 1972090                    /opt/java/jre/lib/amd64/headless/libmawt.so
7fb33e35c000-7fb33e55c000 ---p 00006000 08:12 1972090                    /opt/java/jre/lib/amd64/headless/libmawt.so
7fb33e55c000-7fb33e55d000 rw-p 00006000 08:12 1972090                    /opt/java/jre/lib/amd64/headless/libmawt.so
7fb33e55d000-7fb33e5ff000 r-xp 00000000 08:12 1972039                    /opt/java/jre/lib/amd64/libawt.so
7fb33e5ff000-7fb33e7ff000 ---p 000a2000 08:12 1972039                    /opt/java/jre/lib/amd64/libawt.so
7fb33e7ff000-7fb33e80b000 rw-p 000a2000 08:12 1972039                    /opt/java/jre/lib/amd64/libawt.so
7fb33e80b000-7fb33e82f000 rw-p 00000000 00:00 0 
7fb33e82f000-7fb33e832000 ---p 00000000 00:00 0 
7fb33e832000-7fb33e930000 rw-p 00000000 00:00 0                          [stack:4009]
7fb33e930000-7fb33e933000 ---p 00000000 00:00 0 
7fb33e933000-7fb33ea31000 rw-p 00000000 00:00 0                          [stack:4008]
7fb33ea31000-7fb33ea34000 ---p 00000000 00:00 0 
7fb33ea34000-7fb33eb32000 rw-p 00000000 00:00 0                          [stack:4006]
7fb33eb32000-7fb33eb35000 ---p 00000000 00:00 0 
7fb33eb35000-7fb33ec33000 rw-p 00000000 00:00 0                          [stack:4005]
7fb33ec33000-7fb33ec36000 ---p 00000000 00:00 0 
7fb33ec36000-7fb33ed34000 rw-p 00000000 00:00 0                          [stack:4004]
7fb33ed34000-7fb33ed37000 ---p 00000000 00:00 0 
7fb33ed37000-7fb33ee35000 rw-p 00000000 00:00 0                          [stack:4003]
7fb33ee35000-7fb33ee38000 ---p 00000000 00:00 0 
7fb33ee38000-7fb33ef36000 rw-p 00000000 00:00 0                          [stack:4002]
7fb33ef36000-7fb33ef39000 ---p 00000000 00:00 0 
7fb33ef39000-7fb33f037000 rw-p 00000000 00:00 0                          [stack:4001]
7fb33f037000-7fb33f03a000 ---p 00000000 00:00 0 
7fb33f03a000-7fb33f138000 rw-p 00000000 00:00 0                          [stack:3923]
7fb33f138000-7fb33f13b000 ---p 00000000 00:00 0 
7fb33f13b000-7fb33f239000 rw-p 00000000 00:00 0                          [stack:3920]
7fb33f239000-7fb33f23c000 ---p 00000000 00:00 0 
7fb33f23c000-7fb33f33a000 rw-p 00000000 00:00 0                          [stack:3922]
7fb33f33a000-7fb33f33d000 ---p 00000000 00:00 0 
7fb33f33d000-7fb33f43b000 rw-p 00000000 00:00 0                          [stack:3921]
7fb33f43b000-7fb33f43e000 ---p 00000000 00:00 0 
7fb33f43e000-7fb33f53c000 rw-p 00000000 00:00 0                          [stack:3918]
7fb33f53c000-7fb33f53f000 ---p 00000000 00:00 0 
7fb33f53f000-7fb33f63d000 rw-p 00000000 00:00 0                          [stack:3913]
7fb33f63d000-7fb33f640000 ---p 00000000 00:00 0 
7fb33f640000-7fb33f73e000 rw-p 00000000 00:00 0                          [stack:3910]
7fb33f73e000-7fb33f741000 ---p 00000000 00:00 0 
7fb33f741000-7fb33f83f000 rw-p 00000000 00:00 0                          [stack:4000]
7fb33f83f000-7fb33f842000 ---p 00000000 00:00 0 
7fb33f842000-7fb33f940000 rw-p 00000000 00:00 0                          [stack:3999]
7fb33f940000-7fb33f99d000 r-xp 00000000 08:12 666943                     /usr/lib/libnss_myhostname.so.2
7fb33f99d000-7fb33f99e000 ---p 0005d000 08:12 666943                     /usr/lib/libnss_myhostname.so.2
7fb33f99e000-7fb33f9a2000 r--p 0005d000 08:12 666943                     /usr/lib/libnss_myhostname.so.2
7fb33f9a2000-7fb33f9a3000 rw-p 00061000 08:12 666943                     /usr/lib/libnss_myhostname.so.2
7fb33f9a3000-7fb33f9b7000 r-xp 00000000 08:12 658634                     /usr/lib/libresolv-2.19.so
7fb33f9b7000-7fb33fbb6000 ---p 00014000 08:12 658634                     /usr/lib/libresolv-2.19.so
7fb33fbb6000-7fb33fbb7000 r--p 00013000 08:12 658634                     /usr/lib/libresolv-2.19.so
7fb33fbb7000-7fb33fbb8000 rw-p 00014000 08:12 658634                     /usr/lib/libresolv-2.19.so
7fb33fbb8000-7fb33fbba000 rw-p 00000000 00:00 0 
7fb33fbba000-7fb33fbbf000 r-xp 00000000 08:12 658738                     /usr/lib/libnss_dns-2.19.so
7fb33fbbf000-7fb33fdbe000 ---p 00005000 08:12 658738                     /usr/lib/libnss_dns-2.19.so
7fb33fdbe000-7fb33fdbf000 r--p 00004000 08:12 658738                     /usr/lib/libnss_dns-2.19.so
7fb33fdbf000-7fb33fdc0000 rw-p 00005000 08:12 658738                     /usr/lib/libnss_dns-2.19.so
7fb33fdf8000-7fb33fe00000 r-xp 00000000 08:12 1972078                    /opt/java/jre/lib/amd64/libmanagement.so
7fb33fe00000-7fb33ffff000 ---p 00008000 08:12 1972078                    /opt/java/jre/lib/amd64/libmanagement.so
7fb33ffff000-7fb340000000 rw-p 00007000 08:12 1972078                    /opt/java/jre/lib/amd64/libmanagement.so
7fb340000000-7fb340021000 rw-p 00000000 00:00 0 
7fb340021000-7fb344000000 ---p 00000000 00:00 0 
7fb344011000-7fb344012000 rw-p 00000000 00:00 0 
7fb344012000-7fb344016000 r--s 000f7000 08:12 1971544                    /opt/java/jre/lib/ext/localedata.jar
7fb344016000-7fb344021000 r--s 0037c000 08:12 1971006                    /opt/java/jre/lib/charsets.jar
7fb344021000-7fb344025000 r--s 0008a000 08:12 1968605                    /opt/java/jre/lib/jsse.jar
7fb344025000-7fb34402e000 r--s 00251000 08:12 1968619                    /opt/java/jre/lib/resources.jar
7fb34402e000-7fb34403e000 r-xp 00000000 08:12 1972067                    /opt/java/jre/lib/amd64/libnio.so
7fb34403e000-7fb34423e000 ---p 00010000 08:12 1972067                    /opt/java/jre/lib/amd64/libnio.so
7fb34423e000-7fb34423f000 rw-p 00010000 08:12 1972067                    /opt/java/jre/lib/amd64/libnio.so
7fb34423f000-7fb344264000 r--p 00000000 08:12 658588                     /usr/share/locale/es/LC_MESSAGES/libc.mo
7fb344264000-7fb344295000 rw-p 00000000 00:00 0 
7fb344295000-7fb3442ab000 r-xp 00000000 08:12 1972035                    /opt/java/jre/lib/amd64/libnet.so
7fb3442ab000-7fb3444ab000 ---p 00016000 08:12 1972035                    /opt/java/jre/lib/amd64/libnet.so
7fb3444ab000-7fb3444ac000 rw-p 00016000 08:12 1972035                    /opt/java/jre/lib/amd64/libnet.so
7fb3444ac000-7fb3444ad000 r--s 00004000 08:13 531582                     /home/adrian/.m2/repository/org/springframework/plugin/spring-plugin-core/0.8.0.RELEASE/spring-plugin-core-0.8.0.RELEASE.jar
7fb3444ad000-7fb3444b8000 r--s 00046000 08:13 531501                     /home/adrian/.m2/repository/org/springframework/boot/spring-boot-autoconfigure/1.1.1.RELEASE/spring-boot-autoconfigure-1.1.1.RELEASE.jar
7fb3444b8000-7fb3444bc000 r--s 0001e000 08:13 531622                     /home/adrian/.m2/repository/org/springframework/data/spring-data-rest-webmvc/2.1.0.RELEASE/spring-data-rest-webmvc-2.1.0.RELEASE.jar
7fb3444bc000-7fb3444c4000 r--s 00052000 08:13 532443                     /home/adrian/.m2/repository/org/springframework/spring-orm/4.0.2.RELEASE/spring-orm-4.0.2.RELEASE.jar
7fb3444c4000-7fb3444ce000 r--s 0005f000 08:13 525508                     /home/adrian/.m2/repository/ch/qos/logback/logback-core/1.1.2/logback-core-1.1.2.jar
7fb3444ce000-7fb3444e2000 r--s 000d7000 08:13 532435                     /home/adrian/.m2/repository/org/springframework/spring-core/4.0.2.RELEASE/spring-core-4.0.2.RELEASE.jar
7fb3444e2000-7fb3444f3000 r--s 000cf000 08:13 531099                     /home/adrian/.m2/repository/com/fasterxml/jackson/core/jackson-databind/2.3.3/jackson-databind-2.3.3.jar
7fb3444f3000-7fb34451d000 r--s 001e9000 08:13 529941                     /home/adrian/.m2/repository/com/google/guava/guava/15.0/guava-15.0.jar
7fb34451d000-7fb344527000 r--s 0005c000 08:13 532560                     /home/adrian/.m2/repository/javax/servlet/jstl/1.2/jstl-1.2.jar
7fb344527000-7fb34452a000 r--s 00019000 08:13 529866                     /home/adrian/.m2/repository/commons-pool/commons-pool/1.6/commons-pool-1.6.jar
7fb34452a000-7fb34452f000 r--s 00048000 08:13 527609                     /home/adrian/.m2/repository/dom4j/dom4j/1.6.1/dom4j-1.6.1.jar
7fb34452f000-7fb344533000 r--s 00019000 08:13 532545                     /home/adrian/.m2/repository/org/aspectj/aspectjrt/1.6.10/aspectjrt-1.6.10.jar
7fb344533000-7fb344534000 r--s 00000000 08:13 531493                     /home/adrian/.m2/repository/org/springframework/boot/spring-boot-starter/1.1.1.RELEASE/spring-boot-starter-1.1.1.RELEASE.jar
7fb344534000-7fb344535000 r--s 00002000 08:13 531626                     /home/adrian/.m2/repository/org/atteo/evo-inflector/1.1/evo-inflector-1.1.jar
7fb344535000-7fb34453f000 r--s 0004a000 08:13 933564                     /home/adrian/.m2/repository/org/springframework/security/spring-security-web/3.2.4.RELEASE/spring-security-web-3.2.4.RELEASE.jar
7fb34453f000-7fb344546000 r--s 00036000 08:13 532442                     /home/adrian/.m2/repository/org/springframework/spring-tx/4.0.2.RELEASE/spring-tx-4.0.2.RELEASE.jar
7fb344546000-7fb34454b000 r--s 00017000 08:13 529698                     /home/adrian/.m2/repository/org/hibernate/javax/persistence/hibernate-jpa-2.1-api/1.0.0.Final/hibernate-jpa-2.1-api-1.0.0.Final.jar
7fb34454b000-7fb34454e000 r--s 00015000 08:13 790259                     /home/adrian/.m2/repository/javax/servlet/javax.servlet-api/3.1.0/javax.servlet-api-3.1.0.jar
7fb34454e000-7fb34454f000 r--s 00005000 08:13 532544                     /home/adrian/.m2/repository/com/googlecode/json-simple/json-simple/1.1.1/json-simple-1.1.1.jar
7fb34454f000-7fb34455c000 r--s 00095000 08:13 532334                     /home/adrian/.m2/repository/org/springframework/spring-webmvc/4.0.2.RELEASE/spring-webmvc-4.0.2.RELEASE.jar
7fb34455c000-7fb344560000 r--s 00016000 08:13 531620                     /home/adrian/.m2/repository/org/springframework/data/spring-data-rest-core/2.1.0.RELEASE/spring-data-rest-core-2.1.0.RELEASE.jar
7fb344560000-7fb344565000 r--s 00035000 08:13 531716                     /home/adrian/.m2/repository/commons-beanutils/commons-beanutils/1.9.2/commons-beanutils-1.9.2.jar
7fb344565000-7fb344573000 r--s 0007f000 08:13 527708                     /home/adrian/.m2/repository/commons-collections/commons-collections/3.2.1/commons-collections-3.2.1.jar
7fb344573000-7fb34457c000 r--s 0004e000 08:13 532436                     /home/adrian/.m2/repository/org/springframework/spring-aop/4.0.2.RELEASE/spring-aop-4.0.2.RELEASE.jar
7fb34457c000-7fb34457e000 r--s 00011000 08:13 528860                     /home/adrian/.m2/repository/org/jboss/jandex/1.1.0.Final/jandex-1.1.0.Final.jar
7fb34457e000-7fb344582000 r--s 0000c000 08:13 531517                     /home/adrian/.m2/repository/javax/validation/validation-api/1.1.0.Final/validation-api-1.1.0.Final.jar
7fb344582000-7fb344583000 r--s 00002000 08:13 528852                     /home/adrian/.m2/repository/org/jboss/logging/jboss-logging-annotations/1.2.0.Beta1/jboss-logging-annotations-1.2.0.Beta1.jar
7fb344583000-7fb34458b000 r--s 00059000 08:13 532543                     /home/adrian/.m2/repository/com/github/dandelion/datatables-core/0.9.3/datatables-core-0.9.3.jar
7fb34458b000-7fb34458d000 r--s 0000c000 08:13 528844                     /home/adrian/.m2/repository/org/jboss/logging/jboss-logging/3.1.3.GA/jboss-logging-3.1.3.GA.jar
7fb34458d000-7fb344595000 r--s 00044000 08:13 531500                     /home/adrian/.m2/repository/org/springframework/boot/spring-boot/1.1.1.RELEASE/spring-boot-1.1.1.RELEASE.jar
7fb344595000-7fb3445ad000 r--s 001aa000 08:13 531676                     /home/adrian/.m2/repository/org/aspectj/aspectjweaver/1.8.0/aspectjweaver-1.8.0.jar
7fb3445ad000-7fb3445af000 r--s 00000000 08:13 525500                     /home/adrian/.m2/repository/org/slf4j/jul-to-slf4j/1.7.7/jul-to-slf4j-1.7.7.jar
7fb3445af000-7fb3445b1000 r--s 00008000 08:13 531511                     /home/adrian/.m2/repository/org/apache/tomcat/embed/tomcat-embed-logging-juli/7.0.54/tomcat-embed-logging-juli-7.0.54.jar
7fb3445b1000-7fb3445b5000 r--s 00032000 08:13 532541                     /home/adrian/.m2/repository/org/thymeleaf/thymeleaf-spring3/2.1.0.RELEASE/thymeleaf-spring3-2.1.0.RELEASE.jar
7fb3445b5000-7fb3445b6000 r--s 00000000 08:13 531665                     /home/adrian/.m2/repository/org/springframework/boot/spring-boot-starter-jdbc/1.1.1.RELEASE/spring-boot-starter-jdbc-1.1.1.RELEASE.jar
7fb3445b6000-7fb3445b8000 r--s 0000b000 08:13 532446                     /home/adrian/.m2/repository/org/springframework/spring-aspects/4.0.2.RELEASE/spring-aspects-4.0.2.RELEASE.jar
7fb3445b8000-7fb344616000 r--s 0049c000 08:13 525523                     /home/adrian/.m2/repository/org/hibernate/hibernate-core/4.3.1.Final/hibernate-core-4.3.1.Final.jar
7fb344616000-7fb344625000 r--s 00094000 08:13 532339                     /home/adrian/.m2/repository/org/springframework/spring-web/4.0.2.RELEASE/spring-web-4.0.2.RELEASE.jar
7fb344625000-7fb344629000 r--s 0002e000 08:13 532434                     /home/adrian/.m2/repository/org/springframework/spring-expression/4.0.2.RELEASE/spring-expression-4.0.2.RELEASE.jar
7fb344629000-7fb34462d000 r--s 0001a000 08:13 532542                     /home/adrian/.m2/repository/com/github/dandelion/datatables-thymeleaf/0.9.3/datatables-thymeleaf-0.9.3.jar
7fb34462d000-7fb344639000 r--s 00064000 08:13 531621                     /home/adrian/.m2/repository/org/springframework/data/spring-data-commons/1.8.0.RELEASE/spring-data-commons-1.8.0.RELEASE.jar
7fb344639000-7fb344650000 r--s 000d7000 08:13 532437                     /home/adrian/.m2/repository/org/springframework/spring-context/4.0.2.RELEASE/spring-context-4.0.2.RELEASE.jar
7fb344650000-7fb34465b000 r--s 0004d000 08:13 933563                     /home/adrian/.m2/repository/org/springframework/security/spring-security-core/3.2.4.RELEASE/spring-security-core-3.2.4.RELEASE.jar
7fb34465b000-7fb34465c000 r--s 00000000 08:13 531505                     /home/adrian/.m2/repository/org/springframework/boot/spring-boot-starter-tomcat/1.1.1.RELEASE/spring-boot-starter-tomcat-1.1.1.RELEASE.jar
7fb34465c000-7fb34465e000 r--s 00008000 08:13 531674                     /home/adrian/.m2/repository/org/apache/tomcat/tomcat-juli/7.0.54/tomcat-juli-7.0.54.jar
7fb34465e000-7fb344661000 r--s 00010000 08:13 529703                     /home/adrian/.m2/repository/org/hibernate/common/hibernate-commons-annotations/4.0.4.Final/hibernate-commons-annotations-4.0.4.Final.jar
7fb344661000-7fb344663000 r--s 0001d000 08:13 531677                     /home/adrian/.m2/repository/org/apache/tomcat/tomcat-jdbc/7.0.54/tomcat-jdbc-7.0.54.jar
7fb344663000-7fb344665000 r--s 00000000 08:13 529859                     /home/adrian/.m2/repository/aopalliance/aopalliance/1.0/aopalliance-1.0.jar
7fb344665000-7fb344667000 r--s 00006000 08:13 532540                     /home/adrian/.m2/repository/org/thymeleaf/extras/thymeleaf-extras-springsecurity3/2.1.0.RELEASE/thymeleaf-extras-springsecurity3-2.1.0.RELEASE.jar
7fb344667000-7fb344669000 r--s 0000b000 08:13 532575                     /home/adrian/.m2/repository/javax/servlet/jsp/javax.servlet.jsp-api/2.2.1/javax.servlet.jsp-api-2.2.1.jar
7fb344669000-7fb34466d000 r--s 00035000 08:13 532539                     /home/adrian/.m2/repository/org/thymeleaf/thymeleaf-spring4/2.1.2.RELEASE/thymeleaf-spring4-2.1.2.RELEASE.jar
7fb34466d000-7fb344670000 r--s 0002e000 08:13 531100                     /home/adrian/.m2/repository/com/fasterxml/jackson/core/jackson-core/2.3.3/jackson-core-2.3.3.jar
7fb344670000-7fb344675000 r--s 00068000 08:13 529803                     /home/adrian/.m2/repository/antlr/antlr/2.7.7/antlr-2.7.7.jar
7fb344675000-7fb344682000 r--s 00097000 08:13 532433                     /home/adrian/.m2/repository/org/springframework/spring-beans/4.0.2.RELEASE/spring-beans-4.0.2.RELEASE.jar
7fb344682000-7fb34468c000 r--s 0005d000 08:13 532439                     /home/adrian/.m2/repository/org/springframework/spring-jdbc/4.0.2.RELEASE/spring-jdbc-4.0.2.RELEASE.jar
7fb34468c000-7fb34468d000 r--s 00000000 08:13 531489                     /home/adrian/.m2/repository/org/springframework/boot/spring-boot-starter-web/1.1.1.RELEASE/spring-boot-starter-web-1.1.1.RELEASE.jar
7fb34468d000-7fb34468f000 r--s 00007000 08:13 531512                     /home/adrian/.m2/repository/com/fasterxml/jackson/core/jackson-annotations/2.3.3/jackson-annotations-2.3.3.jar
7fb34468f000-7fb344695000 r--s 0003d000 08:13 525505                     /home/adrian/.m2/repository/org/yaml/snakeyaml/1.13/snakeyaml-1.13.jar
7fb344695000-7fb34469b000 r--s 0003d000 08:13 525506                     /home/adrian/.m2/repository/ch/qos/logback/logback-classic/1.1.2/logback-classic-1.1.2.jar
7fb34469b000-7fb3446a9000 r--s 00090000 08:13 525522                     /home/adrian/.m2/repository/org/hibernate/hibernate-entitymanager/4.3.1.Final/hibernate-entitymanager-4.3.1.Final.jar
7fb3446a9000-7fb3446ac000 r--s 00035000 08:13 532287                     /home/adrian/.m2/repository/ognl/ognl/3.0.6/ognl-3.0.6.jar
7fb3446ac000-7fb3446b1000 r--s 00016000 08:13 524936                     /home/adrian/.m2/repository/xml-apis/xml-apis/1.0.b2/xml-apis-1.0.b2.jar
7fb3446b1000-7fb3446b4000 r--s 00019000 08:13 529898                     /home/adrian/.m2/repository/com/jolbox/bonecp/0.8.0.RELEASE/bonecp-0.8.0.RELEASE.jar
7fb3446b4000-7fb3446b7000 r--s 0000c000 08:13 1059951                    /home/adrian/.m2/repository/commons-fileupload/commons-fileupload/1.2.1/commons-fileupload-1.2.1.jar
7fb3446b7000-7fb3446c0000 r--s 0006f000 08:13 527669                     /home/adrian/.m2/repository/log4j/log4j/1.2.17/log4j-1.2.17.jar
7fb3446c0000-7fb3446c3000 r--s 00028000 08:13 531514                     /home/adrian/.m2/repository/org/apache/tomcat/embed/tomcat-embed-el/7.0.54/tomcat-embed-el-7.0.54.jar
7fb3446c3000-7fb3446cc000 r--s 000e0000 08:13 531693                     /home/adrian/.m2/repository/mysql/mysql-connector-java/5.1.30/mysql-connector-java-5.1.30.jar
7fb3446cc000-7fb3446ce000 r--s 00003000 08:13 525492                     /home/adrian/.m2/repository/org/slf4j/jcl-over-slf4j/1.7.7/jcl-over-slf4j-1.7.7.jar
7fb3446ce000-7fb3446d0000 r--s 00006000 08:13 525507                     /home/adrian/.m2/repository/org/slf4j/slf4j-api/1.7.7/slf4j-api-1.7.7.jar
7fb3446d0000-7fb3446d6000 r--s 0002d000 08:13 531680                     /home/adrian/.m2/repository/org/springframework/data/spring-data-jpa/1.6.0.RELEASE/spring-data-jpa-1.6.0.RELEASE.jar
7fb3446d6000-7fb3446d9000 r--s 00025000 08:13 527732                     /home/adrian/.m2/repository/commons-dbcp/commons-dbcp/1.4/commons-dbcp-1.4.jar
7fb3446d9000-7fb3446e6000 r--s 00080000 08:13 531516                     /home/adrian/.m2/repository/org/hibernate/hibernate-validator/5.0.3.Final/hibernate-validator-5.0.3.Final.jar
7fb3446e6000-7fb344707000 r--s 00266000 08:13 531533                     /home/adrian/.m2/repository/org/apache/tomcat/embed/tomcat-embed-core/7.0.54/tomcat-embed-core-7.0.54.jar
7fb344707000-7fb34470b000 r--s 0001e000 08:13 531525                     /home/adrian/.m2/repository/org/springframework/hateoas/spring-hateoas/0.12.0.RELEASE/spring-hateoas-0.12.0.RELEASE.jar
7fb34470b000-7fb344715000 r--s 000a5000 08:13 529676                     /home/adrian/.m2/repository/org/javassist/javassist/3.18.1-GA/javassist-3.18.1-GA.jar
7fb344715000-7fb344716000 ---p 00000000 00:00 0 
7fb344716000-7fb344816000 rw-p 00000000 00:00 0                          [stack:3906]
7fb344816000-7fb344819000 ---p 00000000 00:00 0 
7fb344819000-7fb344917000 rw-p 00000000 00:00 0                          [stack:3905]
7fb344917000-7fb34491a000 ---p 00000000 00:00 0 
7fb34491a000-7fb344a18000 rw-p 00000000 00:00 0                          [stack:3904]
7fb344a18000-7fb344a1b000 ---p 00000000 00:00 0 
7fb344a1b000-7fb344b19000 rw-p 00000000 00:00 0                          [stack:3903]
7fb344b19000-7fb344b1c000 ---p 00000000 00:00 0 
7fb344b1c000-7fb344c1a000 rw-p 00000000 00:00 0                          [stack:3902]
7fb344c1a000-7fb344da3000 r--p 00000000 08:12 675145                     /usr/lib/locale/locale-archive
7fb344da3000-7fb344da6000 ---p 00000000 00:00 0 
7fb344da6000-7fb344ea4000 rw-p 00000000 00:00 0                          [stack:3901]
7fb344ea4000-7fb344ea7000 ---p 00000000 00:00 0 
7fb344ea7000-7fb344fa5000 rw-p 00000000 00:00 0                          [stack:3900]
7fb344fa5000-7fb344fa6000 ---p 00000000 00:00 0 
7fb344fa6000-7fb346d35000 rw-p 00000000 00:00 0                          [stack:3899]
7fb346d35000-7fb346ef4000 r--s 039e2000 08:12 1968612                    /opt/java/jre/lib/rt.jar
7fb346ef4000-7fb3473f2000 rw-p 00000000 00:00 0 
7fb3473f2000-7fb3473f3000 ---p 00000000 00:00 0 
7fb3473f3000-7fb3474f3000 rw-p 00000000 00:00 0                          [stack:3898]
7fb3474f3000-7fb3474f4000 ---p 00000000 00:00 0 
7fb3474f4000-7fb3475f4000 rw-p 00000000 00:00 0                          [stack:3897]
7fb3475f4000-7fb3475f5000 ---p 00000000 00:00 0 
7fb3475f5000-7fb3476f5000 rw-p 00000000 00:00 0                          [stack:3896]
7fb3476f5000-7fb3476f6000 ---p 00000000 00:00 0 
7fb3476f6000-7fb3477f6000 rw-p 00000000 00:00 0                          [stack:3895]
7fb3477f6000-7fb3477f7000 ---p 00000000 00:00 0 
7fb3477f7000-7fb3478f7000 rw-p 00000000 00:00 0                          [stack:3894]
7fb3478f7000-7fb3478f8000 ---p 00000000 00:00 0 
7fb3478f8000-7fb3479f8000 rw-p 00000000 00:00 0                          [stack:3893]
7fb3479f8000-7fb3479f9000 ---p 00000000 00:00 0 
7fb3479f9000-7fb347af9000 rw-p 00000000 00:00 0                          [stack:3892]
7fb347af9000-7fb347afa000 ---p 00000000 00:00 0 
7fb347afa000-7fb347c12000 rw-p 00000000 00:00 0                          [stack:3891]
7fb347c12000-7fb347c23000 rw-p 00000000 00:00 0 
7fb347c23000-7fb347c4c000 rw-p 00000000 00:00 0 
7fb347c4c000-7fb347eb5000 rw-p 00000000 00:00 0 
7fb347eb5000-7fb347f8d000 rw-p 00000000 00:00 0 
7fb347f8d000-7fb347fff000 rw-p 00000000 00:00 0 
7fb347fff000-7fb348000000 rw-p 00000000 00:00 0 
7fb348000000-7fb348bcf000 rw-p 00000000 00:00 0 
7fb348bcf000-7fb34c000000 ---p 00000000 00:00 0 
7fb34c000000-7fb34c001000 r--s 00006000 08:13 528824                     /home/adrian/.m2/repository/org/jboss/spec/javax/transaction/jboss-transaction-api_1.2_spec/1.0.0.Final/jboss-transaction-api_1.2_spec-1.0.0.Final.jar
7fb34c001000-7fb34c003000 r--s 0000d000 08:13 531522                     /home/adrian/.m2/repository/com/fasterxml/classmate/1.0.0/classmate-1.0.0.jar
7fb34c003000-7fb34c00b000 r--s 0005c000 08:13 933566                     /home/adrian/.m2/repository/org/springframework/security/spring-security-config/3.2.4.RELEASE/spring-security-config-3.2.4.RELEASE.jar
7fb34c00b000-7fb34c018000 r--s 000b3000 08:13 532538                     /home/adrian/.m2/repository/org/thymeleaf/thymeleaf/2.1.2.RELEASE/thymeleaf-2.1.2.RELEASE.jar
7fb34c018000-7fb34c06a000 rw-p 00000000 00:00 0 
7fb34c06a000-7fb34c2d4000 rw-p 00000000 00:00 0 
7fb34c2d4000-7fb34c654000 rwxp 00000000 00:00 0 
7fb34c654000-7fb34f2d4000 rw-p 00000000 00:00 0 
7fb34f2d4000-7fb34f2ee000 r-xp 00000000 08:12 1972079                    /opt/java/jre/lib/amd64/libzip.so
7fb34f2ee000-7fb34f4ee000 ---p 0001a000 08:12 1972079                    /opt/java/jre/lib/amd64/libzip.so
7fb34f4ee000-7fb34f4ef000 rw-p 0001a000 08:12 1972079                    /opt/java/jre/lib/amd64/libzip.so
7fb34f4ef000-7fb34f4fa000 r-xp 00000000 08:12 658691                     /usr/lib/libnss_files-2.19.so
7fb34f4fa000-7fb34f6f9000 ---p 0000b000 08:12 658691                     /usr/lib/libnss_files-2.19.so
7fb34f6f9000-7fb34f6fa000 r--p 0000a000 08:12 658691                     /usr/lib/libnss_files-2.19.so
7fb34f6fa000-7fb34f6fb000 rw-p 0000b000 08:12 658691                     /usr/lib/libnss_files-2.19.so
7fb34f6fb000-7fb34f724000 r-xp 00000000 08:12 1972064                    /opt/java/jre/lib/amd64/libjava.so
7fb34f724000-7fb34f924000 ---p 00029000 08:12 1972064                    /opt/java/jre/lib/amd64/libjava.so
7fb34f924000-7fb34f926000 rw-p 00029000 08:12 1972064                    /opt/java/jre/lib/amd64/libjava.so
7fb34f926000-7fb34f933000 r-xp 00000000 08:12 1972034                    /opt/java/jre/lib/amd64/libverify.so
7fb34f933000-7fb34fb32000 ---p 0000d000 08:12 1972034                    /opt/java/jre/lib/amd64/libverify.so
7fb34fb32000-7fb34fb34000 rw-p 0000c000 08:12 1972034                    /opt/java/jre/lib/amd64/libverify.so
7fb34fb34000-7fb34fb3b000 r-xp 00000000 08:12 658692                     /usr/lib/librt-2.19.so
7fb34fb3b000-7fb34fd3a000 ---p 00007000 08:12 658692                     /usr/lib/librt-2.19.so
7fb34fd3a000-7fb34fd3b000 r--p 00006000 08:12 658692                     /usr/lib/librt-2.19.so
7fb34fd3b000-7fb34fd3c000 rw-p 00007000 08:12 658692                     /usr/lib/librt-2.19.so
7fb34fd3c000-7fb34fe3f000 r-xp 00000000 08:12 658627                     /usr/lib/libm-2.19.so
7fb34fe3f000-7fb35003e000 ---p 00103000 08:12 658627                     /usr/lib/libm-2.19.so
7fb35003e000-7fb35003f000 r--p 00102000 08:12 658627                     /usr/lib/libm-2.19.so
7fb35003f000-7fb350040000 rw-p 00103000 08:12 658627                     /usr/lib/libm-2.19.so
7fb350040000-7fb350bb0000 r-xp 00000000 08:12 1972085                    /opt/java/jre/lib/amd64/server/libjvm.so
7fb350bb0000-7fb350daf000 ---p 00b70000 08:12 1972085                    /opt/java/jre/lib/amd64/server/libjvm.so
7fb350daf000-7fb350e73000 rw-p 00b6f000 08:12 1972085                    /opt/java/jre/lib/amd64/server/libjvm.so
7fb350e73000-7fb350eb4000 rw-p 00000000 00:00 0 
7fb350eb4000-7fb351058000 r-xp 00000000 08:12 658700                     /usr/lib/libc-2.19.so
7fb351058000-7fb351258000 ---p 001a4000 08:12 658700                     /usr/lib/libc-2.19.so
7fb351258000-7fb35125c000 r--p 001a4000 08:12 658700                     /usr/lib/libc-2.19.so
7fb35125c000-7fb35125e000 rw-p 001a8000 08:12 658700                     /usr/lib/libc-2.19.so
7fb35125e000-7fb351262000 rw-p 00000000 00:00 0 
7fb351262000-7fb351265000 r-xp 00000000 08:12 658644                     /usr/lib/libdl-2.19.so
7fb351265000-7fb351464000 ---p 00003000 08:12 658644                     /usr/lib/libdl-2.19.so
7fb351464000-7fb351465000 r--p 00002000 08:12 658644                     /usr/lib/libdl-2.19.so
7fb351465000-7fb351466000 rw-p 00003000 08:12 658644                     /usr/lib/libdl-2.19.so
7fb351466000-7fb35147c000 r-xp 00000000 08:12 1972089                    /opt/java/jre/lib/amd64/jli/libjli.so
7fb35147c000-7fb35167c000 ---p 00016000 08:12 1972089                    /opt/java/jre/lib/amd64/jli/libjli.so
7fb35167c000-7fb35167d000 rw-p 00016000 08:12 1972089                    /opt/java/jre/lib/amd64/jli/libjli.so
7fb35167d000-7fb351695000 r-xp 00000000 08:12 658718                     /usr/lib/libpthread-2.19.so
7fb351695000-7fb351895000 ---p 00018000 08:12 658718                     /usr/lib/libpthread-2.19.so
7fb351895000-7fb351896000 r--p 00018000 08:12 658718                     /usr/lib/libpthread-2.19.so
7fb351896000-7fb351897000 rw-p 00019000 08:12 658718                     /usr/lib/libpthread-2.19.so
7fb351897000-7fb35189b000 rw-p 00000000 00:00 0 
7fb35189b000-7fb3518bc000 r-xp 00000000 08:12 658673                     /usr/lib/ld-2.19.so
7fb3518bc000-7fb3518bd000 r--s 00000000 08:13 531503                     /home/adrian/.m2/repository/org/springframework/boot/spring-boot-starter-logging/1.1.1.RELEASE/spring-boot-starter-logging-1.1.1.RELEASE.jar
7fb3518bd000-7fb3518cb000 rw-p 00000000 00:00 0 
7fb3518cb000-7fb35197d000 rw-p 00000000 00:00 0 
7fb35197d000-7fb351980000 ---p 00000000 00:00 0 
7fb351980000-7fb351a83000 rw-p 00000000 00:00 0                          [stack:3890]
7fb351a83000-7fb351a84000 r--s 00000000 08:13 531667                     /home/adrian/.m2/repository/org/springframework/boot/spring-boot-starter-aop/1.1.1.RELEASE/spring-boot-starter-aop-1.1.1.RELEASE.jar
7fb351a84000-7fb351a85000 r--s 00005000 08:13 525501                     /home/adrian/.m2/repository/org/slf4j/log4j-over-slf4j/1.7.7/log4j-over-slf4j-1.7.7.jar
7fb351a85000-7fb351a86000 r--s 00000000 08:13 531671                     /home/adrian/.m2/repository/org/springframework/boot/spring-boot-starter-data-jpa/1.1.1.RELEASE/spring-boot-starter-data-jpa-1.1.1.RELEASE.jar
7fb351a86000-7fb351a88000 r--s 00009000 08:13 531529                     /home/adrian/.m2/repository/org/objenesis/objenesis/2.1/objenesis-2.1.jar
7fb351a88000-7fb351aa0000 rw-p 00000000 00:00 0 
7fb351aa0000-7fb351ab1000 rw-p 00000000 00:00 0 
7fb351ab1000-7fb351ab9000 rw-s 00000000 00:1f 139470                     /tmp/hsperfdata_adrian/3889
7fb351ab9000-7fb351aba000 rw-p 00000000 00:00 0 
7fb351aba000-7fb351abb000 ---p 00000000 00:00 0 
7fb351abb000-7fb351abc000 r--p 00020000 08:12 658673                     /usr/lib/ld-2.19.so
7fb351abc000-7fb351abd000 rw-p 00021000 08:12 658673                     /usr/lib/ld-2.19.so
7fb351abd000-7fb351abe000 rw-p 00000000 00:00 0 
7fffb96b5000-7fffb96d8000 rw-p 00000000 00:00 0                          [stack]
7fffb9775000-7fffb9777000 r-xp 00000000 00:00 0                          [vdso]
ffffffffff600000-ffffffffff601000 r-xp 00000000 00:00 0                  [vsyscall]

VM Arguments:
java_command: es.telocompro.TelocomproMain
Launcher Type: SUN_STANDARD

Environment Variables:
JAVA_HOME=/opt/java
PATH=/usr/local/sbin:/usr/local/bin:/usr/bin:/opt/android-sdk/tools:/usr/share/java/gradle/bin:/opt/java/bin:/opt/java/db/bin:/opt/java/jre/bin:/usr/bin/site_perl:/usr/bin/vendor_perl:/usr/bin/core_perl
SHELL=/usr/bin/zsh
DISPLAY=:0.0

Signal Handlers:
SIGSEGV: [libjvm.so+0x99f0f0], sa_mask[0]=0x7ffbfeff, sa_flags=0x10000004
SIGBUS: [libjvm.so+0x99f0f0], sa_mask[0]=0x7ffbfeff, sa_flags=0x10000004
SIGFPE: [libjvm.so+0x81a6d0], sa_mask[0]=0x7ffbfeff, sa_flags=0x10000004
SIGPIPE: [libjvm.so+0x81a6d0], sa_mask[0]=0x7ffbfeff, sa_flags=0x10000004
SIGXFSZ: [libjvm.so+0x81a6d0], sa_mask[0]=0x7ffbfeff, sa_flags=0x10000004
SIGILL: [libjvm.so+0x81a6d0], sa_mask[0]=0x7ffbfeff, sa_flags=0x10000004
SIGUSR1: SIG_DFL, sa_mask[0]=0x00000000, sa_flags=0x00000000
SIGUSR2: [libjvm.so+0x81bed0], sa_mask[0]=0x00000004, sa_flags=0x10000004
SIGHUP: [libjvm.so+0x81cfd0], sa_mask[0]=0x7ffbfeff, sa_flags=0x10000004
SIGINT: [libjvm.so+0x81cfd0], sa_mask[0]=0x7ffbfeff, sa_flags=0x10000004
SIGTERM: [libjvm.so+0x81cfd0], sa_mask[0]=0x7ffbfeff, sa_flags=0x10000004
SIGQUIT: [libjvm.so+0x81cfd0], sa_mask[0]=0x7ffbfeff, sa_flags=0x10000004


---------------  S Y S T E M  ---------------

OS:Linux
uname:Linux 3.15.1-1-ARCH #1 SMP PREEMPT Tue Jun 17 09:32:20 CEST 2014 x86_64
libc:glibc 2.19 NPTL 2.19 
rlimit: STACK 8192k, CORE 0k, NPROC 31300, NOFILE 4096, AS infinity
load average:1,06 0,91 0,76

/proc/meminfo:
MemTotal:        8091136 kB
MemFree:          139280 kB
MemAvailable:     169136 kB
Buffers:            9480 kB
Cached:          1139852 kB
SwapCached:            0 kB
Active:          6697820 kB
Inactive:         938348 kB
Active(anon):    6624360 kB
Inactive(anon):   848116 kB
Active(file):      73460 kB
Inactive(file):    90232 kB
Unevictable:         420 kB
Mlocked:             420 kB
SwapTotal:             0 kB
SwapFree:              0 kB
Dirty:               212 kB
Writeback:             0 kB
AnonPages:       6487388 kB
Mapped:           131932 kB
Shmem:            985724 kB
Slab:             105612 kB
SReclaimable:      64952 kB
SUnreclaim:        40660 kB
KernelStack:       14144 kB
PageTables:        55052 kB
NFS_Unstable:          0 kB
Bounce:                0 kB
WritebackTmp:          0 kB
CommitLimit:     4045568 kB
Committed_AS:   13315040 kB
VmallocTotal:   34359738367 kB
VmallocUsed:      577560 kB
VmallocChunk:   34359118980 kB
HardwareCorrupted:     0 kB
AnonHugePages:   2918400 kB
HugePages_Total:       0
HugePages_Free:        0
HugePages_Rsvd:        0
HugePages_Surp:        0
Hugepagesize:       2048 kB
DirectMap4k:       11008 kB
DirectMap2M:     3045376 kB
DirectMap1G:     5242880 kB


CPU:total 8 (4 cores per cpu, 2 threads per core) family 6 model 60 stepping 3, cmov, cx8, fxsr, mmx, sse, sse2, sse3, ssse3, sse4.1, sse4.2, popcnt, avx, avx2, aes, erms, ht, tsc, tscinvbit

/proc/cpuinfo:
processor	: 0
vendor_id	: GenuineIntel
cpu family	: 6
model		: 60
model name	: Intel(R) Core(TM) i7-4702MQ CPU @ 2.20GHz
stepping	: 3
microcode	: 0x10
cpu MHz		: 2899.960
cache size	: 6144 KB
physical id	: 0
siblings	: 8
core id		: 0
cpu cores	: 4
apicid		: 0
initial apicid	: 0
fpu		: yes
fpu_exception	: yes
cpuid level	: 13
wp		: yes
flags		: fpu vme de pse tsc msr pae mce cx8 apic sep mtrr pge mca cmov pat pse36 clflush dts acpi mmx fxsr sse sse2 ss ht tm pbe syscall nx pdpe1gb rdtscp lm constant_tsc arch_perfmon pebs bts rep_good nopl xtopology nonstop_tsc aperfmperf eagerfpu pni pclmulqdq dtes64 monitor ds_cpl vmx est tm2 ssse3 fma cx16 xtpr pdcm pcid sse4_1 sse4_2 movbe popcnt tsc_deadline_timer aes xsave avx f16c rdrand lahf_lm abm ida arat epb xsaveopt pln pts dtherm tpr_shadow vnmi flexpriority ept vpid fsgsbase tsc_adjust bmi1 avx2 smep bmi2 erms invpcid
bogomips	: 4391.93
clflush size	: 64
cache_alignment	: 64
address sizes	: 39 bits physical, 48 bits virtual
power management:

processor	: 1
vendor_id	: GenuineIntel
cpu family	: 6
model		: 60
model name	: Intel(R) Core(TM) i7-4702MQ CPU @ 2.20GHz
stepping	: 3
microcode	: 0x10
cpu MHz		: 3052.929
cache size	: 6144 KB
physical id	: 0
siblings	: 8
core id		: 0
cpu cores	: 4
apicid		: 1
initial apicid	: 1
fpu		: yes
fpu_exception	: yes
cpuid level	: 13
wp		: yes
flags		: fpu vme de pse tsc msr pae mce cx8 apic sep mtrr pge mca cmov pat pse36 clflush dts acpi mmx fxsr sse sse2 ss ht tm pbe syscall nx pdpe1gb rdtscp lm constant_tsc arch_perfmon pebs bts rep_good nopl xtopology nonstop_tsc aperfmperf eagerfpu pni pclmulqdq dtes64 monitor ds_cpl vmx est tm2 ssse3 fma cx16 xtpr pdcm pcid sse4_1 sse4_2 movbe popcnt tsc_deadline_timer aes xsave avx f16c rdrand lahf_lm abm ida arat epb xsaveopt pln pts dtherm tpr_shadow vnmi flexpriority ept vpid fsgsbase tsc_adjust bmi1 avx2 smep bmi2 erms invpcid
bogomips	: 4391.93
clflush size	: 64
cache_alignment	: 64
address sizes	: 39 bits physical, 48 bits virtual
power management:

processor	: 2
vendor_id	: GenuineIntel
cpu family	: 6
model		: 60
model name	: Intel(R) Core(TM) i7-4702MQ CPU @ 2.20GHz
stepping	: 3
microcode	: 0x10
cpu MHz		: 2960.632
cache size	: 6144 KB
physical id	: 0
siblings	: 8
core id		: 1
cpu cores	: 4
apicid		: 2
initial apicid	: 2
fpu		: yes
fpu_exception	: yes
cpuid level	: 13
wp		: yes
flags		: fpu vme de pse tsc msr pae mce cx8 apic sep mtrr pge mca cmov pat pse36 clflush dts acpi mmx fxsr sse sse2 ss ht tm pbe syscall nx pdpe1gb rdtscp lm constant_tsc arch_perfmon pebs bts rep_good nopl xtopology nonstop_tsc aperfmperf eagerfpu pni pclmulqdq dtes64 monitor ds_cpl vmx est tm2 ssse3 fma cx16 xtpr pdcm pcid sse4_1 sse4_2 movbe popcnt tsc_deadline_timer aes xsave avx f16c rdrand lahf_lm abm ida arat epb xsaveopt pln pts dtherm tpr_shadow vnmi flexpriority ept vpid fsgsbase tsc_adjust bmi1 avx2 smep bmi2 erms invpcid
bogomips	: 4391.93
clflush size	: 64
cache_alignment	: 64
address sizes	: 39 bits physical, 48 bits virtual
power management:

processor	: 3
vendor_id	: GenuineIntel
cpu family	: 6
model		: 60
model name	: Intel(R) Core(TM) i7-4702MQ CPU @ 2.20GHz
stepping	: 3
microcode	: 0x10
cpu MHz		: 2938.976
cache size	: 6144 KB
physical id	: 0
siblings	: 8
core id		: 1
cpu cores	: 4
apicid		: 3
initial apicid	: 3
fpu		: yes
fpu_exception	: yes
cpuid level	: 13
wp		: yes
flags		: fpu vme de pse tsc msr pae mce cx8 apic sep mtrr pge mca cmov pat pse36 clflush dts acpi mmx fxsr sse sse2 ss ht tm pbe syscall nx pdpe1gb rdtscp lm constant_tsc arch_perfmon pebs bts rep_good nopl xtopology nonstop_tsc aperfmperf eagerfpu pni pclmulqdq dtes64 monitor ds_cpl vmx est tm2 ssse3 fma cx16 xtpr pdcm pcid sse4_1 sse4_2 movbe popcnt tsc_deadline_timer aes xsave avx f16c rdrand lahf_lm abm ida arat epb xsaveopt pln pts dtherm tpr_shadow vnmi flexpriority ept vpid fsgsbase tsc_adjust bmi1 avx2 smep bmi2 erms invpcid
bogomips	: 4391.93
clflush size	: 64
cache_alignment	: 64
address sizes	: 39 bits physical, 48 bits virtual
power management:

processor	: 4
vendor_id	: GenuineIntel
cpu family	: 6
model		: 60
model name	: Intel(R) Core(TM) i7-4702MQ CPU @ 2.20GHz
stepping	: 3
microcode	: 0x10
cpu MHz		: 2730.320
cache size	: 6144 KB
physical id	: 0
siblings	: 8
core id		: 2
cpu cores	: 4
apicid		: 4
initial apicid	: 4
fpu		: yes
fpu_exception	: yes
cpuid level	: 13
wp		: yes
flags		: fpu vme de pse tsc msr pae mce cx8 apic sep mtrr pge mca cmov pat pse36 clflush dts acpi mmx fxsr sse sse2 ss ht tm pbe syscall nx pdpe1gb rdtscp lm constant_tsc arch_perfmon pebs bts rep_good nopl xtopology nonstop_tsc aperfmperf eagerfpu pni pclmulqdq dtes64 monitor ds_cpl vmx est tm2 ssse3 fma cx16 xtpr pdcm pcid sse4_1 sse4_2 movbe popcnt tsc_deadline_timer aes xsave avx f16c rdrand lahf_lm abm ida arat epb xsaveopt pln pts dtherm tpr_shadow vnmi flexpriority ept vpid fsgsbase tsc_adjust bmi1 avx2 smep bmi2 erms invpcid
bogomips	: 4391.93
clflush size	: 64
cache_alignment	: 64
address sizes	: 39 bits physical, 48 bits virtual
power management:

processor	: 5
vendor_id	: GenuineIntel
cpu family	: 6
model		: 60
model name	: Intel(R) Core(TM) i7-4702MQ CPU @ 2.20GHz
stepping	: 3
microcode	: 0x10
cpu MHz		: 2899.960
cache size	: 6144 KB
physical id	: 0
siblings	: 8
core id		: 2
cpu cores	: 4
apicid		: 5
initial apicid	: 5
fpu		: yes
fpu_exception	: yes
cpuid level	: 13
wp		: yes
flags		: fpu vme de pse tsc msr pae mce cx8 apic sep mtrr pge mca cmov pat pse36 clflush dts acpi mmx fxsr sse sse2 ss ht tm pbe syscall nx pdpe1gb rdtscp lm constant_tsc arch_perfmon pebs bts rep_good nopl xtopology nonstop_tsc aperfmperf eagerfpu pni pclmulqdq dtes64 monitor ds_cpl vmx est tm2 ssse3 fma cx16 xtpr pdcm pcid sse4_1 sse4_2 movbe popcnt tsc_deadline_timer aes xsave avx f16c rdrand lahf_lm abm ida arat epb xsaveopt pln pts dtherm tpr_shadow vnmi flexpriority ept vpid fsgsbase tsc_adjust bmi1 avx2 smep bmi2 erms invpcid
bogomips	: 4391.93
clflush size	: 64
cache_alignment	: 64
address sizes	: 39 bits physical, 48 bits virtual
power management:

processor	: 6
vendor_id	: GenuineIntel
cpu family	: 6
model		: 60
model name	: Intel(R) Core(TM) i7-4702MQ CPU @ 2.20GHz
stepping	: 3
microcode	: 0x10
cpu MHz		: 3079.054
cache size	: 6144 KB
physical id	: 0
siblings	: 8
core id		: 3
cpu cores	: 4
apicid		: 6
initial apicid	: 6
fpu		: yes
fpu_exception	: yes
cpuid level	: 13
wp		: yes
flags		: fpu vme de pse tsc msr pae mce cx8 apic sep mtrr pge mca cmov pat pse36 clflush dts acpi mmx fxsr sse sse2 ss ht tm pbe syscall nx pdpe1gb rdtscp lm constant_tsc arch_perfmon pebs bts rep_good nopl xtopology nonstop_tsc aperfmperf eagerfpu pni pclmulqdq dtes64 monitor ds_cpl vmx est tm2 ssse3 fma cx16 xtpr pdcm pcid sse4_1 sse4_2 movbe popcnt tsc_deadline_timer aes xsave avx f16c rdrand lahf_lm abm ida arat epb xsaveopt pln pts dtherm tpr_shadow vnmi flexpriority ept vpid fsgsbase tsc_adjust bmi1 avx2 smep bmi2 erms invpcid
bogomips	: 4391.93
clflush size	: 64
cache_alignment	: 64
address sizes	: 39 bits physical, 48 bits virtual
power management:

processor	: 7
vendor_id	: GenuineIntel
cpu family	: 6
model		: 60
model name	: Intel(R) Core(TM) i7-4702MQ CPU @ 2.20GHz
stepping	: 3
microcode	: 0x10
cpu MHz		: 2900.132
cache size	: 6144 KB
physical id	: 0
siblings	: 8
core id		: 3
cpu cores	: 4
apicid		: 7
initial apicid	: 7
fpu		: yes
fpu_exception	: yes
cpuid level	: 13
wp		: yes
flags		: fpu vme de pse tsc msr pae mce cx8 apic sep mtrr pge mca cmov pat pse36 clflush dts acpi mmx fxsr sse sse2 ss ht tm pbe syscall nx pdpe1gb rdtscp lm constant_tsc arch_perfmon pebs bts rep_good nopl xtopology nonstop_tsc aperfmperf eagerfpu pni pclmulqdq dtes64 monitor ds_cpl vmx est tm2 ssse3 fma cx16 xtpr pdcm pcid sse4_1 sse4_2 movbe popcnt tsc_deadline_timer aes xsave avx f16c rdrand lahf_lm abm ida arat epb xsaveopt pln pts dtherm tpr_shadow vnmi flexpriority ept vpid fsgsbase tsc_adjust bmi1 avx2 smep bmi2 erms invpcid
bogomips	: 4391.93
clflush size	: 64
cache_alignment	: 64
address sizes	: 39 bits physical, 48 bits virtual
power management:



Memory: 4k page, physical 8091136k(139280k free), swap 0k(0k free)

vm_info: Java HotSpot(TM) 64-Bit Server VM (24.60-b09) for linux-amd64 JRE (1.7.0_60-b19), built on May  7 2014 13:18:30 by "java_re" with gcc 4.3.0 20080428 (Red Hat 4.3.0-8)

time: Fri Jun 27 11:54:18 2014
elapsed time: 82 seconds

