#
# There is insufficient memory for the Java Runtime Environment to continue.
# Native memory allocation (malloc) failed to allocate 163053568 bytes for committing reserved memory.
# Possible reasons:
#   The system is out of physical RAM or swap space
#   In 32 bit mode, the process size limit was hit
# Possible solutions:
#   Reduce memory load on the system
#   Increase physical memory or swap space
#   Check if swap backing store is full
#   Use 64 bit Java on a 64 bit OS
#   Decrease Java heap size (-Xmx/-Xms)
#   Decrease number of Java threads
#   Decrease Java thread stack sizes (-Xss)
#   Set larger code cache with -XX:ReservedCodeCacheSize=
# This output file may be truncated or incomplete.
#
#  Out of Memory Error (os_linux.cpp:2747), pid=14991, tid=140729749751552
#
# JRE version: Java(TM) SE Runtime Environment (7.0_60-b19) (build 1.7.0_60-b19)
# Java VM: Java HotSpot(TM) 64-Bit Server VM (24.60-b09 mixed mode linux-amd64 compressed oops)
# Failed to write core dump. Core dumps have been disabled. To enable core dumping, try "ulimit -c unlimited" before starting Java again
#

---------------  T H R E A D  ---------------

Current thread (0x00007ffe3c075000):  VMThread [stack: 0x00007ffe32ae4000,0x00007ffe32be5000] [id=15001]

Stack: [0x00007ffe32ae4000,0x00007ffe32be5000],  sp=0x00007ffe32be3000,  free space=1020k
Native frames: (J=compiled Java code, j=interpreted, Vv=VM code, C=native code)
V  [libjvm.so+0x99e7ca]  JVM_handle_linux_signal+0x17b14a
V  [libjvm.so+0x496fbb]  sem_destroy+0x496fbb
V  [libjvm.so+0x81d81e]  fork1+0x19ee
V  [libjvm.so+0x81dd69]  fork1+0x1f39
V  [libjvm.so+0x817b0a]  JVM_RaiseSignal+0x18904a
V  [libjvm.so+0x88a613]  JVM_handle_linux_signal+0x66f93
V  [libjvm.so+0x88b9e8]  JVM_handle_linux_signal+0x68368
V  [libjvm.so+0x88ab52]  JVM_handle_linux_signal+0x674d2
V  [libjvm.so+0x887fa3]  JVM_handle_linux_signal+0x64923
V  [libjvm.so+0x888751]  JVM_handle_linux_signal+0x650d1
V  [libjvm.so+0x83f370]  JVM_handle_linux_signal+0x1bcf0
V  [libjvm.so+0x9a0067]  JVM_handle_linux_signal+0x17c9e7
V  [libjvm.so+0x9a7505]  JVM_handle_linux_signal+0x183e85
V  [libjvm.so+0x9a58ca]  JVM_handle_linux_signal+0x18224a
V  [libjvm.so+0x9a5c4e]  JVM_handle_linux_signal+0x1825ce
V  [libjvm.so+0x9a60c0]  JVM_handle_linux_signal+0x182a40
V  [libjvm.so+0x81f7f8]  fork1+0x39c8

VM_Operation (0x00007ffe313b0d60): ParallelGCFailedAllocation, mode: safepoint, requested by thread 0x00007ffddc002800


---------------  P R O C E S S  ---------------

Java Threads: ( => current thread )
  0x00007ffddc002800 JavaThread "localhost-startStop-1" daemon [_thread_blocked, id=15010, stack(0x00007ffe312b3000,0x00007ffe313b4000)]
  0x00007ffe3cae8000 JavaThread "Tomcat-startStop-1" daemon [_thread_blocked, id=15009, stack(0x00007ffe313b4000,0x00007ffe314b5000)]
  0x00007ffe3c0a1800 JavaThread "Service Thread" daemon [_thread_blocked, id=15007, stack(0x00007ffe32355000,0x00007ffe32456000)]
  0x00007ffe3c09f800 JavaThread "C2 CompilerThread1" daemon [_thread_blocked, id=15006, stack(0x00007ffe32456000,0x00007ffe32557000)]
  0x00007ffe3c09c800 JavaThread "C2 CompilerThread0" daemon [_thread_blocked, id=15005, stack(0x00007ffe32557000,0x00007ffe32658000)]
  0x00007ffe3c09a800 JavaThread "Signal Dispatcher" daemon [_thread_blocked, id=15004, stack(0x00007ffe32658000,0x00007ffe32759000)]
  0x00007ffe3c07b000 JavaThread "Finalizer" daemon [_thread_blocked, id=15003, stack(0x00007ffe328e2000,0x00007ffe329e3000)]
  0x00007ffe3c079000 JavaThread "Reference Handler" daemon [_thread_blocked, id=15002, stack(0x00007ffe329e3000,0x00007ffe32ae4000)]
  0x00007ffe3c00c800 JavaThread "main" [_thread_blocked, id=14992, stack(0x00007ffe434cb000,0x00007ffe435cc000)]

Other Threads:
=>0x00007ffe3c075000 VMThread [stack: 0x00007ffe32ae4000,0x00007ffe32be5000] [id=15001]
  0x00007ffe3c0bc800 WatcherThread [stack: 0x00007ffe32254000,0x00007ffe32355000] [id=15008]

VM state:at safepoint (normal execution)

VM Mutex/Monitor currently owned by a thread:  ([mutex/lock_event])
[0x00007ffe3c00a240] Threads_lock - owner thread: 0x00007ffe3c075000
[0x00007ffe3c00a740] Heap_lock - owner thread: 0x00007ffddc002800

Heap
 PSYoungGen      total 265728K, used 7670K [0x00000007d6d00000, 0x00000007e7800000, 0x0000000800000000)
  eden space 258048K, 0% used [0x00000007d6d00000,0x00000007d6d00000,0x00000007e6900000)
  from space 7680K, 99% used [0x00000007e6900000,0x00000007e707da48,0x00000007e7080000)
  to   space 7680K, 0% used [0x00000007e7080000,0x00000007e7080000,0x00000007e7800000)
 ParOldGen       total 83968K, used 9848K [0x0000000784800000, 0x0000000789a00000, 0x00000007d6d00000)
  object space 83968K, 11% used [0x0000000784800000,0x000000078519e2b8,0x0000000789a00000)
 PSPermGen       total 24576K, used 24349K [0x000000077f600000, 0x0000000780e00000, 0x0000000784800000)
  object space 24576K, 99% used [0x000000077f600000,0x0000000780dc7460,0x0000000780e00000)

Card table byte_map: [0x00007ffe40a1c000,0x00007ffe40e22000] byte_map_base: 0x00007ffe3ce21000

Polling page: 0x00007ffe43608000

Code Cache  [0x00007ffe39000000, 0x00007ffe39270000, 0x00007ffe3c000000)
 total_blobs=915 nmethods=599 adapters=268 free_code_cache=46906Kb largest_free_block=47982144

Compilation events (10 events):
Event: 5,891 Thread 0x00007ffe3c09c800  618             java.util.HashSet::<init> (16 bytes)
Event: 5,892 Thread 0x00007ffe3c09f800  619             java.lang.Class$MethodArray::get (7 bytes)
Event: 5,893 Thread 0x00007ffe3c09f800 nmethod 619 0x00007ffe391fbd10 code [0x00007ffe391fbe60, 0x00007ffe391fbf18]
Event: 5,893 Thread 0x00007ffe3c09c800 nmethod 618 0x00007ffe3910e290 code [0x00007ffe3910e3e0, 0x00007ffe3910e4f8]
Event: 5,901 Thread 0x00007ffe3c09f800  620             org.springframework.core.ResolvableType::resolve (6 bytes)
Event: 5,902 Thread 0x00007ffe3c09f800 nmethod 620 0x00007ffe3910e050 code [0x00007ffe3910e180, 0x00007ffe3910e218]
Event: 5,904 Thread 0x00007ffe3c09c800  621             java.lang.reflect.Method::getDeclaredAnnotations (8 bytes)
Event: 5,904 Thread 0x00007ffe3c09f800  622             java.lang.reflect.Method::isBridge (16 bytes)
Event: 5,905 Thread 0x00007ffe3c09f800 nmethod 622 0x00007ffe3910de50 code [0x00007ffe3910df80, 0x00007ffe3910dff8]
Event: 5,905 Thread 0x00007ffe3c09c800 nmethod 621 0x00007ffe39235290 code [0x00007ffe39235400, 0x00007ffe39235538]

GC Heap History (10 events):
Event: 1,672 GC heap after
Heap after GC invocations=4 (full 0):
 PSYoungGen      total 69632K, used 5097K [0x00000007d6d00000, 0x00000007db600000, 0x0000000800000000)
  eden space 64512K, 0% used [0x00000007d6d00000,0x00000007d6d00000,0x00000007dac00000)
  from space 5120K, 99% used [0x00000007db100000,0x00000007db5fa470,0x00000007db600000)
  to   space 5120K, 0% used [0x00000007dac00000,0x00000007dac00000,0x00000007db100000)
 ParOldGen       total 83968K, used 1151K [0x0000000784800000, 0x0000000789a00000, 0x00000007d6d00000)
  object space 83968K, 1% used [0x0000000784800000,0x000000078491fc70,0x0000000789a00000)
 PSPermGen       total 21504K, used 12065K [0x000000077f600000, 0x0000000780b00000, 0x0000000784800000)
  object space 21504K, 56% used [0x000000077f600000,0x00000007801c86a0,0x0000000780b00000)
}
Event: 2,354 GC heap before
{Heap before GC invocations=5 (full 0):
 PSYoungGen      total 69632K, used 69609K [0x00000007d6d00000, 0x00000007db600000, 0x0000000800000000)
  eden space 64512K, 100% used [0x00000007d6d00000,0x00000007dac00000,0x00000007dac00000)
  from space 5120K, 99% used [0x00000007db100000,0x00000007db5fa470,0x00000007db600000)
  to   space 5120K, 0% used [0x00000007dac00000,0x00000007dac00000,0x00000007db100000)
 ParOldGen       total 83968K, used 1151K [0x0000000784800000, 0x0000000789a00000, 0x00000007d6d00000)
  object space 83968K, 1% used [0x0000000784800000,0x000000078491fc70,0x0000000789a00000)
 PSPermGen       total 21504K, used 13165K [0x000000077f600000, 0x0000000780b00000, 0x0000000784800000)
  object space 21504K, 61% used [0x000000077f600000,0x00000007802db760,0x0000000780b00000)
Event: 2,361 GC heap after
Heap after GC invocations=5 (full 0):
 PSYoungGen      total 69632K, used 5097K [0x00000007d6d00000, 0x00000007dfa00000, 0x0000000800000000)
  eden space 64512K, 0% used [0x00000007d6d00000,0x00000007d6d00000,0x00000007dac00000)
  from space 5120K, 99% used [0x00000007dac00000,0x00000007db0fa490,0x00000007db100000)
  to   space 7680K, 0% used [0x00000007df280000,0x00000007df280000,0x00000007dfa00000)
 ParOldGen       total 83968K, used 3099K [0x0000000784800000, 0x0000000789a00000, 0x00000007d6d00000)
  object space 83968K, 3% used [0x0000000784800000,0x0000000784b06c18,0x0000000789a00000)
 PSPermGen       total 21504K, used 13165K [0x000000077f600000, 0x0000000780b00000, 0x0000000784800000)
  object space 21504K, 61% used [0x000000077f600000,0x00000007802db760,0x0000000780b00000)
}
Event: 2,614 GC heap before
{Heap before GC invocations=6 (full 0):
 PSYoungGen      total 69632K, used 69609K [0x00000007d6d00000, 0x00000007dfa00000, 0x0000000800000000)
  eden space 64512K, 100% used [0x00000007d6d00000,0x00000007dac00000,0x00000007dac00000)
  from space 5120K, 99% used [0x00000007dac00000,0x00000007db0fa490,0x00000007db100000)
  to   space 7680K, 0% used [0x00000007df280000,0x00000007df280000,0x00000007dfa00000)
 ParOldGen       total 83968K, used 3099K [0x0000000784800000, 0x0000000789a00000, 0x00000007d6d00000)
  object space 83968K, 3% used [0x0000000784800000,0x0000000784b06c18,0x0000000789a00000)
 PSPermGen       total 21504K, used 13351K [0x000000077f600000, 0x0000000780b00000, 0x0000000784800000)
  object space 21504K, 62% used [0x000000077f600000,0x0000000780309f98,0x0000000780b00000)
Event: 2,619 GC heap after
Heap after GC invocations=6 (full 0):
 PSYoungGen      total 136704K, used 5451K [0x00000007d6d00000, 0x00000007dfa00000, 0x0000000800000000)
  eden space 129024K, 0% used [0x00000007d6d00000,0x00000007d6d00000,0x00000007deb00000)
  from space 7680K, 70% used [0x00000007df280000,0x00000007df7d2d00,0x00000007dfa00000)
  to   space 7680K, 0% used [0x00000007deb00000,0x00000007deb00000,0x00000007df280000)
 ParOldGen       total 83968K, used 3107K [0x0000000784800000, 0x0000000789a00000, 0x00000007d6d00000)
  object space 83968K, 3% used [0x0000000784800000,0x0000000784b08c18,0x0000000789a00000)
 PSPermGen       total 21504K, used 13351K [0x000000077f600000, 0x0000000780b00000, 0x0000000784800000)
  object space 21504K, 62% used [0x000000077f600000,0x0000000780309f98,0x0000000780b00000)
}
Event: 2,943 GC heap before
{Heap before GC invocations=7 (full 0):
 PSYoungGen      total 136704K, used 134475K [0x00000007d6d00000, 0x00000007dfa00000, 0x0000000800000000)
  eden space 129024K, 100% used [0x00000007d6d00000,0x00000007deb00000,0x00000007deb00000)
  from space 7680K, 70% used [0x00000007df280000,0x00000007df7d2d00,0x00000007dfa00000)
  to   space 7680K, 0% used [0x00000007deb00000,0x00000007deb00000,0x00000007df280000)
 ParOldGen       total 83968K, used 3107K [0x0000000784800000, 0x0000000789a00000, 0x00000007d6d00000)
  object space 83968K, 3% used [0x0000000784800000,0x0000000784b08c18,0x0000000789a00000)
 PSPermGen       total 21504K, used 13514K [0x000000077f600000, 0x0000000780b00000, 0x0000000784800000)
  object space 21504K, 62% used [0x000000077f600000,0x0000000780332970,0x0000000780b00000)
Event: 2,951 GC heap after
Heap after GC invocations=7 (full 0):
 PSYoungGen      total 136704K, used 3303K [0x00000007d6d00000, 0x00000007e7800000, 0x0000000800000000)
  eden space 129024K, 0% used [0x00000007d6d00000,0x00000007d6d00000,0x00000007deb00000)
  from space 7680K, 43% used [0x00000007deb00000,0x00000007dee39da8,0x00000007df280000)
  to   space 7680K, 0% used [0x00000007e7080000,0x00000007e7080000,0x00000007e7800000)
 ParOldGen       total 83968K, used 5238K [0x0000000784800000, 0x0000000789a00000, 0x00000007d6d00000)
  object space 83968K, 6% used [0x0000000784800000,0x0000000784d1db50,0x0000000789a00000)
 PSPermGen       total 21504K, used 13514K [0x000000077f600000, 0x0000000780b00000, 0x0000000784800000)
  object space 21504K, 62% used [0x000000077f600000,0x0000000780332970,0x0000000780b00000)
}
Event: 3,519 GC heap before
{Heap before GC invocations=8 (full 0):
 PSYoungGen      total 136704K, used 132327K [0x00000007d6d00000, 0x00000007e7800000, 0x0000000800000000)
  eden space 129024K, 100% used [0x00000007d6d00000,0x00000007deb00000,0x00000007deb00000)
  from space 7680K, 43% used [0x00000007deb00000,0x00000007dee39da8,0x00000007df280000)
  to   space 7680K, 0% used [0x00000007e7080000,0x00000007e7080000,0x00000007e7800000)
 ParOldGen       total 83968K, used 5238K [0x0000000784800000, 0x0000000789a00000, 0x00000007d6d00000)
  object space 83968K, 6% used [0x0000000784800000,0x0000000784d1db50,0x0000000789a00000)
 PSPermGen       total 21504K, used 16146K [0x000000077f600000, 0x0000000780b00000, 0x0000000784800000)
  object space 21504K, 75% used [0x000000077f600000,0x00000007805c4878,0x0000000780b00000)
Event: 3,527 GC heap after
Heap after GC invocations=8 (full 0):
 PSYoungGen      total 265728K, used 3681K [0x00000007d6d00000, 0x00000007e7800000, 0x0000000800000000)
  eden space 258048K, 0% used [0x00000007d6d00000,0x00000007d6d00000,0x00000007e6900000)
  from space 7680K, 47% used [0x00000007e7080000,0x00000007e74185d0,0x00000007e7800000)
  to   space 7680K, 0% used [0x00000007e6900000,0x00000007e6900000,0x00000007e7080000)
 ParOldGen       total 83968K, used 6710K [0x0000000784800000, 0x0000000789a00000, 0x00000007d6d00000)
  object space 83968K, 7% used [0x0000000784800000,0x0000000784e8d9c8,0x0000000789a00000)
 PSPermGen       total 21504K, used 16146K [0x000000077f600000, 0x0000000780b00000, 0x0000000784800000)
  object space 21504K, 75% used [0x000000077f600000,0x00000007805c4878,0x0000000780b00000)
}
Event: 5,951 GC heap before
{Heap before GC invocations=9 (full 0):
 PSYoungGen      total 265728K, used 261729K [0x00000007d6d00000, 0x00000007e7800000, 0x0000000800000000)
  eden space 258048K, 100% used [0x00000007d6d00000,0x00000007e6900000,0x00000007e6900000)
  from space 7680K, 47% used [0x00000007e7080000,0x00000007e74185d0,0x00000007e7800000)
  to   space 7680K, 0% used [0x00000007e6900000,0x00000007e6900000,0x00000007e7080000)
 ParOldGen       total 83968K, used 6710K [0x0000000784800000, 0x0000000789a00000, 0x00000007d6d00000)
  object space 83968K, 7% used [0x0000000784800000,0x0000000784e8d9c8,0x0000000789a00000)
 PSPermGen       total 24576K, used 24349K [0x000000077f600000, 0x0000000780e00000, 0x0000000784800000)
  object space 24576K, 99% used [0x000000077f600000,0x0000000780dc7460,0x0000000780e00000)

Deoptimization events (10 events):
Event: 4,710 Thread 0x00007ffe3c00c800 Uncommon trap: reason=bimorphic action=maybe_recompile pc=0x00007ffe39129048 method=java.util.regex.Pattern$Curly.match0(Ljava/util/regex/Matcher;IILjava/lang/CharSequence;)Z @ 170
Event: 4,710 Thread 0x00007ffe3c00c800 Uncommon trap: reason=bimorphic action=maybe_recompile pc=0x00007ffe39129048 method=java.util.regex.Pattern$Curly.match0(Ljava/util/regex/Matcher;IILjava/lang/CharSequence;)Z @ 170
Event: 4,749 Thread 0x00007ffe3cae8000 Uncommon trap: reason=unreached action=reinterpret pc=0x00007ffe390f8088 method=java.lang.ThreadLocal.get()Ljava/lang/Object; @ 11
Event: 4,750 Thread 0x00007ffddc002800 Uncommon trap: reason=unreached action=reinterpret pc=0x00007ffe3908bc60 method=java.lang.ThreadLocal.get()Ljava/lang/Object; @ 11
Event: 4,802 Thread 0x00007ffddc002800 Uncommon trap: reason=bimorphic action=maybe_recompile pc=0x00007ffe39125334 method=java.util.HashMap$KeySet.iterator()Ljava/util/Iterator; @ 4
Event: 4,810 Thread 0x00007ffddc002800 Uncommon trap: reason=class_check action=maybe_recompile pc=0x00007ffe391dd3b0 method=java.util.zip.InflaterInputStream.read([BII)I @ 100
Event: 4,810 Thread 0x00007ffddc002800 Uncommon trap: reason=class_check action=maybe_recompile pc=0x00007ffe391dd3b0 method=java.util.zip.InflaterInputStream.read([BII)I @ 100
Event: 4,811 Thread 0x00007ffddc002800 Uncommon trap: reason=class_check action=maybe_recompile pc=0x00007ffe391dd3b0 method=java.util.zip.InflaterInputStream.read([BII)I @ 100
Event: 4,812 Thread 0x00007ffddc002800 Uncommon trap: reason=class_check action=maybe_recompile pc=0x00007ffe391dd3b0 method=java.util.zip.InflaterInputStream.read([BII)I @ 100
Event: 5,844 Thread 0x00007ffddc002800 Uncommon trap: reason=class_check action=maybe_recompile pc=0x00007ffe3915ae4c method=org.springframework.beans.MutablePropertyValues.<init>(Lorg/springframework/beans/PropertyValues;)V @ 14

Internal exceptions (10 events):
Event: 5,939 Thread 0x00007ffddc002800 Threw 0x00000007e64833f8 at /HUDSON/workspace/7u-2-build-linux-amd64/jdk7u60/1081/hotspot/src/share/vm/prims/jvm.cpp:1244
Event: 5,939 Thread 0x00007ffddc002800 Threw 0x00000007e6498da8 at /HUDSON/workspace/7u-2-build-linux-amd64/jdk7u60/1081/hotspot/src/share/vm/prims/jvm.cpp:1244
Event: 5,939 Thread 0x00007ffddc002800 Threw 0x00000007e6499ce8 at /HUDSON/workspace/7u-2-build-linux-amd64/jdk7u60/1081/hotspot/src/share/vm/prims/jvm.cpp:1244
Event: 5,939 Thread 0x00007ffddc002800 Threw 0x00000007e64af698 at /HUDSON/workspace/7u-2-build-linux-amd64/jdk7u60/1081/hotspot/src/share/vm/prims/jvm.cpp:1244
Event: 5,939 Thread 0x00007ffddc002800 Threw 0x00000007e64b0450 at /HUDSON/workspace/7u-2-build-linux-amd64/jdk7u60/1081/hotspot/src/share/vm/classfile/systemDictionary.cpp:185
Event: 5,939 Thread 0x00007ffddc002800 Threw 0x00000007e64b1660 at /HUDSON/workspace/7u-2-build-linux-amd64/jdk7u60/1081/hotspot/src/share/vm/prims/jvm.cpp:1244
Event: 5,939 Thread 0x00007ffddc002800 Threw 0x00000007e64c7990 at /HUDSON/workspace/7u-2-build-linux-amd64/jdk7u60/1081/hotspot/src/share/vm/prims/jvm.cpp:1244
Event: 5,940 Thread 0x00007ffddc002800 Threw 0x00000007e64c88d8 at /HUDSON/workspace/7u-2-build-linux-amd64/jdk7u60/1081/hotspot/src/share/vm/prims/jvm.cpp:1244
Event: 5,940 Thread 0x00007ffddc002800 Threw 0x00000007e64dead8 at /HUDSON/workspace/7u-2-build-linux-amd64/jdk7u60/1081/hotspot/src/share/vm/prims/jvm.cpp:1244
Event: 5,940 Thread 0x00007ffddc002800 Threw 0x00000007e64df8a0 at /HUDSON/workspace/7u-2-build-linux-amd64/jdk7u60/1081/hotspot/src/share/vm/classfile/systemDictionary.cpp:185

Events (10 events):
Event: 5,939 loading class 0x00007ffde00274a0 done
Event: 5,939 loading class 0x00007ffde00274a0
Event: 5,939 loading class 0x00007ffde00274a0 done
Event: 5,939 loading class 0x00007ffde0027540
Event: 5,939 loading class 0x00007ffde0027540 done
Event: 5,940 loading class 0x00007ffde0027540
Event: 5,940 loading class 0x00007ffde0027540 done
Event: 5,940 loading class 0x00007ffde0027540
Event: 5,940 loading class 0x00007ffde0027540 done
Event: 5,951 Executing VM operation: ParallelGCFailedAllocation


Dynamic libraries:
00400000-00401000 r-xp 00000000 08:12 1972173                            /opt/java/jre/bin/java
00600000-00601000 rw-p 00000000 08:12 1972173                            /opt/java/jre/bin/java
0074e000-0076f000 rw-p 00000000 00:00 0                                  [heap]
77f600000-780e00000 rw-p 00000000 00:00 0 
780e00000-784800000 rw-p 00000000 00:00 0 
784800000-789a00000 rw-p 00000000 00:00 0 
789a00000-7d6d00000 rw-p 00000000 00:00 0 
7d6d00000-7e7800000 rw-p 00000000 00:00 0 
7f1380000-800000000 rw-p 00000000 00:00 0 
7ffddc000000-7ffddc021000 rw-p 00000000 00:00 0 
7ffddc021000-7ffde0000000 ---p 00000000 00:00 0 
7ffde0000000-7ffde0031000 rw-p 00000000 00:00 0 
7ffde0031000-7ffde4000000 ---p 00000000 00:00 0 
7ffde4000000-7ffde4021000 rw-p 00000000 00:00 0 
7ffde4021000-7ffde8000000 ---p 00000000 00:00 0 
7ffde8000000-7ffde8021000 rw-p 00000000 00:00 0 
7ffde8021000-7ffdec000000 ---p 00000000 00:00 0 
7ffdec000000-7ffdecb73000 rw-p 00000000 00:00 0 
7ffdecb73000-7ffdf0000000 ---p 00000000 00:00 0 
7ffdf0000000-7ffdf12ee000 rw-p 00000000 00:00 0 
7ffdf12ee000-7ffdf4000000 ---p 00000000 00:00 0 
7ffdf4000000-7ffdf4021000 rw-p 00000000 00:00 0 
7ffdf4021000-7ffdf8000000 ---p 00000000 00:00 0 
7ffdf8000000-7ffdf8021000 rw-p 00000000 00:00 0 
7ffdf8021000-7ffdfc000000 ---p 00000000 00:00 0 
7ffdfc000000-7ffdfc021000 rw-p 00000000 00:00 0 
7ffdfc021000-7ffe00000000 ---p 00000000 00:00 0 
7ffe03fb0000-7ffe08000000 rw-p 00000000 00:00 0 
7ffe08000000-7ffe08021000 rw-p 00000000 00:00 0 
7ffe08021000-7ffe0c000000 ---p 00000000 00:00 0 
7ffe0c000000-7ffe0c021000 rw-p 00000000 00:00 0 
7ffe0c021000-7ffe10000000 ---p 00000000 00:00 0 
7ffe10000000-7ffe10021000 rw-p 00000000 00:00 0 
7ffe10021000-7ffe14000000 ---p 00000000 00:00 0 
7ffe18000000-7ffe18021000 rw-p 00000000 00:00 0 
7ffe18021000-7ffe1c000000 ---p 00000000 00:00 0 
7ffe1c000000-7ffe1c021000 rw-p 00000000 00:00 0 
7ffe1c021000-7ffe20000000 ---p 00000000 00:00 0 
7ffe20000000-7ffe20021000 rw-p 00000000 00:00 0 
7ffe20021000-7ffe24000000 ---p 00000000 00:00 0 
7ffe24000000-7ffe24021000 rw-p 00000000 00:00 0 
7ffe24021000-7ffe28000000 ---p 00000000 00:00 0 
7ffe2c000000-7ffe2c021000 rw-p 00000000 00:00 0 
7ffe2c021000-7ffe30000000 ---p 00000000 00:00 0 
7ffe312b3000-7ffe312b6000 ---p 00000000 00:00 0 
7ffe312b6000-7ffe313b4000 rw-p 00000000 00:00 0                          [stack:15010]
7ffe313b4000-7ffe313b7000 ---p 00000000 00:00 0 
7ffe313b7000-7ffe314b5000 rw-p 00000000 00:00 0                          [stack:15009]
7ffe314b5000-7ffe31512000 r-xp 00000000 08:12 666943                     /usr/lib/libnss_myhostname.so.2
7ffe31512000-7ffe31513000 ---p 0005d000 08:12 666943                     /usr/lib/libnss_myhostname.so.2
7ffe31513000-7ffe31517000 r--p 0005d000 08:12 666943                     /usr/lib/libnss_myhostname.so.2
7ffe31517000-7ffe31518000 rw-p 00061000 08:12 666943                     /usr/lib/libnss_myhostname.so.2
7ffe31518000-7ffe3152c000 r-xp 00000000 08:12 658634                     /usr/lib/libresolv-2.19.so
7ffe3152c000-7ffe3172b000 ---p 00014000 08:12 658634                     /usr/lib/libresolv-2.19.so
7ffe3172b000-7ffe3172c000 r--p 00013000 08:12 658634                     /usr/lib/libresolv-2.19.so
7ffe3172c000-7ffe3172d000 rw-p 00014000 08:12 658634                     /usr/lib/libresolv-2.19.so
7ffe3172d000-7ffe3172f000 rw-p 00000000 00:00 0 
7ffe3172f000-7ffe31734000 r-xp 00000000 08:12 658738                     /usr/lib/libnss_dns-2.19.so
7ffe31734000-7ffe31933000 ---p 00005000 08:12 658738                     /usr/lib/libnss_dns-2.19.so
7ffe31933000-7ffe31934000 r--p 00004000 08:12 658738                     /usr/lib/libnss_dns-2.19.so
7ffe31934000-7ffe31935000 rw-p 00005000 08:12 658738                     /usr/lib/libnss_dns-2.19.so
7ffe3195f000-7ffe31960000 rw-p 00000000 00:00 0 
7ffe31960000-7ffe31964000 r--s 0008a000 08:12 1968605                    /opt/java/jre/lib/jsse.jar
7ffe31964000-7ffe3196d000 r--s 00251000 08:12 1968619                    /opt/java/jre/lib/resources.jar
7ffe3196d000-7ffe31975000 r-xp 00000000 08:12 1972078                    /opt/java/jre/lib/amd64/libmanagement.so
7ffe31975000-7ffe31b74000 ---p 00008000 08:12 1972078                    /opt/java/jre/lib/amd64/libmanagement.so
7ffe31b74000-7ffe31b75000 rw-p 00007000 08:12 1972078                    /opt/java/jre/lib/amd64/libmanagement.so
7ffe31b75000-7ffe31b85000 r-xp 00000000 08:12 1972067                    /opt/java/jre/lib/amd64/libnio.so
7ffe31b85000-7ffe31d85000 ---p 00010000 08:12 1972067                    /opt/java/jre/lib/amd64/libnio.so
7ffe31d85000-7ffe31d86000 rw-p 00010000 08:12 1972067                    /opt/java/jre/lib/amd64/libnio.so
7ffe31d86000-7ffe31dab000 r--p 00000000 08:12 658588                     /usr/share/locale/es/LC_MESSAGES/libc.mo
7ffe31dab000-7ffe31ddc000 rw-p 00000000 00:00 0 
7ffe31ddc000-7ffe31df2000 r-xp 00000000 08:12 1972035                    /opt/java/jre/lib/amd64/libnet.so
7ffe31df2000-7ffe31ff2000 ---p 00016000 08:12 1972035                    /opt/java/jre/lib/amd64/libnet.so
7ffe31ff2000-7ffe31ff3000 rw-p 00016000 08:12 1972035                    /opt/java/jre/lib/amd64/libnet.so
7ffe31ff3000-7ffe31ff4000 r--s 00004000 08:13 531582                     /home/adrian/.m2/repository/org/springframework/plugin/spring-plugin-core/0.8.0.RELEASE/spring-plugin-core-0.8.0.RELEASE.jar
7ffe31ff4000-7ffe31fff000 r--s 00046000 08:13 531501                     /home/adrian/.m2/repository/org/springframework/boot/spring-boot-autoconfigure/1.1.1.RELEASE/spring-boot-autoconfigure-1.1.1.RELEASE.jar
7ffe31fff000-7ffe32003000 r--s 0001e000 08:13 531622                     /home/adrian/.m2/repository/org/springframework/data/spring-data-rest-webmvc/2.1.0.RELEASE/spring-data-rest-webmvc-2.1.0.RELEASE.jar
7ffe32003000-7ffe3200b000 r--s 00052000 08:13 532443                     /home/adrian/.m2/repository/org/springframework/spring-orm/4.0.2.RELEASE/spring-orm-4.0.2.RELEASE.jar
7ffe3200b000-7ffe32015000 r--s 0005f000 08:13 525508                     /home/adrian/.m2/repository/ch/qos/logback/logback-core/1.1.2/logback-core-1.1.2.jar
7ffe32015000-7ffe32029000 r--s 000d7000 08:13 532435                     /home/adrian/.m2/repository/org/springframework/spring-core/4.0.2.RELEASE/spring-core-4.0.2.RELEASE.jar
7ffe32029000-7ffe3203a000 r--s 000cf000 08:13 531099                     /home/adrian/.m2/repository/com/fasterxml/jackson/core/jackson-databind/2.3.3/jackson-databind-2.3.3.jar
7ffe3203a000-7ffe32064000 r--s 001e9000 08:13 529941                     /home/adrian/.m2/repository/com/google/guava/guava/15.0/guava-15.0.jar
7ffe32064000-7ffe3206e000 r--s 0005c000 08:13 532560                     /home/adrian/.m2/repository/javax/servlet/jstl/1.2/jstl-1.2.jar
7ffe3206e000-7ffe32071000 r--s 00019000 08:13 529866                     /home/adrian/.m2/repository/commons-pool/commons-pool/1.6/commons-pool-1.6.jar
7ffe32071000-7ffe32076000 r--s 00048000 08:13 527609                     /home/adrian/.m2/repository/dom4j/dom4j/1.6.1/dom4j-1.6.1.jar
7ffe32076000-7ffe3207a000 r--s 00019000 08:13 532545                     /home/adrian/.m2/repository/org/aspectj/aspectjrt/1.6.10/aspectjrt-1.6.10.jar
7ffe3207a000-7ffe3207b000 r--s 00000000 08:13 531493                     /home/adrian/.m2/repository/org/springframework/boot/spring-boot-starter/1.1.1.RELEASE/spring-boot-starter-1.1.1.RELEASE.jar
7ffe3207b000-7ffe3207c000 r--s 00002000 08:13 531626                     /home/adrian/.m2/repository/org/atteo/evo-inflector/1.1/evo-inflector-1.1.jar
7ffe3207c000-7ffe32086000 r--s 0004a000 08:13 933564                     /home/adrian/.m2/repository/org/springframework/security/spring-security-web/3.2.4.RELEASE/spring-security-web-3.2.4.RELEASE.jar
7ffe32086000-7ffe3208d000 r--s 0003a000 08:13 1059314                    /home/adrian/.m2/repository/commons-codec/commons-codec/1.9/commons-codec-1.9.jar
7ffe3208d000-7ffe32094000 r--s 00036000 08:13 532442                     /home/adrian/.m2/repository/org/springframework/spring-tx/4.0.2.RELEASE/spring-tx-4.0.2.RELEASE.jar
7ffe32094000-7ffe32099000 r--s 00017000 08:13 529698                     /home/adrian/.m2/repository/org/hibernate/javax/persistence/hibernate-jpa-2.1-api/1.0.0.Final/hibernate-jpa-2.1-api-1.0.0.Final.jar
7ffe32099000-7ffe3209c000 r--s 00015000 08:13 790259                     /home/adrian/.m2/repository/javax/servlet/javax.servlet-api/3.1.0/javax.servlet-api-3.1.0.jar
7ffe3209c000-7ffe3209d000 r--s 00005000 08:13 532544                     /home/adrian/.m2/repository/com/googlecode/json-simple/json-simple/1.1.1/json-simple-1.1.1.jar
7ffe3209d000-7ffe320aa000 r--s 00095000 08:13 532334                     /home/adrian/.m2/repository/org/springframework/spring-webmvc/4.0.2.RELEASE/spring-webmvc-4.0.2.RELEASE.jar
7ffe320aa000-7ffe320ae000 r--s 00016000 08:13 531620                     /home/adrian/.m2/repository/org/springframework/data/spring-data-rest-core/2.1.0.RELEASE/spring-data-rest-core-2.1.0.RELEASE.jar
7ffe320ae000-7ffe320b3000 r--s 00035000 08:13 531716                     /home/adrian/.m2/repository/commons-beanutils/commons-beanutils/1.9.2/commons-beanutils-1.9.2.jar
7ffe320b3000-7ffe320c1000 r--s 0007f000 08:13 527708                     /home/adrian/.m2/repository/commons-collections/commons-collections/3.2.1/commons-collections-3.2.1.jar
7ffe320c1000-7ffe320ca000 r--s 0004e000 08:13 532436                     /home/adrian/.m2/repository/org/springframework/spring-aop/4.0.2.RELEASE/spring-aop-4.0.2.RELEASE.jar
7ffe320ca000-7ffe320cc000 r--s 00011000 08:13 528860                     /home/adrian/.m2/repository/org/jboss/jandex/1.1.0.Final/jandex-1.1.0.Final.jar
7ffe320cc000-7ffe320d0000 r--s 0000c000 08:13 531517                     /home/adrian/.m2/repository/javax/validation/validation-api/1.1.0.Final/validation-api-1.1.0.Final.jar
7ffe320d0000-7ffe320d1000 r--s 00002000 08:13 528852                     /home/adrian/.m2/repository/org/jboss/logging/jboss-logging-annotations/1.2.0.Beta1/jboss-logging-annotations-1.2.0.Beta1.jar
7ffe320d1000-7ffe320d9000 r--s 00059000 08:13 532543                     /home/adrian/.m2/repository/com/github/dandelion/datatables-core/0.9.3/datatables-core-0.9.3.jar
7ffe320d9000-7ffe320db000 r--s 0000c000 08:13 528844                     /home/adrian/.m2/repository/org/jboss/logging/jboss-logging/3.1.3.GA/jboss-logging-3.1.3.GA.jar
7ffe320db000-7ffe320e3000 r--s 00044000 08:13 531500                     /home/adrian/.m2/repository/org/springframework/boot/spring-boot/1.1.1.RELEASE/spring-boot-1.1.1.RELEASE.jar
7ffe320e3000-7ffe320fb000 r--s 001aa000 08:13 531676                     /home/adrian/.m2/repository/org/aspectj/aspectjweaver/1.8.0/aspectjweaver-1.8.0.jar
7ffe320fb000-7ffe320fd000 r--s 00000000 08:13 525500                     /home/adrian/.m2/repository/org/slf4j/jul-to-slf4j/1.7.7/jul-to-slf4j-1.7.7.jar
7ffe320fd000-7ffe320ff000 r--s 00008000 08:13 531511                     /home/adrian/.m2/repository/org/apache/tomcat/embed/tomcat-embed-logging-juli/7.0.54/tomcat-embed-logging-juli-7.0.54.jar
7ffe320ff000-7ffe32103000 r--s 00032000 08:13 532541                     /home/adrian/.m2/repository/org/thymeleaf/thymeleaf-spring3/2.1.0.RELEASE/thymeleaf-spring3-2.1.0.RELEASE.jar
7ffe32103000-7ffe32104000 r--s 00000000 08:13 531665                     /home/adrian/.m2/repository/org/springframework/boot/spring-boot-starter-jdbc/1.1.1.RELEASE/spring-boot-starter-jdbc-1.1.1.RELEASE.jar
7ffe32104000-7ffe32106000 r--s 0000b000 08:13 532446                     /home/adrian/.m2/repository/org/springframework/spring-aspects/4.0.2.RELEASE/spring-aspects-4.0.2.RELEASE.jar
7ffe32106000-7ffe32164000 r--s 0049c000 08:13 525523                     /home/adrian/.m2/repository/org/hibernate/hibernate-core/4.3.1.Final/hibernate-core-4.3.1.Final.jar
7ffe32164000-7ffe32173000 r--s 00094000 08:13 532339                     /home/adrian/.m2/repository/org/springframework/spring-web/4.0.2.RELEASE/spring-web-4.0.2.RELEASE.jar
7ffe32173000-7ffe32177000 r--s 0002e000 08:13 532434                     /home/adrian/.m2/repository/org/springframework/spring-expression/4.0.2.RELEASE/spring-expression-4.0.2.RELEASE.jar
7ffe32177000-7ffe3217b000 r--s 0001a000 08:13 532542                     /home/adrian/.m2/repository/com/github/dandelion/datatables-thymeleaf/0.9.3/datatables-thymeleaf-0.9.3.jar
7ffe3217b000-7ffe32187000 r--s 00064000 08:13 531621                     /home/adrian/.m2/repository/org/springframework/data/spring-data-commons/1.8.0.RELEASE/spring-data-commons-1.8.0.RELEASE.jar
7ffe32187000-7ffe3219e000 r--s 000d7000 08:13 532437                     /home/adrian/.m2/repository/org/springframework/spring-context/4.0.2.RELEASE/spring-context-4.0.2.RELEASE.jar
7ffe3219e000-7ffe321a9000 r--s 0004d000 08:13 933563                     /home/adrian/.m2/repository/org/springframework/security/spring-security-core/3.2.4.RELEASE/spring-security-core-3.2.4.RELEASE.jar
7ffe321a9000-7ffe321aa000 r--s 00000000 08:13 531505                     /home/adrian/.m2/repository/org/springframework/boot/spring-boot-starter-tomcat/1.1.1.RELEASE/spring-boot-starter-tomcat-1.1.1.RELEASE.jar
7ffe321aa000-7ffe321ac000 r--s 00008000 08:13 531674                     /home/adrian/.m2/repository/org/apache/tomcat/tomcat-juli/7.0.54/tomcat-juli-7.0.54.jar
7ffe321ac000-7ffe321af000 r--s 00010000 08:13 529703                     /home/adrian/.m2/repository/org/hibernate/common/hibernate-commons-annotations/4.0.4.Final/hibernate-commons-annotations-4.0.4.Final.jar
7ffe321af000-7ffe321b1000 r--s 0001d000 08:13 531677                     /home/adrian/.m2/repository/org/apache/tomcat/tomcat-jdbc/7.0.54/tomcat-jdbc-7.0.54.jar
7ffe321b1000-7ffe321b3000 r--s 00000000 08:13 529859                     /home/adrian/.m2/repository/aopalliance/aopalliance/1.0/aopalliance-1.0.jar
7ffe321b3000-7ffe321b5000 r--s 00006000 08:13 532540                     /home/adrian/.m2/repository/org/thymeleaf/extras/thymeleaf-extras-springsecurity3/2.1.0.RELEASE/thymeleaf-extras-springsecurity3-2.1.0.RELEASE.jar
7ffe321b5000-7ffe321b7000 r--s 0000b000 08:13 532575                     /home/adrian/.m2/repository/javax/servlet/jsp/javax.servlet.jsp-api/2.2.1/javax.servlet.jsp-api-2.2.1.jar
7ffe321b7000-7ffe321bb000 r--s 00035000 08:13 532539                     /home/adrian/.m2/repository/org/thymeleaf/thymeleaf-spring4/2.1.2.RELEASE/thymeleaf-spring4-2.1.2.RELEASE.jar
7ffe321bb000-7ffe321be000 r--s 0002e000 08:13 531100                     /home/adrian/.m2/repository/com/fasterxml/jackson/core/jackson-core/2.3.3/jackson-core-2.3.3.jar
7ffe321be000-7ffe321c3000 r--s 00068000 08:13 529803                     /home/adrian/.m2/repository/antlr/antlr/2.7.7/antlr-2.7.7.jar
7ffe321c3000-7ffe321d0000 r--s 00097000 08:13 532433                     /home/adrian/.m2/repository/org/springframework/spring-beans/4.0.2.RELEASE/spring-beans-4.0.2.RELEASE.jar
7ffe321d0000-7ffe321da000 r--s 0005d000 08:13 532439                     /home/adrian/.m2/repository/org/springframework/spring-jdbc/4.0.2.RELEASE/spring-jdbc-4.0.2.RELEASE.jar
7ffe321da000-7ffe321dc000 r--s 00007000 08:13 531512                     /home/adrian/.m2/repository/com/fasterxml/jackson/core/jackson-annotations/2.3.3/jackson-annotations-2.3.3.jar
7ffe321dc000-7ffe321e2000 r--s 0003d000 08:13 525505                     /home/adrian/.m2/repository/org/yaml/snakeyaml/1.13/snakeyaml-1.13.jar
7ffe321e2000-7ffe321e8000 r--s 0003d000 08:13 525506                     /home/adrian/.m2/repository/ch/qos/logback/logback-classic/1.1.2/logback-classic-1.1.2.jar
7ffe321e8000-7ffe321f6000 r--s 00090000 08:13 525522                     /home/adrian/.m2/repository/org/hibernate/hibernate-entitymanager/4.3.1.Final/hibernate-entitymanager-4.3.1.Final.jar
7ffe321f6000-7ffe321f9000 r--s 00035000 08:13 532287                     /home/adrian/.m2/repository/ognl/ognl/3.0.6/ognl-3.0.6.jar
7ffe321f9000-7ffe321fe000 r--s 00016000 08:13 524936                     /home/adrian/.m2/repository/xml-apis/xml-apis/1.0.b2/xml-apis-1.0.b2.jar
7ffe321fe000-7ffe32201000 r--s 00019000 08:13 529898                     /home/adrian/.m2/repository/com/jolbox/bonecp/0.8.0.RELEASE/bonecp-0.8.0.RELEASE.jar
7ffe32201000-7ffe32204000 r--s 0000c000 08:13 1059951                    /home/adrian/.m2/repository/commons-fileupload/commons-fileupload/1.2.1/commons-fileupload-1.2.1.jar
7ffe32204000-7ffe3220d000 r--s 0006f000 08:13 527669                     /home/adrian/.m2/repository/log4j/log4j/1.2.17/log4j-1.2.17.jar
7ffe3220d000-7ffe32210000 r--s 00028000 08:13 531514                     /home/adrian/.m2/repository/org/apache/tomcat/embed/tomcat-embed-el/7.0.54/tomcat-embed-el-7.0.54.jar
7ffe32210000-7ffe32219000 r--s 000e0000 08:13 531693                     /home/adrian/.m2/repository/mysql/mysql-connector-java/5.1.30/mysql-connector-java-5.1.30.jar
7ffe32219000-7ffe3221b000 r--s 00003000 08:13 525492                     /home/adrian/.m2/repository/org/slf4j/jcl-over-slf4j/1.7.7/jcl-over-slf4j-1.7.7.jar
7ffe3221b000-7ffe3221d000 r--s 00006000 08:13 525507                     /home/adrian/.m2/repository/org/slf4j/slf4j-api/1.7.7/slf4j-api-1.7.7.jar
7ffe3221d000-7ffe32223000 r--s 0002d000 08:13 531680                     /home/adrian/.m2/repository/org/springframework/data/spring-data-jpa/1.6.0.RELEASE/spring-data-jpa-1.6.0.RELEASE.jar
7ffe32223000-7ffe32226000 r--s 00025000 08:13 527732                     /home/adrian/.m2/repository/commons-dbcp/commons-dbcp/1.4/commons-dbcp-1.4.jar
7ffe32226000-7ffe32233000 r--s 00080000 08:13 531516                     /home/adrian/.m2/repository/org/hibernate/hibernate-validator/5.0.3.Final/hibernate-validator-5.0.3.Final.jar
7ffe32233000-7ffe32254000 r--s 00266000 08:13 531533                     /home/adrian/.m2/repository/org/apache/tomcat/embed/tomcat-embed-core/7.0.54/tomcat-embed-core-7.0.54.jar
7ffe32254000-7ffe32255000 ---p 00000000 00:00 0 
7ffe32255000-7ffe32355000 rw-p 00000000 00:00 0                          [stack:15008]
7ffe32355000-7ffe32358000 ---p 00000000 00:00 0 
7ffe32358000-7ffe32456000 rw-p 00000000 00:00 0                          [stack:15007]
7ffe32456000-7ffe32459000 ---p 00000000 00:00 0 
7ffe32459000-7ffe32557000 rw-p 00000000 00:00 0                          [stack:15006]
7ffe32557000-7ffe3255a000 ---p 00000000 00:00 0 
7ffe3255a000-7ffe32658000 rw-p 00000000 00:00 0                          [stack:15005]
7ffe32658000-7ffe3265b000 ---p 00000000 00:00 0 
7ffe3265b000-7ffe32759000 rw-p 00000000 00:00 0                          [stack:15004]
7ffe32759000-7ffe328e2000 r--p 00000000 08:12 675145                     /usr/lib/locale/locale-archive
7ffe328e2000-7ffe328e5000 ---p 00000000 00:00 0 
7ffe328e5000-7ffe329e3000 rw-p 00000000 00:00 0                          [stack:15003]
7ffe329e3000-7ffe329e6000 ---p 00000000 00:00 0 
7ffe329e6000-7ffe32ae4000 rw-p 00000000 00:00 0                          [stack:15002]
7ffe32ae4000-7ffe32ae5000 ---p 00000000 00:00 0 
7ffe32ae5000-7ffe34000000 rw-p 00000000 00:00 0                          [stack:15001]
7ffe34000000-7ffe34021000 rw-p 00000000 00:00 0 
7ffe34021000-7ffe38000000 ---p 00000000 00:00 0 
7ffe38000000-7ffe38001000 r--s 00000000 08:13 531489                     /home/adrian/.m2/repository/org/springframework/boot/spring-boot-starter-web/1.1.1.RELEASE/spring-boot-starter-web-1.1.1.RELEASE.jar
7ffe38001000-7ffe38005000 r--s 0001e000 08:13 531525                     /home/adrian/.m2/repository/org/springframework/hateoas/spring-hateoas/0.12.0.RELEASE/spring-hateoas-0.12.0.RELEASE.jar
7ffe38005000-7ffe3800f000 r--s 000a5000 08:13 529676                     /home/adrian/.m2/repository/org/javassist/javassist/3.18.1-GA/javassist-3.18.1-GA.jar
7ffe3800f000-7ffe38017000 r--s 0005c000 08:13 933566                     /home/adrian/.m2/repository/org/springframework/security/spring-security-config/3.2.4.RELEASE/spring-security-config-3.2.4.RELEASE.jar
7ffe38017000-7ffe3886a000 rw-p 00000000 00:00 0 
7ffe3886a000-7ffe38a29000 r--s 039e2000 08:12 1968612                    /opt/java/jre/lib/rt.jar
7ffe38a29000-7ffe38eff000 rw-p 00000000 00:00 0 
7ffe38eff000-7ffe38f00000 ---p 00000000 00:00 0 
7ffe38f00000-7ffe39000000 rw-p 00000000 00:00 0                          [stack:15000]
7ffe39000000-7ffe39270000 rwxp 00000000 00:00 0 
7ffe39270000-7ffe3caf8000 rw-p 00000000 00:00 0 
7ffe3caf8000-7ffe40000000 ---p 00000000 00:00 0 
7ffe40000000-7ffe40001000 r--s 00006000 08:13 528824                     /home/adrian/.m2/repository/org/jboss/spec/javax/transaction/jboss-transaction-api_1.2_spec/1.0.0.Final/jboss-transaction-api_1.2_spec-1.0.0.Final.jar
7ffe40001000-7ffe40003000 r--s 0000d000 08:13 531522                     /home/adrian/.m2/repository/com/fasterxml/classmate/1.0.0/classmate-1.0.0.jar
7ffe40003000-7ffe40010000 r--s 000b3000 08:13 532538                     /home/adrian/.m2/repository/org/thymeleaf/thymeleaf/2.1.2.RELEASE/thymeleaf-2.1.2.RELEASE.jar
7ffe40010000-7ffe40082000 rw-p 00000000 00:00 0 
7ffe40082000-7ffe40083000 ---p 00000000 00:00 0 
7ffe40083000-7ffe40183000 rw-p 00000000 00:00 0                          [stack:14999]
7ffe40183000-7ffe40184000 ---p 00000000 00:00 0 
7ffe40184000-7ffe40284000 rw-p 00000000 00:00 0                          [stack:14998]
7ffe40284000-7ffe40285000 ---p 00000000 00:00 0 
7ffe40285000-7ffe40385000 rw-p 00000000 00:00 0                          [stack:14997]
7ffe40385000-7ffe40386000 ---p 00000000 00:00 0 
7ffe40386000-7ffe40486000 rw-p 00000000 00:00 0                          [stack:14996]
7ffe40486000-7ffe40487000 ---p 00000000 00:00 0 
7ffe40487000-7ffe40587000 rw-p 00000000 00:00 0                          [stack:14995]
7ffe40587000-7ffe40588000 ---p 00000000 00:00 0 
7ffe40588000-7ffe40688000 rw-p 00000000 00:00 0                          [stack:14994]
7ffe40688000-7ffe40689000 ---p 00000000 00:00 0 
7ffe40689000-7ffe407b2000 rw-p 00000000 00:00 0                          [stack:14993]
7ffe407b2000-7ffe40a1c000 rw-p 00000000 00:00 0 
7ffe40a1c000-7ffe40a28000 rw-p 00000000 00:00 0 
7ffe40a28000-7ffe40a45000 rw-p 00000000 00:00 0 
7ffe40a45000-7ffe40a6e000 rw-p 00000000 00:00 0 
7ffe40a6e000-7ffe40cd7000 rw-p 00000000 00:00 0 
7ffe40cd7000-7ffe40d5d000 rw-p 00000000 00:00 0 
7ffe40d5d000-7ffe40e21000 rw-p 00000000 00:00 0 
7ffe40e21000-7ffe40e22000 rw-p 00000000 00:00 0 
7ffe40e22000-7ffe40e3c000 r-xp 00000000 08:12 1972079                    /opt/java/jre/lib/amd64/libzip.so
7ffe40e3c000-7ffe4103c000 ---p 0001a000 08:12 1972079                    /opt/java/jre/lib/amd64/libzip.so
7ffe4103c000-7ffe4103d000 rw-p 0001a000 08:12 1972079                    /opt/java/jre/lib/amd64/libzip.so
7ffe4103d000-7ffe41048000 r-xp 00000000 08:12 658691                     /usr/lib/libnss_files-2.19.so
7ffe41048000-7ffe41247000 ---p 0000b000 08:12 658691                     /usr/lib/libnss_files-2.19.so
7ffe41247000-7ffe41248000 r--p 0000a000 08:12 658691                     /usr/lib/libnss_files-2.19.so
7ffe41248000-7ffe41249000 rw-p 0000b000 08:12 658691                     /usr/lib/libnss_files-2.19.so
7ffe41249000-7ffe41272000 r-xp 00000000 08:12 1972064                    /opt/java/jre/lib/amd64/libjava.so
7ffe41272000-7ffe41472000 ---p 00029000 08:12 1972064                    /opt/java/jre/lib/amd64/libjava.so
7ffe41472000-7ffe41474000 rw-p 00029000 08:12 1972064                    /opt/java/jre/lib/amd64/libjava.so
7ffe41474000-7ffe41481000 r-xp 00000000 08:12 1972034                    /opt/java/jre/lib/amd64/libverify.so
7ffe41481000-7ffe41680000 ---p 0000d000 08:12 1972034                    /opt/java/jre/lib/amd64/libverify.so
7ffe41680000-7ffe41682000 rw-p 0000c000 08:12 1972034                    /opt/java/jre/lib/amd64/libverify.so
7ffe41682000-7ffe41689000 r-xp 00000000 08:12 658692                     /usr/lib/librt-2.19.so
7ffe41689000-7ffe41888000 ---p 00007000 08:12 658692                     /usr/lib/librt-2.19.so
7ffe41888000-7ffe41889000 r--p 00006000 08:12 658692                     /usr/lib/librt-2.19.so
7ffe41889000-7ffe4188a000 rw-p 00007000 08:12 658692                     /usr/lib/librt-2.19.so
7ffe4188a000-7ffe4198d000 r-xp 00000000 08:12 658627                     /usr/lib/libm-2.19.so
7ffe4198d000-7ffe41b8c000 ---p 00103000 08:12 658627                     /usr/lib/libm-2.19.so
7ffe41b8c000-7ffe41b8d000 r--p 00102000 08:12 658627                     /usr/lib/libm-2.19.so
7ffe41b8d000-7ffe41b8e000 rw-p 00103000 08:12 658627                     /usr/lib/libm-2.19.so
7ffe41b8e000-7ffe426fe000 r-xp 00000000 08:12 1972085                    /opt/java/jre/lib/amd64/server/libjvm.so
7ffe426fe000-7ffe428fd000 ---p 00b70000 08:12 1972085                    /opt/java/jre/lib/amd64/server/libjvm.so
7ffe428fd000-7ffe429c1000 rw-p 00b6f000 08:12 1972085                    /opt/java/jre/lib/amd64/server/libjvm.so
7ffe429c1000-7ffe42a02000 rw-p 00000000 00:00 0 
7ffe42a02000-7ffe42ba6000 r-xp 00000000 08:12 658700                     /usr/lib/libc-2.19.so
7ffe42ba6000-7ffe42da6000 ---p 001a4000 08:12 658700                     /usr/lib/libc-2.19.so
7ffe42da6000-7ffe42daa000 r--p 001a4000 08:12 658700                     /usr/lib/libc-2.19.so
7ffe42daa000-7ffe42dac000 rw-p 001a8000 08:12 658700                     /usr/lib/libc-2.19.so
7ffe42dac000-7ffe42db0000 rw-p 00000000 00:00 0 
7ffe42db0000-7ffe42db3000 r-xp 00000000 08:12 658644                     /usr/lib/libdl-2.19.so
7ffe42db3000-7ffe42fb2000 ---p 00003000 08:12 658644                     /usr/lib/libdl-2.19.so
7ffe42fb2000-7ffe42fb3000 r--p 00002000 08:12 658644                     /usr/lib/libdl-2.19.so
7ffe42fb3000-7ffe42fb4000 rw-p 00003000 08:12 658644                     /usr/lib/libdl-2.19.so
7ffe42fb4000-7ffe42fca000 r-xp 00000000 08:12 1972089                    /opt/java/jre/lib/amd64/jli/libjli.so
7ffe42fca000-7ffe431ca000 ---p 00016000 08:12 1972089                    /opt/java/jre/lib/amd64/jli/libjli.so
7ffe431ca000-7ffe431cb000 rw-p 00016000 08:12 1972089                    /opt/java/jre/lib/amd64/jli/libjli.so
7ffe431cb000-7ffe431e3000 r-xp 00000000 08:12 658718                     /usr/lib/libpthread-2.19.so
7ffe431e3000-7ffe433e3000 ---p 00018000 08:12 658718                     /usr/lib/libpthread-2.19.so
7ffe433e3000-7ffe433e4000 r--p 00018000 08:12 658718                     /usr/lib/libpthread-2.19.so
7ffe433e4000-7ffe433e5000 rw-p 00019000 08:12 658718                     /usr/lib/libpthread-2.19.so
7ffe433e5000-7ffe433e9000 rw-p 00000000 00:00 0 
7ffe433e9000-7ffe4340a000 r-xp 00000000 08:12 658673                     /usr/lib/ld-2.19.so
7ffe4340a000-7ffe4340b000 r--s 00000000 08:13 531503                     /home/adrian/.m2/repository/org/springframework/boot/spring-boot-starter-logging/1.1.1.RELEASE/spring-boot-starter-logging-1.1.1.RELEASE.jar
7ffe4340b000-7ffe43415000 rw-p 00000000 00:00 0 
7ffe43415000-7ffe434cb000 rw-p 00000000 00:00 0 
7ffe434cb000-7ffe434ce000 ---p 00000000 00:00 0 
7ffe434ce000-7ffe435d1000 rw-p 00000000 00:00 0                          [stack:14992]
7ffe435d1000-7ffe435d2000 r--s 00000000 08:13 531667                     /home/adrian/.m2/repository/org/springframework/boot/spring-boot-starter-aop/1.1.1.RELEASE/spring-boot-starter-aop-1.1.1.RELEASE.jar
7ffe435d2000-7ffe435d3000 r--s 00005000 08:13 525501                     /home/adrian/.m2/repository/org/slf4j/log4j-over-slf4j/1.7.7/log4j-over-slf4j-1.7.7.jar
7ffe435d3000-7ffe435d4000 r--s 00000000 08:13 531671                     /home/adrian/.m2/repository/org/springframework/boot/spring-boot-starter-data-jpa/1.1.1.RELEASE/spring-boot-starter-data-jpa-1.1.1.RELEASE.jar
7ffe435d4000-7ffe435d6000 r--s 00009000 08:13 531529                     /home/adrian/.m2/repository/org/objenesis/objenesis/2.1/objenesis-2.1.jar
7ffe435d6000-7ffe435e2000 rw-p 00000000 00:00 0 
7ffe435e2000-7ffe435ff000 rw-p 00000000 00:00 0 
7ffe435ff000-7ffe43607000 rw-s 00000000 00:21 931080                     /tmp/hsperfdata_adrian/14991
7ffe43607000-7ffe43608000 rw-p 00000000 00:00 0 
7ffe43608000-7ffe43609000 ---p 00000000 00:00 0 
7ffe43609000-7ffe4360a000 r--p 00020000 08:12 658673                     /usr/lib/ld-2.19.so
7ffe4360a000-7ffe4360b000 rw-p 00021000 08:12 658673                     /usr/lib/ld-2.19.so
7ffe4360b000-7ffe4360c000 rw-p 00000000 00:00 0 
7fff94ece000-7fff94ef1000 rw-p 00000000 00:00 0                          [stack]
7fff94ffe000-7fff95000000 r-xp 00000000 00:00 0                          [vdso]
ffffffffff600000-ffffffffff601000 r-xp 00000000 00:00 0                  [vsyscall]

VM Arguments:
java_command: es.telocompro.TelocomproMain
Launcher Type: SUN_STANDARD

Environment Variables:
JAVA_HOME=/opt/java
PATH=/usr/local/sbin:/usr/local/bin:/usr/bin:/opt/android-sdk/tools:/usr/share/java/gradle/bin:/opt/java/bin:/opt/java/db/bin:/opt/java/jre/bin:/usr/bin/site_perl:/usr/bin/vendor_perl:/usr/bin/core_perl
SHELL=/usr/bin/zsh
DISPLAY=:0.0

Signal Handlers:
SIGSEGV: [libjvm.so+0x99f0f0], sa_mask[0]=0x7ffbfeff, sa_flags=0x10000004
SIGBUS: [libjvm.so+0x99f0f0], sa_mask[0]=0x7ffbfeff, sa_flags=0x10000004
SIGFPE: [libjvm.so+0x81a6d0], sa_mask[0]=0x7ffbfeff, sa_flags=0x10000004
SIGPIPE: [libjvm.so+0x81a6d0], sa_mask[0]=0x7ffbfeff, sa_flags=0x10000004
SIGXFSZ: [libjvm.so+0x81a6d0], sa_mask[0]=0x7ffbfeff, sa_flags=0x10000004
SIGILL: [libjvm.so+0x81a6d0], sa_mask[0]=0x7ffbfeff, sa_flags=0x10000004
SIGUSR1: SIG_DFL, sa_mask[0]=0x00000000, sa_flags=0x00000000
SIGUSR2: [libjvm.so+0x81bed0], sa_mask[0]=0x00000004, sa_flags=0x10000004
SIGHUP: [libjvm.so+0x81cfd0], sa_mask[0]=0x7ffbfeff, sa_flags=0x10000004
SIGINT: [libjvm.so+0x81cfd0], sa_mask[0]=0x7ffbfeff, sa_flags=0x10000004
SIGTERM: [libjvm.so+0x81cfd0], sa_mask[0]=0x7ffbfeff, sa_flags=0x10000004
SIGQUIT: [libjvm.so+0x81cfd0], sa_mask[0]=0x7ffbfeff, sa_flags=0x10000004


---------------  S Y S T E M  ---------------

OS:Linux
uname:Linux 3.15.1-1-ARCH #1 SMP PREEMPT Tue Jun 17 09:32:20 CEST 2014 x86_64
libc:glibc 2.19 NPTL 2.19 
rlimit: STACK 8192k, CORE 0k, NPROC 31300, NOFILE 4096, AS infinity
load average:2,49 1,53 0,98

/proc/meminfo:
MemTotal:        8091136 kB
MemFree:          127548 kB
MemAvailable:     127180 kB
Buffers:            1428 kB
Cached:          1178904 kB
SwapCached:            0 kB
Active:          6631128 kB
Inactive:         979364 kB
Active(anon):    6576668 kB
Inactive(anon):   925020 kB
Active(file):      54460 kB
Inactive(file):    54344 kB
Unevictable:        1180 kB
Mlocked:            1180 kB
SwapTotal:             0 kB
SwapFree:              0 kB
Dirty:               148 kB
Writeback:             0 kB
AnonPages:       6430284 kB
Mapped:           204272 kB
Shmem:           1072808 kB
Slab:             102688 kB
SReclaimable:      59388 kB
SUnreclaim:        43300 kB
KernelStack:       13744 kB
PageTables:        56412 kB
NFS_Unstable:          0 kB
Bounce:                0 kB
WritebackTmp:          0 kB
CommitLimit:     4045568 kB
Committed_AS:   13678368 kB
VmallocTotal:   34359738367 kB
VmallocUsed:      577544 kB
VmallocChunk:   34359108528 kB
HardwareCorrupted:     0 kB
AnonHugePages:   2605056 kB
HugePages_Total:       0
HugePages_Free:        0
HugePages_Rsvd:        0
HugePages_Surp:        0
Hugepagesize:       2048 kB
DirectMap4k:      180992 kB
DirectMap2M:     4972544 kB
DirectMap1G:     3145728 kB


CPU:total 8 (4 cores per cpu, 2 threads per core) family 6 model 60 stepping 3, cmov, cx8, fxsr, mmx, sse, sse2, sse3, ssse3, sse4.1, sse4.2, popcnt, avx, avx2, aes, erms, ht, tsc, tscinvbit

/proc/cpuinfo:
processor	: 0
vendor_id	: GenuineIntel
cpu family	: 6
model		: 60
model name	: Intel(R) Core(TM) i7-4702MQ CPU @ 2.20GHz
stepping	: 3
microcode	: 0x10
cpu MHz		: 2899.960
cache size	: 6144 KB
physical id	: 0
siblings	: 8
core id		: 0
cpu cores	: 4
apicid		: 0
initial apicid	: 0
fpu		: yes
fpu_exception	: yes
cpuid level	: 13
wp		: yes
flags		: fpu vme de pse tsc msr pae mce cx8 apic sep mtrr pge mca cmov pat pse36 clflush dts acpi mmx fxsr sse sse2 ss ht tm pbe syscall nx pdpe1gb rdtscp lm constant_tsc arch_perfmon pebs bts rep_good nopl xtopology nonstop_tsc aperfmperf eagerfpu pni pclmulqdq dtes64 monitor ds_cpl vmx est tm2 ssse3 fma cx16 xtpr pdcm pcid sse4_1 sse4_2 movbe popcnt tsc_deadline_timer aes xsave avx f16c rdrand lahf_lm abm ida arat epb xsaveopt pln pts dtherm tpr_shadow vnmi flexpriority ept vpid fsgsbase tsc_adjust bmi1 avx2 smep bmi2 erms invpcid
bogomips	: 4391.73
clflush size	: 64
cache_alignment	: 64
address sizes	: 39 bits physical, 48 bits virtual
power management:

processor	: 1
vendor_id	: GenuineIntel
cpu family	: 6
model		: 60
model name	: Intel(R) Core(TM) i7-4702MQ CPU @ 2.20GHz
stepping	: 3
microcode	: 0x10
cpu MHz		: 2900.046
cache size	: 6144 KB
physical id	: 0
siblings	: 8
core id		: 0
cpu cores	: 4
apicid		: 1
initial apicid	: 1
fpu		: yes
fpu_exception	: yes
cpuid level	: 13
wp		: yes
flags		: fpu vme de pse tsc msr pae mce cx8 apic sep mtrr pge mca cmov pat pse36 clflush dts acpi mmx fxsr sse sse2 ss ht tm pbe syscall nx pdpe1gb rdtscp lm constant_tsc arch_perfmon pebs bts rep_good nopl xtopology nonstop_tsc aperfmperf eagerfpu pni pclmulqdq dtes64 monitor ds_cpl vmx est tm2 ssse3 fma cx16 xtpr pdcm pcid sse4_1 sse4_2 movbe popcnt tsc_deadline_timer aes xsave avx f16c rdrand lahf_lm abm ida arat epb xsaveopt pln pts dtherm tpr_shadow vnmi flexpriority ept vpid fsgsbase tsc_adjust bmi1 avx2 smep bmi2 erms invpcid
bogomips	: 4391.73
clflush size	: 64
cache_alignment	: 64
address sizes	: 39 bits physical, 48 bits virtual
power management:

processor	: 2
vendor_id	: GenuineIntel
cpu family	: 6
model		: 60
model name	: Intel(R) Core(TM) i7-4702MQ CPU @ 2.20GHz
stepping	: 3
microcode	: 0x10
cpu MHz		: 2900.046
cache size	: 6144 KB
physical id	: 0
siblings	: 8
core id		: 1
cpu cores	: 4
apicid		: 2
initial apicid	: 2
fpu		: yes
fpu_exception	: yes
cpuid level	: 13
wp		: yes
flags		: fpu vme de pse tsc msr pae mce cx8 apic sep mtrr pge mca cmov pat pse36 clflush dts acpi mmx fxsr sse sse2 ss ht tm pbe syscall nx pdpe1gb rdtscp lm constant_tsc arch_perfmon pebs bts rep_good nopl xtopology nonstop_tsc aperfmperf eagerfpu pni pclmulqdq dtes64 monitor ds_cpl vmx est tm2 ssse3 fma cx16 xtpr pdcm pcid sse4_1 sse4_2 movbe popcnt tsc_deadline_timer aes xsave avx f16c rdrand lahf_lm abm ida arat epb xsaveopt pln pts dtherm tpr_shadow vnmi flexpriority ept vpid fsgsbase tsc_adjust bmi1 avx2 smep bmi2 erms invpcid
bogomips	: 4391.73
clflush size	: 64
cache_alignment	: 64
address sizes	: 39 bits physical, 48 bits virtual
power management:

processor	: 3
vendor_id	: GenuineIntel
cpu family	: 6
model		: 60
model name	: Intel(R) Core(TM) i7-4702MQ CPU @ 2.20GHz
stepping	: 3
microcode	: 0x10
cpu MHz		: 2900.046
cache size	: 6144 KB
physical id	: 0
siblings	: 8
core id		: 1
cpu cores	: 4
apicid		: 3
initial apicid	: 3
fpu		: yes
fpu_exception	: yes
cpuid level	: 13
wp		: yes
flags		: fpu vme de pse tsc msr pae mce cx8 apic sep mtrr pge mca cmov pat pse36 clflush dts acpi mmx fxsr sse sse2 ss ht tm pbe syscall nx pdpe1gb rdtscp lm constant_tsc arch_perfmon pebs bts rep_good nopl xtopology nonstop_tsc aperfmperf eagerfpu pni pclmulqdq dtes64 monitor ds_cpl vmx est tm2 ssse3 fma cx16 xtpr pdcm pcid sse4_1 sse4_2 movbe popcnt tsc_deadline_timer aes xsave avx f16c rdrand lahf_lm abm ida arat epb xsaveopt pln pts dtherm tpr_shadow vnmi flexpriority ept vpid fsgsbase tsc_adjust bmi1 avx2 smep bmi2 erms invpcid
bogomips	: 4391.73
clflush size	: 64
cache_alignment	: 64
address sizes	: 39 bits physical, 48 bits virtual
power management:

processor	: 4
vendor_id	: GenuineIntel
cpu family	: 6
model		: 60
model name	: Intel(R) Core(TM) i7-4702MQ CPU @ 2.20GHz
stepping	: 3
microcode	: 0x10
cpu MHz		: 2899.960
cache size	: 6144 KB
physical id	: 0
siblings	: 8
core id		: 2
cpu cores	: 4
apicid		: 4
initial apicid	: 4
fpu		: yes
fpu_exception	: yes
cpuid level	: 13
wp		: yes
flags		: fpu vme de pse tsc msr pae mce cx8 apic sep mtrr pge mca cmov pat pse36 clflush dts acpi mmx fxsr sse sse2 ss ht tm pbe syscall nx pdpe1gb rdtscp lm constant_tsc arch_perfmon pebs bts rep_good nopl xtopology nonstop_tsc aperfmperf eagerfpu pni pclmulqdq dtes64 monitor ds_cpl vmx est tm2 ssse3 fma cx16 xtpr pdcm pcid sse4_1 sse4_2 movbe popcnt tsc_deadline_timer aes xsave avx f16c rdrand lahf_lm abm ida arat epb xsaveopt pln pts dtherm tpr_shadow vnmi flexpriority ept vpid fsgsbase tsc_adjust bmi1 avx2 smep bmi2 erms invpcid
bogomips	: 4391.73
clflush size	: 64
cache_alignment	: 64
address sizes	: 39 bits physical, 48 bits virtual
power management:

processor	: 5
vendor_id	: GenuineIntel
cpu family	: 6
model		: 60
model name	: Intel(R) Core(TM) i7-4702MQ CPU @ 2.20GHz
stepping	: 3
microcode	: 0x10
cpu MHz		: 2900.046
cache size	: 6144 KB
physical id	: 0
siblings	: 8
core id		: 2
cpu cores	: 4
apicid		: 5
initial apicid	: 5
fpu		: yes
fpu_exception	: yes
cpuid level	: 13
wp		: yes
flags		: fpu vme de pse tsc msr pae mce cx8 apic sep mtrr pge mca cmov pat pse36 clflush dts acpi mmx fxsr sse sse2 ss ht tm pbe syscall nx pdpe1gb rdtscp lm constant_tsc arch_perfmon pebs bts rep_good nopl xtopology nonstop_tsc aperfmperf eagerfpu pni pclmulqdq dtes64 monitor ds_cpl vmx est tm2 ssse3 fma cx16 xtpr pdcm pcid sse4_1 sse4_2 movbe popcnt tsc_deadline_timer aes xsave avx f16c rdrand lahf_lm abm ida arat epb xsaveopt pln pts dtherm tpr_shadow vnmi flexpriority ept vpid fsgsbase tsc_adjust bmi1 avx2 smep bmi2 erms invpcid
bogomips	: 4391.73
clflush size	: 64
cache_alignment	: 64
address sizes	: 39 bits physical, 48 bits virtual
power management:

processor	: 6
vendor_id	: GenuineIntel
cpu family	: 6
model		: 60
model name	: Intel(R) Core(TM) i7-4702MQ CPU @ 2.20GHz
stepping	: 3
microcode	: 0x10
cpu MHz		: 2899.960
cache size	: 6144 KB
physical id	: 0
siblings	: 8
core id		: 3
cpu cores	: 4
apicid		: 6
initial apicid	: 6
fpu		: yes
fpu_exception	: yes
cpuid level	: 13
wp		: yes
flags		: fpu vme de pse tsc msr pae mce cx8 apic sep mtrr pge mca cmov pat pse36 clflush dts acpi mmx fxsr sse sse2 ss ht tm pbe syscall nx pdpe1gb rdtscp lm constant_tsc arch_perfmon pebs bts rep_good nopl xtopology nonstop_tsc aperfmperf eagerfpu pni pclmulqdq dtes64 monitor ds_cpl vmx est tm2 ssse3 fma cx16 xtpr pdcm pcid sse4_1 sse4_2 movbe popcnt tsc_deadline_timer aes xsave avx f16c rdrand lahf_lm abm ida arat epb xsaveopt pln pts dtherm tpr_shadow vnmi flexpriority ept vpid fsgsbase tsc_adjust bmi1 avx2 smep bmi2 erms invpcid
bogomips	: 4391.73
clflush size	: 64
cache_alignment	: 64
address sizes	: 39 bits physical, 48 bits virtual
power management:

processor	: 7
vendor_id	: GenuineIntel
cpu family	: 6
model		: 60
model name	: Intel(R) Core(TM) i7-4702MQ CPU @ 2.20GHz
stepping	: 3
microcode	: 0x10
cpu MHz		: 2899.960
cache size	: 6144 KB
physical id	: 0
siblings	: 8
core id		: 3
cpu cores	: 4
apicid		: 7
initial apicid	: 7
fpu		: yes
fpu_exception	: yes
cpuid level	: 13
wp		: yes
flags		: fpu vme de pse tsc msr pae mce cx8 apic sep mtrr pge mca cmov pat pse36 clflush dts acpi mmx fxsr sse sse2 ss ht tm pbe syscall nx pdpe1gb rdtscp lm constant_tsc arch_perfmon pebs bts rep_good nopl xtopology nonstop_tsc aperfmperf eagerfpu pni pclmulqdq dtes64 monitor ds_cpl vmx est tm2 ssse3 fma cx16 xtpr pdcm pcid sse4_1 sse4_2 movbe popcnt tsc_deadline_timer aes xsave avx f16c rdrand lahf_lm abm ida arat epb xsaveopt pln pts dtherm tpr_shadow vnmi flexpriority ept vpid fsgsbase tsc_adjust bmi1 avx2 smep bmi2 erms invpcid
bogomips	: 4391.73
clflush size	: 64
cache_alignment	: 64
address sizes	: 39 bits physical, 48 bits virtual
power management:



Memory: 4k page, physical 8091136k(128052k free), swap 0k(0k free)

vm_info: Java HotSpot(TM) 64-Bit Server VM (24.60-b09) for linux-amd64 JRE (1.7.0_60-b19), built on May  7 2014 13:18:30 by "java_re" with gcc 4.3.0 20080428 (Red Hat 4.3.0-8)

time: Fri Jun 27 00:58:24 2014
elapsed time: 5 seconds

